

Microchip MPLAB XC8 Assembler V2.10 build 88905656 
                                                                                               Sun Apr 12 18:20:38 2020

Microchip MPLAB XC8 C Compiler v2.10 (Free license) build 20190730164152 Og1 
     1                           	processor	18F4550
     2                           	fnconf	rparam,??,?,0
     3                           	opt	pw 120
     4                           	opt	flic
     5                           	psect	idataCOMRAM,global,class=CODE,delta=1,noexec
     6                           	psect	cinit,global,reloc=2,class=CODE,delta=1
     7                           	psect	dataCOMRAM,global,class=COMRAM,space=1,delta=1,noexec
     8                           	psect	cstackCOMRAM,global,class=COMRAM,space=1,delta=1,noexec
     9                           	psect	text0,global,reloc=2,class=CODE,delta=1
    10                           	psect	text1,global,reloc=2,class=CODE,delta=1
    11                           	psect	text2,global,reloc=2,class=CODE,delta=1
    12                           	psect	text3,global,reloc=2,class=CODE,delta=1
    13                           	psect	text4,global,reloc=2,class=CODE,delta=1
    14                           	psect	text5,global,reloc=2,class=CODE,delta=1
    15                           	psect	intsave_regs,global,class=BIGRAM,space=1,delta=1,noexec
    16                           	psect	rparam,global,class=COMRAM,space=1,delta=1,noexec
    17  0000                     
    18                           ; Version 2.10
    19                           ; Generated 31/07/2019 GMT
    20                           ; 
    21                           ; Copyright © 2019, Microchip Technology Inc. and its subsidiaries ("Microchip")
    22                           ; All rights reserved.
    23                           ; 
    24                           ; This software is developed by Microchip Technology Inc. and its subsidiaries ("Microch
      +                          ip").
    25                           ; 
    26                           ; Redistribution and use in source and binary forms, with or without modification, are
    27                           ; permitted provided that the following conditions are met:
    28                           ; 
    29                           ;     1. Redistributions of source code must retain the above copyright notice, this lis
      +                          t of
    30                           ;        conditions and the following disclaimer.
    31                           ; 
    32                           ;     2. Redistributions in binary form must reproduce the above copyright notice, this 
      +                          list
    33                           ;        of conditions and the following disclaimer in the documentation and/or other
    34                           ;        materials provided with the distribution.
    35                           ; 
    36                           ;     3. Microchip's name may not be used to endorse or promote products derived from th
      +                          is
    37                           ;        software without specific prior written permission.
    38                           ; 
    39                           ; THIS SOFTWARE IS PROVIDED BY MICROCHIP "AS IS" AND ANY EXPRESS OR IMPLIED WARRANTIES,
    40                           ; INCLUDING, BUT NOT LIMITED TO, THE IMPLIED WARRANTIES OF MERCHANTABILITY AND FITNESS F
      +                          OR
    41                           ; PURPOSE ARE DISCLAIMED.  IN NO EVENT SHALL MICROCHIP BE LIABLE FOR ANY DIRECT, INDIREC
      +                          T,
    42                           ; INCIDENTAL, SPECIAL, EXEMPLARY, OR CONSEQUENTIAL DAMAGES (INCLUDING BUT NOT LIMITED TO
    43                           ; PROCUREMENT OF SUBSTITUTE GOODS OR SERVICES; LOSS OF USE, DATA OR PROFITS; OR BUSINESS
    44                           ; INTERRUPTION) HOWSOEVER CAUSED AND ON ANY THEORY OF LIABILITY, WHETHER IN CONTRACT, ST
      +                          RICT
    45                           ; LIABILITY, OR TORT (INCLUDING NEGLIGENCE OR OTHERWISE) ARISING IN ANY WAY OUT OF THE U
      +                          SE OF
    46                           ; THIS SOFTWARE, EVEN IF ADVISED OF THE POSSIBILITY OF SUCH DAMAGE.
    47                           ; 
    48                           ; 
    49                           ; Code-generator required, PIC18F4550 Definitions
    50                           ; 
    51                           ; SFR Addresses
    52  0000                     
    53                           	psect	idataCOMRAM
    54  00793D                     __pidataCOMRAM:
    55                           	opt callstack 0
    56                           
    57                           ;initializer for _velocidad
    58  00793D  0001               	dw	1
    59  00793F  0000               	dw	0
    60                           
    61                           ;initializer for _juego
    62  007941  01                 	db	1
    63  0000                     _PORTBbits	set	3969
    64  0000                     _TRISD	set	3989
    65  0000                     _INTCON2bits	set	4081
    66  0000                     _TRISBbits	set	3987
    67  0000                     _LATB	set	3978
    68  0000                     _LATD	set	3980
    69  0000                     _ADCON1bits	set	4033
    70  0000                     _RB1	set	31753
    71                           
    72                           ; #config settings
    73  0000                     
    74                           	psect	cinit
    75  00795C                     __pcinit:
    76                           	opt callstack 0
    77  00795C                     start_initialization:
    78                           	opt callstack 0
    79  00795C                     __initialization:
    80                           	opt callstack 0
    81                           
    82                           ; Initialize objects allocated to COMRAM (5 bytes)
    83                           ; load TBLPTR registers with __pidataCOMRAM
    84  00795C  0E3D               	movlw	low __pidataCOMRAM
    85  00795E  6EF6               	movwf	tblptrl,c
    86  007960  0E79               	movlw	high __pidataCOMRAM
    87  007962  6EF7               	movwf	tblptrh,c
    88  007964  0E00               	movlw	low (__pidataCOMRAM shr (0+16))
    89  007966  6EF8               	movwf	tblptru,c
    90  007968  EE00  F001         	lfsr	0,__pdataCOMRAM
    91  00796C  EE10 F005          	lfsr	1,5
    92  007970                     copy_data0:
    93  007970  0009               	tblrd		*+
    94  007972  CFF5 FFEE          	movff	tablat,postinc0
    95  007976  50E5               	movf	postdec1,w,c
    96  007978  50E1               	movf	fsr1l,w,c
    97  00797A  E1FA               	bnz	copy_data0
    98  00797C                     end_of_initialization:
    99                           	opt callstack 0
   100  00797C                     __end_of__initialization:
   101                           	opt callstack 0
   102  00797C  0E00               	movlw	low (__Lmediumconst shr (0+16))
   103  00797E  6EF8               	movwf	tblptru,c
   104  007980  0100               	movlb	0
   105  007982  EFC3  F03C         	goto	_main	;jump to C main() function
   106                           
   107                           	psect	dataCOMRAM
   108  000001                     __pdataCOMRAM:
   109                           	opt callstack 0
   110  000001                     _velocidad:
   111                           	opt callstack 0
   112  000001                     	ds	4
   113  000005                     _juego:
   114                           	opt callstack 0
   115  000005                     	ds	1
   116                           
   117                           	psect	cstackCOMRAM
   118  000006                     __pcstackCOMRAM:
   119                           	opt callstack 0
   120  000006                     ??_Luces_Uno:
   121  000006                     ??_Luces_Dos:
   122  000006                     ??_Luces_Tres:
   123  000006                     ??_Luces_Cuatro:
   124  000006                     
   125                           ; 1 bytes @ 0x0
   126  000006                     	ds	2
   127  000008                     ??_main:
   128                           
   129                           ; 1 bytes @ 0x2
   130  000008                     	ds	2
   131                           
   132 ;;
   133 ;;Main: autosize = 0, tempsize = 2, incstack = 0, save=0
   134 ;;
   135 ;; *************** function _main *****************
   136 ;; Defined at:
   137 ;;		line 33 in file "main.c"
   138 ;; Parameters:    Size  Location     Type
   139 ;;		None
   140 ;; Auto vars:     Size  Location     Type
   141 ;;		None
   142 ;; Return value:  Size  Location     Type
   143 ;;                  1    wreg      void 
   144 ;; Registers used:
   145 ;;		wreg, status,2, status,0, cstack
   146 ;; Tracked objects:
   147 ;;		On entry : 0/0
   148 ;;		On exit  : 0/0
   149 ;;		Unchanged: 0/0
   150 ;; Data sizes:     COMRAM   BANK0   BANK1   BANK2   BANK3   BANK4   BANK5   BANK6   BANK7
   151 ;;      Params:         0       0       0       0       0       0       0       0       0
   152 ;;      Locals:         0       0       0       0       0       0       0       0       0
   153 ;;      Temps:          2       0       0       0       0       0       0       0       0
   154 ;;      Totals:         2       0       0       0       0       0       0       0       0
   155 ;;Total ram usage:        2 bytes
   156 ;; Hardware stack levels required when called:    1
   157 ;; This function calls:
   158 ;;		_InitPort
   159 ;;		_Luces_Cuatro
   160 ;;		_Luces_Dos
   161 ;;		_Luces_Tres
   162 ;;		_Luces_Uno
   163 ;; This function is called by:
   164 ;;		Startup code after reset
   165 ;; This function uses a non-reentrant model
   166 ;;
   167                           
   168                           	psect	text0
   169  007986                     __ptext0:
   170                           	opt callstack 0
   171  007986                     _main:
   172                           	opt callstack 30
   173  007986                     
   174                           ;main.c: 34:     InitPort();
   175  007986  ECA1  F03C         	call	_InitPort	;wreg free
   176  00798A                     l963:
   177                           
   178                           ;main.c: 36:     {;main.c: 37:         if(PORTBbits.RB0 != 1)
   179  00798A  B081               	btfsc	129,0,c	;volatile
   180  00798C  EFCA  F03C         	goto	u251
   181  007990  EFCC  F03C         	goto	u250
   182  007994                     u251:
   183  007994  EFF2  F03C         	goto	l983
   184  007998                     u250:
   185  007998                     
   186                           ;main.c: 38:         {;main.c: 39:             _delay((unsigned long)((20)*(2000000L/400
      +                          0.0)));
   187  007998  0E0D               	movlw	13
   188  00799A  6E08               	movwf	??_main^0,c
   189  00799C  0EFC               	movlw	252
   190  00799E                     u277:
   191  00799E  2EE8               	decfsz	wreg,f,c
   192  0079A0  D7FE               	bra	u277
   193  0079A2  2E08               	decfsz	??_main^0,f,c
   194  0079A4  D7FC               	bra	u277
   195  0079A6                     
   196                           ;main.c: 40:             juego = juego + 1;
   197  0079A6  2805               	incf	_juego^0,w,c
   198  0079A8  6E05               	movwf	_juego^0,c
   199  0079AA                     
   200                           ;main.c: 41:             if(juego == 5){juego = 1;}
   201  0079AA  0E05               	movlw	5
   202  0079AC  1805               	xorwf	_juego^0,w,c
   203  0079AE  A4D8               	btfss	status,2,c
   204  0079B0  EFDC  F03C         	goto	u261
   205  0079B4  EFDE  F03C         	goto	u260
   206  0079B8                     u261:
   207  0079B8  EFF2  F03C         	goto	l983
   208  0079BC                     u260:
   209  0079BC  0E01               	movlw	1
   210  0079BE  6E05               	movwf	_juego^0,c
   211  0079C0  EFF2  F03C         	goto	l983
   212  0079C4                     l973:
   213                           
   214                           ;main.c: 47:                 Luces_Uno();
   215  0079C4  EC44  F03F         	call	_Luces_Uno	;wreg free
   216                           
   217                           ;main.c: 48:                 break;
   218  0079C8  EFC5  F03C         	goto	l963
   219  0079CC                     l975:
   220                           
   221                           ;main.c: 50:                 Luces_Dos();
   222  0079CC  EC11  F03D         	call	_Luces_Dos	;wreg free
   223                           
   224                           ;main.c: 51:                 break;
   225  0079D0  EFC5  F03C         	goto	l963
   226  0079D4                     l977:
   227                           
   228                           ;main.c: 53:                 Luces_Tres();
   229  0079D4  EC88  F03E         	call	_Luces_Tres	;wreg free
   230                           
   231                           ;main.c: 54:                 break;
   232  0079D8  EFC5  F03C         	goto	l963
   233  0079DC                     l979:
   234                           
   235                           ;main.c: 56:                 Luces_Cuatro();
   236  0079DC  ECCC  F03D         	call	_Luces_Cuatro	;wreg free
   237                           
   238                           ;main.c: 57:                 break;
   239  0079E0  EFC5  F03C         	goto	l963
   240  0079E4                     l983:
   241  0079E4  5005               	movf	_juego^0,w,c
   242  0079E6  6E08               	movwf	??_main^0,c
   243  0079E8  6A09               	clrf	(??_main+1)^0,c
   244                           
   245                           ; Switch on 2 bytes has been partitioned into a top level switch of size 1, and 1 sub-sw
      +                          itches
   246                           ; Switch size 1, requested type "simple"
   247                           ; Number of cases is 1, Range of values is 0 to 0
   248                           ; switch strategies available:
   249                           ; Name         Instructions Cycles
   250                           ; simple_byte            4     3 (average)
   251                           ;	Chosen strategy is simple_byte
   252  0079EA  5009               	movf	(??_main+1)^0,w,c
   253  0079EC  0A00               	xorlw	0	; case 0
   254  0079EE  B4D8               	btfsc	status,2,c
   255  0079F0  EFFC  F03C         	goto	l993
   256  0079F4  EFC5  F03C         	goto	l963
   257  0079F8                     l993:
   258                           
   259                           ; Switch size 1, requested type "simple"
   260                           ; Number of cases is 4, Range of values is 1 to 4
   261                           ; switch strategies available:
   262                           ; Name         Instructions Cycles
   263                           ; simple_byte           13     7 (average)
   264                           ;	Chosen strategy is simple_byte
   265  0079F8  5008               	movf	??_main^0,w,c
   266  0079FA  0A01               	xorlw	1	; case 1
   267  0079FC  B4D8               	btfsc	status,2,c
   268  0079FE  EFE2  F03C         	goto	l973
   269  007A02  0A03               	xorlw	3	; case 2
   270  007A04  B4D8               	btfsc	status,2,c
   271  007A06  EFE6  F03C         	goto	l975
   272  007A0A  0A01               	xorlw	1	; case 3
   273  007A0C  B4D8               	btfsc	status,2,c
   274  007A0E  EFEA  F03C         	goto	l977
   275  007A12  0A07               	xorlw	7	; case 4
   276  007A14  B4D8               	btfsc	status,2,c
   277  007A16  EFEE  F03C         	goto	l979
   278  007A1A  EFC5  F03C         	goto	l963
   279  007A1E  EF00  F000         	goto	start
   280  007A22                     __end_of_main:
   281                           	opt callstack 0
   282                           
   283 ;; *************** function _Luces_Uno *****************
   284 ;; Defined at:
   285 ;;		line 62 in file "main.c"
   286 ;; Parameters:    Size  Location     Type
   287 ;;		None
   288 ;; Auto vars:     Size  Location     Type
   289 ;;		None
   290 ;; Return value:  Size  Location     Type
   291 ;;                  1    wreg      void 
   292 ;; Registers used:
   293 ;;		wreg, status,2, status,0
   294 ;; Tracked objects:
   295 ;;		On entry : 0/0
   296 ;;		On exit  : 0/0
   297 ;;		Unchanged: 0/0
   298 ;; Data sizes:     COMRAM   BANK0   BANK1   BANK2   BANK3   BANK4   BANK5   BANK6   BANK7
   299 ;;      Params:         0       0       0       0       0       0       0       0       0
   300 ;;      Locals:         0       0       0       0       0       0       0       0       0
   301 ;;      Temps:          2       0       0       0       0       0       0       0       0
   302 ;;      Totals:         2       0       0       0       0       0       0       0       0
   303 ;;Total ram usage:        2 bytes
   304 ;; Hardware stack levels used:    1
   305 ;; This function calls:
   306 ;;		Nothing
   307 ;; This function is called by:
   308 ;;		_main
   309 ;; This function uses a non-reentrant model
   310 ;;
   311                           
   312                           	psect	text1
   313  007E88                     __ptext1:
   314                           	opt callstack 0
   315  007E88                     _Luces_Uno:
   316                           	opt callstack 30
   317  007E88                     
   318                           ;main.c: 64:     LATD = 0xAA;
   319  007E88  0EAA               	movlw	170
   320  007E8A  6E8C               	movwf	140,c	;volatile
   321  007E8C                     
   322                           ;main.c: 65:     if(velocidad == 1){_delay((unsigned long)((1000)*(2000000L/4000.0)));LA
      +                          TD = 0x00;_delay((unsigned long)((1000)*(2000000L/4000.0)));}
   323  007E8C  0401               	decf	_velocidad^0,w,c
   324  007E8E  1002               	iorwf	(_velocidad+1)^0,w,c
   325  007E90  1003               	iorwf	(_velocidad+2)^0,w,c
   326  007E92  1004               	iorwf	(_velocidad+3)^0,w,c
   327  007E94  A4D8               	btfss	status,2,c
   328  007E96  EF4F  F03F         	goto	u11
   329  007E9A  EF51  F03F         	goto	u10
   330  007E9E                     u11:
   331  007E9E  EF6B  F03F         	goto	l795
   332  007EA2                     u10:
   333  007EA2  0E03               	movlw	3
   334  007EA4  6E07               	movwf	(??_Luces_Uno+1)^0,c
   335  007EA6  0E8A               	movlw	138
   336  007EA8  6E06               	movwf	??_Luces_Uno^0,c
   337  007EAA  0E56               	movlw	86
   338  007EAC                     u287:
   339  007EAC  2EE8               	decfsz	wreg,f,c
   340  007EAE  D7FE               	bra	u287
   341  007EB0  2E06               	decfsz	??_Luces_Uno^0,f,c
   342  007EB2  D7FC               	bra	u287
   343  007EB4  2E07               	decfsz	(??_Luces_Uno+1)^0,f,c
   344  007EB6  D7FA               	bra	u287
   345  007EB8  0E00               	movlw	0
   346  007EBA  6E8C               	movwf	140,c	;volatile
   347  007EBC  0E03               	movlw	3
   348  007EBE  6E07               	movwf	(??_Luces_Uno+1)^0,c
   349  007EC0  0E8A               	movlw	138
   350  007EC2  6E06               	movwf	??_Luces_Uno^0,c
   351  007EC4  0E56               	movlw	86
   352  007EC6                     u297:
   353  007EC6  2EE8               	decfsz	wreg,f,c
   354  007EC8  D7FE               	bra	u297
   355  007ECA  2E06               	decfsz	??_Luces_Uno^0,f,c
   356  007ECC  D7FC               	bra	u297
   357  007ECE  2E07               	decfsz	(??_Luces_Uno+1)^0,f,c
   358  007ED0  D7FA               	bra	u297
   359  007ED2  EFD1  F03F         	goto	l819
   360  007ED6                     l795:
   361  007ED6  0E02               	movlw	2
   362  007ED8  1801               	xorwf	_velocidad^0,w,c
   363  007EDA  1002               	iorwf	(_velocidad+1)^0,w,c
   364  007EDC  1003               	iorwf	(_velocidad+2)^0,w,c
   365  007EDE  1004               	iorwf	(_velocidad+3)^0,w,c
   366  007EE0  A4D8               	btfss	status,2,c
   367  007EE2  EF75  F03F         	goto	u21
   368  007EE6  EF77  F03F         	goto	u20
   369  007EEA                     u21:
   370  007EEA  EF91  F03F         	goto	l803
   371  007EEE                     u20:
   372  007EEE  0E02               	movlw	2
   373  007EF0  6E07               	movwf	(??_Luces_Uno+1)^0,c
   374  007EF2  0E45               	movlw	69
   375  007EF4  6E06               	movwf	??_Luces_Uno^0,c
   376  007EF6  0EAA               	movlw	170
   377  007EF8                     u307:
   378  007EF8  2EE8               	decfsz	wreg,f,c
   379  007EFA  D7FE               	bra	u307
   380  007EFC  2E06               	decfsz	??_Luces_Uno^0,f,c
   381  007EFE  D7FC               	bra	u307
   382  007F00  2E07               	decfsz	(??_Luces_Uno+1)^0,f,c
   383  007F02  D7FA               	bra	u307
   384  007F04  0E00               	movlw	0
   385  007F06  6E8C               	movwf	140,c	;volatile
   386  007F08  0E02               	movlw	2
   387  007F0A  6E07               	movwf	(??_Luces_Uno+1)^0,c
   388  007F0C  0E45               	movlw	69
   389  007F0E  6E06               	movwf	??_Luces_Uno^0,c
   390  007F10  0EAA               	movlw	170
   391  007F12                     u317:
   392  007F12  2EE8               	decfsz	wreg,f,c
   393  007F14  D7FE               	bra	u317
   394  007F16  2E06               	decfsz	??_Luces_Uno^0,f,c
   395  007F18  D7FC               	bra	u317
   396  007F1A  2E07               	decfsz	(??_Luces_Uno+1)^0,f,c
   397  007F1C  D7FA               	bra	u317
   398  007F1E  EFD1  F03F         	goto	l819
   399  007F22                     l803:
   400  007F22  0E03               	movlw	3
   401  007F24  1801               	xorwf	_velocidad^0,w,c
   402  007F26  1002               	iorwf	(_velocidad+1)^0,w,c
   403  007F28  1003               	iorwf	(_velocidad+2)^0,w,c
   404  007F2A  1004               	iorwf	(_velocidad+3)^0,w,c
   405  007F2C  A4D8               	btfss	status,2,c
   406  007F2E  EF9B  F03F         	goto	u31
   407  007F32  EF9D  F03F         	goto	u30
   408  007F36                     u31:
   409  007F36  EFB1  F03F         	goto	l811
   410  007F3A                     u30:
   411  007F3A  0EA3               	movlw	163
   412  007F3C  6E06               	movwf	??_Luces_Uno^0,c
   413  007F3E  0E55               	movlw	85
   414  007F40                     u327:
   415  007F40  2EE8               	decfsz	wreg,f,c
   416  007F42  D7FE               	bra	u327
   417  007F44  2E06               	decfsz	??_Luces_Uno^0,f,c
   418  007F46  D7FC               	bra	u327
   419  007F48  F000               	nop	
   420  007F4A  0E00               	movlw	0
   421  007F4C  6E8C               	movwf	140,c	;volatile
   422  007F4E  0EA3               	movlw	163
   423  007F50  6E06               	movwf	??_Luces_Uno^0,c
   424  007F52  0E55               	movlw	85
   425  007F54                     u337:
   426  007F54  2EE8               	decfsz	wreg,f,c
   427  007F56  D7FE               	bra	u337
   428  007F58  2E06               	decfsz	??_Luces_Uno^0,f,c
   429  007F5A  D7FC               	bra	u337
   430  007F5C  F000               	nop	
   431  007F5E  EFD1  F03F         	goto	l819
   432  007F62                     l811:
   433  007F62  0E04               	movlw	4
   434  007F64  1801               	xorwf	_velocidad^0,w,c
   435  007F66  1002               	iorwf	(_velocidad+1)^0,w,c
   436  007F68  1003               	iorwf	(_velocidad+2)^0,w,c
   437  007F6A  1004               	iorwf	(_velocidad+3)^0,w,c
   438  007F6C  A4D8               	btfss	status,2,c
   439  007F6E  EFBB  F03F         	goto	u41
   440  007F72  EFBD  F03F         	goto	u40
   441  007F76                     u41:
   442  007F76  EFD1  F03F         	goto	l55
   443  007F7A                     u40:
   444  007F7A  0E41               	movlw	65
   445  007F7C  6E06               	movwf	??_Luces_Uno^0,c
   446  007F7E  0EEE               	movlw	238
   447  007F80                     u347:
   448  007F80  2EE8               	decfsz	wreg,f,c
   449  007F82  D7FE               	bra	u347
   450  007F84  2E06               	decfsz	??_Luces_Uno^0,f,c
   451  007F86  D7FC               	bra	u347
   452  007F88  D000               	nop2	
   453  007F8A  0E00               	movlw	0
   454  007F8C  6E8C               	movwf	140,c	;volatile
   455  007F8E  0E41               	movlw	65
   456  007F90  6E06               	movwf	??_Luces_Uno^0,c
   457  007F92  0EEE               	movlw	238
   458  007F94                     u357:
   459  007F94  2EE8               	decfsz	wreg,f,c
   460  007F96  D7FE               	bra	u357
   461  007F98  2E06               	decfsz	??_Luces_Uno^0,f,c
   462  007F9A  D7FC               	bra	u357
   463  007F9C  D000               	nop2	
   464  007F9E  EFD1  F03F         	goto	l819
   465  007FA2                     l55:
   466  007FA2                     l819:
   467                           
   468                           ;main.c: 69:     if(PORTBbits.RB1 == 0)
   469  007FA2  B281               	btfsc	129,1,c	;volatile
   470  007FA4  EFD6  F03F         	goto	u51
   471  007FA8  EFD8  F03F         	goto	u50
   472  007FAC                     u51:
   473  007FAC  EFFF  F03F         	goto	l61
   474  007FB0                     u50:
   475  007FB0                     
   476                           ;main.c: 70:     {;main.c: 71:         _delay((unsigned long)((20)*(2000000L/4000.0)));
   477  007FB0  0E0D               	movlw	13
   478  007FB2  6E06               	movwf	??_Luces_Uno^0,c
   479  007FB4  0EFC               	movlw	252
   480  007FB6                     u367:
   481  007FB6  2EE8               	decfsz	wreg,f,c
   482  007FB8  D7FE               	bra	u367
   483  007FBA  2E06               	decfsz	??_Luces_Uno^0,f,c
   484  007FBC  D7FC               	bra	u367
   485  007FBE                     
   486                           ;main.c: 72:         velocidad = velocidad + 1;
   487  007FBE  0E01               	movlw	1
   488  007FC0  2401               	addwf	_velocidad^0,w,c
   489  007FC2  6E01               	movwf	_velocidad^0,c
   490  007FC4  0E00               	movlw	0
   491  007FC6  2002               	addwfc	(_velocidad+1)^0,w,c
   492  007FC8  6E02               	movwf	(_velocidad+1)^0,c
   493  007FCA  0E00               	movlw	0
   494  007FCC  2003               	addwfc	(_velocidad+2)^0,w,c
   495  007FCE  6E03               	movwf	(_velocidad+2)^0,c
   496  007FD0  0E00               	movlw	0
   497  007FD2  2004               	addwfc	(_velocidad+3)^0,w,c
   498  007FD4  6E04               	movwf	(_velocidad+3)^0,c
   499  007FD6                     
   500                           ;main.c: 73:         if(velocidad == 5){velocidad = 1;}
   501  007FD6  0E05               	movlw	5
   502  007FD8  1801               	xorwf	_velocidad^0,w,c
   503  007FDA  1002               	iorwf	(_velocidad+1)^0,w,c
   504  007FDC  1003               	iorwf	(_velocidad+2)^0,w,c
   505  007FDE  1004               	iorwf	(_velocidad+3)^0,w,c
   506  007FE0  A4D8               	btfss	status,2,c
   507  007FE2  EFF5  F03F         	goto	u61
   508  007FE6  EFF7  F03F         	goto	u60
   509  007FEA                     u61:
   510  007FEA  EFFF  F03F         	goto	l61
   511  007FEE                     u60:
   512  007FEE  0E01               	movlw	1
   513  007FF0  6E01               	movwf	_velocidad^0,c
   514  007FF2  0E00               	movlw	0
   515  007FF4  6E02               	movwf	(_velocidad+1)^0,c
   516  007FF6  0E00               	movlw	0
   517  007FF8  6E03               	movwf	(_velocidad+2)^0,c
   518  007FFA  0E00               	movlw	0
   519  007FFC  6E04               	movwf	(_velocidad+3)^0,c
   520  007FFE                     l61:
   521  007FFE  0012               	return		;funcret
   522  008000                     __end_of_Luces_Uno:
   523                           	opt callstack 0
   524                           
   525 ;; *************** function _Luces_Tres *****************
   526 ;; Defined at:
   527 ;;		line 92 in file "main.c"
   528 ;; Parameters:    Size  Location     Type
   529 ;;		None
   530 ;; Auto vars:     Size  Location     Type
   531 ;;		None
   532 ;; Return value:  Size  Location     Type
   533 ;;                  1    wreg      void 
   534 ;; Registers used:
   535 ;;		wreg, status,2, status,0
   536 ;; Tracked objects:
   537 ;;		On entry : 0/0
   538 ;;		On exit  : 0/0
   539 ;;		Unchanged: 0/0
   540 ;; Data sizes:     COMRAM   BANK0   BANK1   BANK2   BANK3   BANK4   BANK5   BANK6   BANK7
   541 ;;      Params:         0       0       0       0       0       0       0       0       0
   542 ;;      Locals:         0       0       0       0       0       0       0       0       0
   543 ;;      Temps:          2       0       0       0       0       0       0       0       0
   544 ;;      Totals:         2       0       0       0       0       0       0       0       0
   545 ;;Total ram usage:        2 bytes
   546 ;; Hardware stack levels used:    1
   547 ;; This function calls:
   548 ;;		Nothing
   549 ;; This function is called by:
   550 ;;		_main
   551 ;; This function uses a non-reentrant model
   552 ;;
   553                           
   554                           	psect	text2
   555  007D10                     __ptext2:
   556                           	opt callstack 0
   557  007D10                     _Luces_Tres:
   558                           	opt callstack 30
   559  007D10                     
   560                           ;main.c: 94:     LATD = 0x66;
   561  007D10  0E66               	movlw	102
   562  007D12  6E8C               	movwf	140,c	;volatile
   563  007D14                     
   564                           ;main.c: 95:     if(velocidad == 1){_delay((unsigned long)((1000)*(2000000L/4000.0)));LA
      +                          TD = 0x00;_delay((unsigned long)((1000)*(2000000L/4000.0)));}
   565  007D14  0401               	decf	_velocidad^0,w,c
   566  007D16  1002               	iorwf	(_velocidad+1)^0,w,c
   567  007D18  1003               	iorwf	(_velocidad+2)^0,w,c
   568  007D1A  1004               	iorwf	(_velocidad+3)^0,w,c
   569  007D1C  A4D8               	btfss	status,2,c
   570  007D1E  EF93  F03E         	goto	u131
   571  007D22  EF95  F03E         	goto	u130
   572  007D26                     u131:
   573  007D26  EFAF  F03E         	goto	l883
   574  007D2A                     u130:
   575  007D2A  0E03               	movlw	3
   576  007D2C  6E07               	movwf	(??_Luces_Tres+1)^0,c
   577  007D2E  0E8A               	movlw	138
   578  007D30  6E06               	movwf	??_Luces_Tres^0,c
   579  007D32  0E56               	movlw	86
   580  007D34                     u377:
   581  007D34  2EE8               	decfsz	wreg,f,c
   582  007D36  D7FE               	bra	u377
   583  007D38  2E06               	decfsz	??_Luces_Tres^0,f,c
   584  007D3A  D7FC               	bra	u377
   585  007D3C  2E07               	decfsz	(??_Luces_Tres+1)^0,f,c
   586  007D3E  D7FA               	bra	u377
   587  007D40  0E00               	movlw	0
   588  007D42  6E8C               	movwf	140,c	;volatile
   589  007D44  0E03               	movlw	3
   590  007D46  6E07               	movwf	(??_Luces_Tres+1)^0,c
   591  007D48  0E8A               	movlw	138
   592  007D4A  6E06               	movwf	??_Luces_Tres^0,c
   593  007D4C  0E56               	movlw	86
   594  007D4E                     u387:
   595  007D4E  2EE8               	decfsz	wreg,f,c
   596  007D50  D7FE               	bra	u387
   597  007D52  2E06               	decfsz	??_Luces_Tres^0,f,c
   598  007D54  D7FC               	bra	u387
   599  007D56  2E07               	decfsz	(??_Luces_Tres+1)^0,f,c
   600  007D58  D7FA               	bra	u387
   601  007D5A  EF15  F03F         	goto	l907
   602  007D5E                     l883:
   603  007D5E  0E02               	movlw	2
   604  007D60  1801               	xorwf	_velocidad^0,w,c
   605  007D62  1002               	iorwf	(_velocidad+1)^0,w,c
   606  007D64  1003               	iorwf	(_velocidad+2)^0,w,c
   607  007D66  1004               	iorwf	(_velocidad+3)^0,w,c
   608  007D68  A4D8               	btfss	status,2,c
   609  007D6A  EFB9  F03E         	goto	u141
   610  007D6E  EFBB  F03E         	goto	u140
   611  007D72                     u141:
   612  007D72  EFD5  F03E         	goto	l891
   613  007D76                     u140:
   614  007D76  0E02               	movlw	2
   615  007D78  6E07               	movwf	(??_Luces_Tres+1)^0,c
   616  007D7A  0E45               	movlw	69
   617  007D7C  6E06               	movwf	??_Luces_Tres^0,c
   618  007D7E  0EAA               	movlw	170
   619  007D80                     u397:
   620  007D80  2EE8               	decfsz	wreg,f,c
   621  007D82  D7FE               	bra	u397
   622  007D84  2E06               	decfsz	??_Luces_Tres^0,f,c
   623  007D86  D7FC               	bra	u397
   624  007D88  2E07               	decfsz	(??_Luces_Tres+1)^0,f,c
   625  007D8A  D7FA               	bra	u397
   626  007D8C  0E00               	movlw	0
   627  007D8E  6E8C               	movwf	140,c	;volatile
   628  007D90  0E02               	movlw	2
   629  007D92  6E07               	movwf	(??_Luces_Tres+1)^0,c
   630  007D94  0E45               	movlw	69
   631  007D96  6E06               	movwf	??_Luces_Tres^0,c
   632  007D98  0EAA               	movlw	170
   633  007D9A                     u407:
   634  007D9A  2EE8               	decfsz	wreg,f,c
   635  007D9C  D7FE               	bra	u407
   636  007D9E  2E06               	decfsz	??_Luces_Tres^0,f,c
   637  007DA0  D7FC               	bra	u407
   638  007DA2  2E07               	decfsz	(??_Luces_Tres+1)^0,f,c
   639  007DA4  D7FA               	bra	u407
   640  007DA6  EF15  F03F         	goto	l907
   641  007DAA                     l891:
   642  007DAA  0E03               	movlw	3
   643  007DAC  1801               	xorwf	_velocidad^0,w,c
   644  007DAE  1002               	iorwf	(_velocidad+1)^0,w,c
   645  007DB0  1003               	iorwf	(_velocidad+2)^0,w,c
   646  007DB2  1004               	iorwf	(_velocidad+3)^0,w,c
   647  007DB4  A4D8               	btfss	status,2,c
   648  007DB6  EFDF  F03E         	goto	u151
   649  007DBA  EFE1  F03E         	goto	u150
   650  007DBE                     u151:
   651  007DBE  EFF5  F03E         	goto	l899
   652  007DC2                     u150:
   653  007DC2  0EA3               	movlw	163
   654  007DC4  6E06               	movwf	??_Luces_Tres^0,c
   655  007DC6  0E55               	movlw	85
   656  007DC8                     u417:
   657  007DC8  2EE8               	decfsz	wreg,f,c
   658  007DCA  D7FE               	bra	u417
   659  007DCC  2E06               	decfsz	??_Luces_Tres^0,f,c
   660  007DCE  D7FC               	bra	u417
   661  007DD0  F000               	nop	
   662  007DD2  0E00               	movlw	0
   663  007DD4  6E8C               	movwf	140,c	;volatile
   664  007DD6  0EA3               	movlw	163
   665  007DD8  6E06               	movwf	??_Luces_Tres^0,c
   666  007DDA  0E55               	movlw	85
   667  007DDC                     u427:
   668  007DDC  2EE8               	decfsz	wreg,f,c
   669  007DDE  D7FE               	bra	u427
   670  007DE0  2E06               	decfsz	??_Luces_Tres^0,f,c
   671  007DE2  D7FC               	bra	u427
   672  007DE4  F000               	nop	
   673  007DE6  EF15  F03F         	goto	l907
   674  007DEA                     l899:
   675  007DEA  0E04               	movlw	4
   676  007DEC  1801               	xorwf	_velocidad^0,w,c
   677  007DEE  1002               	iorwf	(_velocidad+1)^0,w,c
   678  007DF0  1003               	iorwf	(_velocidad+2)^0,w,c
   679  007DF2  1004               	iorwf	(_velocidad+3)^0,w,c
   680  007DF4  A4D8               	btfss	status,2,c
   681  007DF6  EFFF  F03E         	goto	u161
   682  007DFA  EF01  F03F         	goto	u160
   683  007DFE                     u161:
   684  007DFE  EF15  F03F         	goto	l79
   685  007E02                     u160:
   686  007E02  0E41               	movlw	65
   687  007E04  6E06               	movwf	??_Luces_Tres^0,c
   688  007E06  0EEE               	movlw	238
   689  007E08                     u437:
   690  007E08  2EE8               	decfsz	wreg,f,c
   691  007E0A  D7FE               	bra	u437
   692  007E0C  2E06               	decfsz	??_Luces_Tres^0,f,c
   693  007E0E  D7FC               	bra	u437
   694  007E10  D000               	nop2	
   695  007E12  0E00               	movlw	0
   696  007E14  6E8C               	movwf	140,c	;volatile
   697  007E16  0E41               	movlw	65
   698  007E18  6E06               	movwf	??_Luces_Tres^0,c
   699  007E1A  0EEE               	movlw	238
   700  007E1C                     u447:
   701  007E1C  2EE8               	decfsz	wreg,f,c
   702  007E1E  D7FE               	bra	u447
   703  007E20  2E06               	decfsz	??_Luces_Tres^0,f,c
   704  007E22  D7FC               	bra	u447
   705  007E24  D000               	nop2	
   706  007E26  EF15  F03F         	goto	l907
   707  007E2A                     l79:
   708  007E2A                     l907:
   709                           
   710                           ;main.c: 99:     if(PORTBbits.RB1 == 0)
   711  007E2A  B281               	btfsc	129,1,c	;volatile
   712  007E2C  EF1A  F03F         	goto	u171
   713  007E30  EF1C  F03F         	goto	u170
   714  007E34                     u171:
   715  007E34  EF43  F03F         	goto	l85
   716  007E38                     u170:
   717  007E38                     
   718                           ;main.c: 100:     {;main.c: 101:         _delay((unsigned long)((20)*(2000000L/4000.0)))
      +                          ;
   719  007E38  0E0D               	movlw	13
   720  007E3A  6E06               	movwf	??_Luces_Tres^0,c
   721  007E3C  0EFC               	movlw	252
   722  007E3E                     u457:
   723  007E3E  2EE8               	decfsz	wreg,f,c
   724  007E40  D7FE               	bra	u457
   725  007E42  2E06               	decfsz	??_Luces_Tres^0,f,c
   726  007E44  D7FC               	bra	u457
   727  007E46                     
   728                           ;main.c: 102:         velocidad = velocidad + 1;
   729  007E46  0E01               	movlw	1
   730  007E48  2401               	addwf	_velocidad^0,w,c
   731  007E4A  6E01               	movwf	_velocidad^0,c
   732  007E4C  0E00               	movlw	0
   733  007E4E  2002               	addwfc	(_velocidad+1)^0,w,c
   734  007E50  6E02               	movwf	(_velocidad+1)^0,c
   735  007E52  0E00               	movlw	0
   736  007E54  2003               	addwfc	(_velocidad+2)^0,w,c
   737  007E56  6E03               	movwf	(_velocidad+2)^0,c
   738  007E58  0E00               	movlw	0
   739  007E5A  2004               	addwfc	(_velocidad+3)^0,w,c
   740  007E5C  6E04               	movwf	(_velocidad+3)^0,c
   741  007E5E                     
   742                           ;main.c: 103:         if(velocidad == 5){velocidad = 1;}
   743  007E5E  0E05               	movlw	5
   744  007E60  1801               	xorwf	_velocidad^0,w,c
   745  007E62  1002               	iorwf	(_velocidad+1)^0,w,c
   746  007E64  1003               	iorwf	(_velocidad+2)^0,w,c
   747  007E66  1004               	iorwf	(_velocidad+3)^0,w,c
   748  007E68  A4D8               	btfss	status,2,c
   749  007E6A  EF39  F03F         	goto	u181
   750  007E6E  EF3B  F03F         	goto	u180
   751  007E72                     u181:
   752  007E72  EF43  F03F         	goto	l85
   753  007E76                     u180:
   754  007E76  0E01               	movlw	1
   755  007E78  6E01               	movwf	_velocidad^0,c
   756  007E7A  0E00               	movlw	0
   757  007E7C  6E02               	movwf	(_velocidad+1)^0,c
   758  007E7E  0E00               	movlw	0
   759  007E80  6E03               	movwf	(_velocidad+2)^0,c
   760  007E82  0E00               	movlw	0
   761  007E84  6E04               	movwf	(_velocidad+3)^0,c
   762  007E86                     l85:
   763  007E86  0012               	return		;funcret
   764  007E88                     __end_of_Luces_Tres:
   765                           	opt callstack 0
   766                           
   767 ;; *************** function _Luces_Dos *****************
   768 ;; Defined at:
   769 ;;		line 77 in file "main.c"
   770 ;; Parameters:    Size  Location     Type
   771 ;;		None
   772 ;; Auto vars:     Size  Location     Type
   773 ;;		None
   774 ;; Return value:  Size  Location     Type
   775 ;;                  1    wreg      void 
   776 ;; Registers used:
   777 ;;		wreg, status,2, status,0
   778 ;; Tracked objects:
   779 ;;		On entry : 0/0
   780 ;;		On exit  : 0/0
   781 ;;		Unchanged: 0/0
   782 ;; Data sizes:     COMRAM   BANK0   BANK1   BANK2   BANK3   BANK4   BANK5   BANK6   BANK7
   783 ;;      Params:         0       0       0       0       0       0       0       0       0
   784 ;;      Locals:         0       0       0       0       0       0       0       0       0
   785 ;;      Temps:          2       0       0       0       0       0       0       0       0
   786 ;;      Totals:         2       0       0       0       0       0       0       0       0
   787 ;;Total ram usage:        2 bytes
   788 ;; Hardware stack levels used:    1
   789 ;; This function calls:
   790 ;;		Nothing
   791 ;; This function is called by:
   792 ;;		_main
   793 ;; This function uses a non-reentrant model
   794 ;;
   795                           
   796                           	psect	text3
   797  007A22                     __ptext3:
   798                           	opt callstack 0
   799  007A22                     _Luces_Dos:
   800                           	opt callstack 30
   801  007A22                     
   802                           ;main.c: 79:     LATD = 0xFF;
   803  007A22  688C               	setf	140,c	;volatile
   804  007A24                     
   805                           ;main.c: 80:     if(velocidad == 1){_delay((unsigned long)((1000)*(2000000L/4000.0)));LA
      +                          TD = 0x00;_delay((unsigned long)((1000)*(2000000L/4000.0)));}
   806  007A24  0401               	decf	_velocidad^0,w,c
   807  007A26  1002               	iorwf	(_velocidad+1)^0,w,c
   808  007A28  1003               	iorwf	(_velocidad+2)^0,w,c
   809  007A2A  1004               	iorwf	(_velocidad+3)^0,w,c
   810  007A2C  A4D8               	btfss	status,2,c
   811  007A2E  EF1B  F03D         	goto	u71
   812  007A32  EF1D  F03D         	goto	u70
   813  007A36                     u71:
   814  007A36  EF37  F03D         	goto	l839
   815  007A3A                     u70:
   816  007A3A  0E03               	movlw	3
   817  007A3C  6E07               	movwf	(??_Luces_Dos+1)^0,c
   818  007A3E  0E8A               	movlw	138
   819  007A40  6E06               	movwf	??_Luces_Dos^0,c
   820  007A42  0E56               	movlw	86
   821  007A44                     u467:
   822  007A44  2EE8               	decfsz	wreg,f,c
   823  007A46  D7FE               	bra	u467
   824  007A48  2E06               	decfsz	??_Luces_Dos^0,f,c
   825  007A4A  D7FC               	bra	u467
   826  007A4C  2E07               	decfsz	(??_Luces_Dos+1)^0,f,c
   827  007A4E  D7FA               	bra	u467
   828  007A50  0E00               	movlw	0
   829  007A52  6E8C               	movwf	140,c	;volatile
   830  007A54  0E03               	movlw	3
   831  007A56  6E07               	movwf	(??_Luces_Dos+1)^0,c
   832  007A58  0E8A               	movlw	138
   833  007A5A  6E06               	movwf	??_Luces_Dos^0,c
   834  007A5C  0E56               	movlw	86
   835  007A5E                     u477:
   836  007A5E  2EE8               	decfsz	wreg,f,c
   837  007A60  D7FE               	bra	u477
   838  007A62  2E06               	decfsz	??_Luces_Dos^0,f,c
   839  007A64  D7FC               	bra	u477
   840  007A66  2E07               	decfsz	(??_Luces_Dos+1)^0,f,c
   841  007A68  D7FA               	bra	u477
   842  007A6A  EF9D  F03D         	goto	l863
   843  007A6E                     l839:
   844  007A6E  0E02               	movlw	2
   845  007A70  1801               	xorwf	_velocidad^0,w,c
   846  007A72  1002               	iorwf	(_velocidad+1)^0,w,c
   847  007A74  1003               	iorwf	(_velocidad+2)^0,w,c
   848  007A76  1004               	iorwf	(_velocidad+3)^0,w,c
   849  007A78  A4D8               	btfss	status,2,c
   850  007A7A  EF41  F03D         	goto	u81
   851  007A7E  EF43  F03D         	goto	u80
   852  007A82                     u81:
   853  007A82  EF5D  F03D         	goto	l847
   854  007A86                     u80:
   855  007A86  0E02               	movlw	2
   856  007A88  6E07               	movwf	(??_Luces_Dos+1)^0,c
   857  007A8A  0E45               	movlw	69
   858  007A8C  6E06               	movwf	??_Luces_Dos^0,c
   859  007A8E  0EAA               	movlw	170
   860  007A90                     u487:
   861  007A90  2EE8               	decfsz	wreg,f,c
   862  007A92  D7FE               	bra	u487
   863  007A94  2E06               	decfsz	??_Luces_Dos^0,f,c
   864  007A96  D7FC               	bra	u487
   865  007A98  2E07               	decfsz	(??_Luces_Dos+1)^0,f,c
   866  007A9A  D7FA               	bra	u487
   867  007A9C  0E00               	movlw	0
   868  007A9E  6E8C               	movwf	140,c	;volatile
   869  007AA0  0E02               	movlw	2
   870  007AA2  6E07               	movwf	(??_Luces_Dos+1)^0,c
   871  007AA4  0E45               	movlw	69
   872  007AA6  6E06               	movwf	??_Luces_Dos^0,c
   873  007AA8  0EAA               	movlw	170
   874  007AAA                     u497:
   875  007AAA  2EE8               	decfsz	wreg,f,c
   876  007AAC  D7FE               	bra	u497
   877  007AAE  2E06               	decfsz	??_Luces_Dos^0,f,c
   878  007AB0  D7FC               	bra	u497
   879  007AB2  2E07               	decfsz	(??_Luces_Dos+1)^0,f,c
   880  007AB4  D7FA               	bra	u497
   881  007AB6  EF9D  F03D         	goto	l863
   882  007ABA                     l847:
   883  007ABA  0E03               	movlw	3
   884  007ABC  1801               	xorwf	_velocidad^0,w,c
   885  007ABE  1002               	iorwf	(_velocidad+1)^0,w,c
   886  007AC0  1003               	iorwf	(_velocidad+2)^0,w,c
   887  007AC2  1004               	iorwf	(_velocidad+3)^0,w,c
   888  007AC4  A4D8               	btfss	status,2,c
   889  007AC6  EF67  F03D         	goto	u91
   890  007ACA  EF69  F03D         	goto	u90
   891  007ACE                     u91:
   892  007ACE  EF7D  F03D         	goto	l855
   893  007AD2                     u90:
   894  007AD2  0EA3               	movlw	163
   895  007AD4  6E06               	movwf	??_Luces_Dos^0,c
   896  007AD6  0E55               	movlw	85
   897  007AD8                     u507:
   898  007AD8  2EE8               	decfsz	wreg,f,c
   899  007ADA  D7FE               	bra	u507
   900  007ADC  2E06               	decfsz	??_Luces_Dos^0,f,c
   901  007ADE  D7FC               	bra	u507
   902  007AE0  F000               	nop	
   903  007AE2  0E00               	movlw	0
   904  007AE4  6E8C               	movwf	140,c	;volatile
   905  007AE6  0EA3               	movlw	163
   906  007AE8  6E06               	movwf	??_Luces_Dos^0,c
   907  007AEA  0E55               	movlw	85
   908  007AEC                     u517:
   909  007AEC  2EE8               	decfsz	wreg,f,c
   910  007AEE  D7FE               	bra	u517
   911  007AF0  2E06               	decfsz	??_Luces_Dos^0,f,c
   912  007AF2  D7FC               	bra	u517
   913  007AF4  F000               	nop	
   914  007AF6  EF9D  F03D         	goto	l863
   915  007AFA                     l855:
   916  007AFA  0E04               	movlw	4
   917  007AFC  1801               	xorwf	_velocidad^0,w,c
   918  007AFE  1002               	iorwf	(_velocidad+1)^0,w,c
   919  007B00  1003               	iorwf	(_velocidad+2)^0,w,c
   920  007B02  1004               	iorwf	(_velocidad+3)^0,w,c
   921  007B04  A4D8               	btfss	status,2,c
   922  007B06  EF87  F03D         	goto	u101
   923  007B0A  EF89  F03D         	goto	u100
   924  007B0E                     u101:
   925  007B0E  EF9D  F03D         	goto	l67
   926  007B12                     u100:
   927  007B12  0E41               	movlw	65
   928  007B14  6E06               	movwf	??_Luces_Dos^0,c
   929  007B16  0EEE               	movlw	238
   930  007B18                     u527:
   931  007B18  2EE8               	decfsz	wreg,f,c
   932  007B1A  D7FE               	bra	u527
   933  007B1C  2E06               	decfsz	??_Luces_Dos^0,f,c
   934  007B1E  D7FC               	bra	u527
   935  007B20  D000               	nop2	
   936  007B22  0E00               	movlw	0
   937  007B24  6E8C               	movwf	140,c	;volatile
   938  007B26  0E41               	movlw	65
   939  007B28  6E06               	movwf	??_Luces_Dos^0,c
   940  007B2A  0EEE               	movlw	238
   941  007B2C                     u537:
   942  007B2C  2EE8               	decfsz	wreg,f,c
   943  007B2E  D7FE               	bra	u537
   944  007B30  2E06               	decfsz	??_Luces_Dos^0,f,c
   945  007B32  D7FC               	bra	u537
   946  007B34  D000               	nop2	
   947  007B36  EF9D  F03D         	goto	l863
   948  007B3A                     l67:
   949  007B3A                     l863:
   950                           
   951                           ;main.c: 84:     if(PORTBbits.RB1 == 0)
   952  007B3A  B281               	btfsc	129,1,c	;volatile
   953  007B3C  EFA2  F03D         	goto	u111
   954  007B40  EFA4  F03D         	goto	u110
   955  007B44                     u111:
   956  007B44  EFCB  F03D         	goto	l73
   957  007B48                     u110:
   958  007B48                     
   959                           ;main.c: 85:     {;main.c: 86:         _delay((unsigned long)((20)*(2000000L/4000.0)));
   960  007B48  0E0D               	movlw	13
   961  007B4A  6E06               	movwf	??_Luces_Dos^0,c
   962  007B4C  0EFC               	movlw	252
   963  007B4E                     u547:
   964  007B4E  2EE8               	decfsz	wreg,f,c
   965  007B50  D7FE               	bra	u547
   966  007B52  2E06               	decfsz	??_Luces_Dos^0,f,c
   967  007B54  D7FC               	bra	u547
   968  007B56                     
   969                           ;main.c: 87:         velocidad = velocidad + 1;
   970  007B56  0E01               	movlw	1
   971  007B58  2401               	addwf	_velocidad^0,w,c
   972  007B5A  6E01               	movwf	_velocidad^0,c
   973  007B5C  0E00               	movlw	0
   974  007B5E  2002               	addwfc	(_velocidad+1)^0,w,c
   975  007B60  6E02               	movwf	(_velocidad+1)^0,c
   976  007B62  0E00               	movlw	0
   977  007B64  2003               	addwfc	(_velocidad+2)^0,w,c
   978  007B66  6E03               	movwf	(_velocidad+2)^0,c
   979  007B68  0E00               	movlw	0
   980  007B6A  2004               	addwfc	(_velocidad+3)^0,w,c
   981  007B6C  6E04               	movwf	(_velocidad+3)^0,c
   982  007B6E                     
   983                           ;main.c: 88:         if(velocidad == 5){velocidad = 1;}
   984  007B6E  0E05               	movlw	5
   985  007B70  1801               	xorwf	_velocidad^0,w,c
   986  007B72  1002               	iorwf	(_velocidad+1)^0,w,c
   987  007B74  1003               	iorwf	(_velocidad+2)^0,w,c
   988  007B76  1004               	iorwf	(_velocidad+3)^0,w,c
   989  007B78  A4D8               	btfss	status,2,c
   990  007B7A  EFC1  F03D         	goto	u121
   991  007B7E  EFC3  F03D         	goto	u120
   992  007B82                     u121:
   993  007B82  EFCB  F03D         	goto	l73
   994  007B86                     u120:
   995  007B86  0E01               	movlw	1
   996  007B88  6E01               	movwf	_velocidad^0,c
   997  007B8A  0E00               	movlw	0
   998  007B8C  6E02               	movwf	(_velocidad+1)^0,c
   999  007B8E  0E00               	movlw	0
  1000  007B90  6E03               	movwf	(_velocidad+2)^0,c
  1001  007B92  0E00               	movlw	0
  1002  007B94  6E04               	movwf	(_velocidad+3)^0,c
  1003  007B96                     l73:
  1004  007B96  0012               	return		;funcret
  1005  007B98                     __end_of_Luces_Dos:
  1006                           	opt callstack 0
  1007                           
  1008 ;; *************** function _Luces_Cuatro *****************
  1009 ;; Defined at:
  1010 ;;		line 107 in file "main.c"
  1011 ;; Parameters:    Size  Location     Type
  1012 ;;		None
  1013 ;; Auto vars:     Size  Location     Type
  1014 ;;		None
  1015 ;; Return value:  Size  Location     Type
  1016 ;;                  1    wreg      void 
  1017 ;; Registers used:
  1018 ;;		wreg, status,2, status,0
  1019 ;; Tracked objects:
  1020 ;;		On entry : 0/0
  1021 ;;		On exit  : 0/0
  1022 ;;		Unchanged: 0/0
  1023 ;; Data sizes:     COMRAM   BANK0   BANK1   BANK2   BANK3   BANK4   BANK5   BANK6   BANK7
  1024 ;;      Params:         0       0       0       0       0       0       0       0       0
  1025 ;;      Locals:         0       0       0       0       0       0       0       0       0
  1026 ;;      Temps:          2       0       0       0       0       0       0       0       0
  1027 ;;      Totals:         2       0       0       0       0       0       0       0       0
  1028 ;;Total ram usage:        2 bytes
  1029 ;; Hardware stack levels used:    1
  1030 ;; This function calls:
  1031 ;;		Nothing
  1032 ;; This function is called by:
  1033 ;;		_main
  1034 ;; This function uses a non-reentrant model
  1035 ;;
  1036                           
  1037                           	psect	text4
  1038  007B98                     __ptext4:
  1039                           	opt callstack 0
  1040  007B98                     _Luces_Cuatro:
  1041                           	opt callstack 30
  1042  007B98                     
  1043                           ;main.c: 109:     LATD = 0x99;
  1044  007B98  0E99               	movlw	153
  1045  007B9A  6E8C               	movwf	140,c	;volatile
  1046  007B9C                     
  1047                           ;main.c: 110:     if(velocidad == 1){_delay((unsigned long)((1000)*(2000000L/4000.0)));L
      +                          ATD = 0x00;_delay((unsigned long)((1000)*(2000000L/4000.0)));}
  1048  007B9C  0401               	decf	_velocidad^0,w,c
  1049  007B9E  1002               	iorwf	(_velocidad+1)^0,w,c
  1050  007BA0  1003               	iorwf	(_velocidad+2)^0,w,c
  1051  007BA2  1004               	iorwf	(_velocidad+3)^0,w,c
  1052  007BA4  A4D8               	btfss	status,2,c
  1053  007BA6  EFD7  F03D         	goto	u191
  1054  007BAA  EFD9  F03D         	goto	u190
  1055  007BAE                     u191:
  1056  007BAE  EFF3  F03D         	goto	l927
  1057  007BB2                     u190:
  1058  007BB2  0E03               	movlw	3
  1059  007BB4  6E07               	movwf	(??_Luces_Cuatro+1)^0,c
  1060  007BB6  0E8A               	movlw	138
  1061  007BB8  6E06               	movwf	??_Luces_Cuatro^0,c
  1062  007BBA  0E56               	movlw	86
  1063  007BBC                     u557:
  1064  007BBC  2EE8               	decfsz	wreg,f,c
  1065  007BBE  D7FE               	bra	u557
  1066  007BC0  2E06               	decfsz	??_Luces_Cuatro^0,f,c
  1067  007BC2  D7FC               	bra	u557
  1068  007BC4  2E07               	decfsz	(??_Luces_Cuatro+1)^0,f,c
  1069  007BC6  D7FA               	bra	u557
  1070  007BC8  0E00               	movlw	0
  1071  007BCA  6E8C               	movwf	140,c	;volatile
  1072  007BCC  0E03               	movlw	3
  1073  007BCE  6E07               	movwf	(??_Luces_Cuatro+1)^0,c
  1074  007BD0  0E8A               	movlw	138
  1075  007BD2  6E06               	movwf	??_Luces_Cuatro^0,c
  1076  007BD4  0E56               	movlw	86
  1077  007BD6                     u567:
  1078  007BD6  2EE8               	decfsz	wreg,f,c
  1079  007BD8  D7FE               	bra	u567
  1080  007BDA  2E06               	decfsz	??_Luces_Cuatro^0,f,c
  1081  007BDC  D7FC               	bra	u567
  1082  007BDE  2E07               	decfsz	(??_Luces_Cuatro+1)^0,f,c
  1083  007BE0  D7FA               	bra	u567
  1084  007BE2  EF59  F03E         	goto	l951
  1085  007BE6                     l927:
  1086  007BE6  0E02               	movlw	2
  1087  007BE8  1801               	xorwf	_velocidad^0,w,c
  1088  007BEA  1002               	iorwf	(_velocidad+1)^0,w,c
  1089  007BEC  1003               	iorwf	(_velocidad+2)^0,w,c
  1090  007BEE  1004               	iorwf	(_velocidad+3)^0,w,c
  1091  007BF0  A4D8               	btfss	status,2,c
  1092  007BF2  EFFD  F03D         	goto	u201
  1093  007BF6  EFFF  F03D         	goto	u200
  1094  007BFA                     u201:
  1095  007BFA  EF19  F03E         	goto	l935
  1096  007BFE                     u200:
  1097  007BFE  0E02               	movlw	2
  1098  007C00  6E07               	movwf	(??_Luces_Cuatro+1)^0,c
  1099  007C02  0E45               	movlw	69
  1100  007C04  6E06               	movwf	??_Luces_Cuatro^0,c
  1101  007C06  0EAA               	movlw	170
  1102  007C08                     u577:
  1103  007C08  2EE8               	decfsz	wreg,f,c
  1104  007C0A  D7FE               	bra	u577
  1105  007C0C  2E06               	decfsz	??_Luces_Cuatro^0,f,c
  1106  007C0E  D7FC               	bra	u577
  1107  007C10  2E07               	decfsz	(??_Luces_Cuatro+1)^0,f,c
  1108  007C12  D7FA               	bra	u577
  1109  007C14  0E00               	movlw	0
  1110  007C16  6E8C               	movwf	140,c	;volatile
  1111  007C18  0E02               	movlw	2
  1112  007C1A  6E07               	movwf	(??_Luces_Cuatro+1)^0,c
  1113  007C1C  0E45               	movlw	69
  1114  007C1E  6E06               	movwf	??_Luces_Cuatro^0,c
  1115  007C20  0EAA               	movlw	170
  1116  007C22                     u587:
  1117  007C22  2EE8               	decfsz	wreg,f,c
  1118  007C24  D7FE               	bra	u587
  1119  007C26  2E06               	decfsz	??_Luces_Cuatro^0,f,c
  1120  007C28  D7FC               	bra	u587
  1121  007C2A  2E07               	decfsz	(??_Luces_Cuatro+1)^0,f,c
  1122  007C2C  D7FA               	bra	u587
  1123  007C2E  EF59  F03E         	goto	l951
  1124  007C32                     l935:
  1125  007C32  0E03               	movlw	3
  1126  007C34  1801               	xorwf	_velocidad^0,w,c
  1127  007C36  1002               	iorwf	(_velocidad+1)^0,w,c
  1128  007C38  1003               	iorwf	(_velocidad+2)^0,w,c
  1129  007C3A  1004               	iorwf	(_velocidad+3)^0,w,c
  1130  007C3C  A4D8               	btfss	status,2,c
  1131  007C3E  EF23  F03E         	goto	u211
  1132  007C42  EF25  F03E         	goto	u210
  1133  007C46                     u211:
  1134  007C46  EF39  F03E         	goto	l943
  1135  007C4A                     u210:
  1136  007C4A  0EA3               	movlw	163
  1137  007C4C  6E06               	movwf	??_Luces_Cuatro^0,c
  1138  007C4E  0E55               	movlw	85
  1139  007C50                     u597:
  1140  007C50  2EE8               	decfsz	wreg,f,c
  1141  007C52  D7FE               	bra	u597
  1142  007C54  2E06               	decfsz	??_Luces_Cuatro^0,f,c
  1143  007C56  D7FC               	bra	u597
  1144  007C58  F000               	nop	
  1145  007C5A  0E00               	movlw	0
  1146  007C5C  6E8C               	movwf	140,c	;volatile
  1147  007C5E  0EA3               	movlw	163
  1148  007C60  6E06               	movwf	??_Luces_Cuatro^0,c
  1149  007C62  0E55               	movlw	85
  1150  007C64                     u607:
  1151  007C64  2EE8               	decfsz	wreg,f,c
  1152  007C66  D7FE               	bra	u607
  1153  007C68  2E06               	decfsz	??_Luces_Cuatro^0,f,c
  1154  007C6A  D7FC               	bra	u607
  1155  007C6C  F000               	nop	
  1156  007C6E  EF59  F03E         	goto	l951
  1157  007C72                     l943:
  1158  007C72  0E04               	movlw	4
  1159  007C74  1801               	xorwf	_velocidad^0,w,c
  1160  007C76  1002               	iorwf	(_velocidad+1)^0,w,c
  1161  007C78  1003               	iorwf	(_velocidad+2)^0,w,c
  1162  007C7A  1004               	iorwf	(_velocidad+3)^0,w,c
  1163  007C7C  A4D8               	btfss	status,2,c
  1164  007C7E  EF43  F03E         	goto	u221
  1165  007C82  EF45  F03E         	goto	u220
  1166  007C86                     u221:
  1167  007C86  EF59  F03E         	goto	l91
  1168  007C8A                     u220:
  1169  007C8A  0E41               	movlw	65
  1170  007C8C  6E06               	movwf	??_Luces_Cuatro^0,c
  1171  007C8E  0EEE               	movlw	238
  1172  007C90                     u617:
  1173  007C90  2EE8               	decfsz	wreg,f,c
  1174  007C92  D7FE               	bra	u617
  1175  007C94  2E06               	decfsz	??_Luces_Cuatro^0,f,c
  1176  007C96  D7FC               	bra	u617
  1177  007C98  D000               	nop2	
  1178  007C9A  0E00               	movlw	0
  1179  007C9C  6E8C               	movwf	140,c	;volatile
  1180  007C9E  0E41               	movlw	65
  1181  007CA0  6E06               	movwf	??_Luces_Cuatro^0,c
  1182  007CA2  0EEE               	movlw	238
  1183  007CA4                     u627:
  1184  007CA4  2EE8               	decfsz	wreg,f,c
  1185  007CA6  D7FE               	bra	u627
  1186  007CA8  2E06               	decfsz	??_Luces_Cuatro^0,f,c
  1187  007CAA  D7FC               	bra	u627
  1188  007CAC  D000               	nop2	
  1189  007CAE  EF59  F03E         	goto	l951
  1190  007CB2                     l91:
  1191  007CB2                     l951:
  1192                           
  1193                           ;main.c: 114:     if(PORTBbits.RB1 == 0)
  1194  007CB2  B281               	btfsc	129,1,c	;volatile
  1195  007CB4  EF5E  F03E         	goto	u231
  1196  007CB8  EF60  F03E         	goto	u230
  1197  007CBC                     u231:
  1198  007CBC  EF87  F03E         	goto	l97
  1199  007CC0                     u230:
  1200  007CC0                     
  1201                           ;main.c: 115:     {;main.c: 116:         _delay((unsigned long)((20)*(2000000L/4000.0)))
      +                          ;
  1202  007CC0  0E0D               	movlw	13
  1203  007CC2  6E06               	movwf	??_Luces_Cuatro^0,c
  1204  007CC4  0EFC               	movlw	252
  1205  007CC6                     u637:
  1206  007CC6  2EE8               	decfsz	wreg,f,c
  1207  007CC8  D7FE               	bra	u637
  1208  007CCA  2E06               	decfsz	??_Luces_Cuatro^0,f,c
  1209  007CCC  D7FC               	bra	u637
  1210  007CCE                     
  1211                           ;main.c: 117:         velocidad = velocidad + 1;
  1212  007CCE  0E01               	movlw	1
  1213  007CD0  2401               	addwf	_velocidad^0,w,c
  1214  007CD2  6E01               	movwf	_velocidad^0,c
  1215  007CD4  0E00               	movlw	0
  1216  007CD6  2002               	addwfc	(_velocidad+1)^0,w,c
  1217  007CD8  6E02               	movwf	(_velocidad+1)^0,c
  1218  007CDA  0E00               	movlw	0
  1219  007CDC  2003               	addwfc	(_velocidad+2)^0,w,c
  1220  007CDE  6E03               	movwf	(_velocidad+2)^0,c
  1221  007CE0  0E00               	movlw	0
  1222  007CE2  2004               	addwfc	(_velocidad+3)^0,w,c
  1223  007CE4  6E04               	movwf	(_velocidad+3)^0,c
  1224  007CE6                     
  1225                           ;main.c: 118:         if(velocidad == 5){velocidad = 1;}
  1226  007CE6  0E05               	movlw	5
  1227  007CE8  1801               	xorwf	_velocidad^0,w,c
  1228  007CEA  1002               	iorwf	(_velocidad+1)^0,w,c
  1229  007CEC  1003               	iorwf	(_velocidad+2)^0,w,c
  1230  007CEE  1004               	iorwf	(_velocidad+3)^0,w,c
  1231  007CF0  A4D8               	btfss	status,2,c
  1232  007CF2  EF7D  F03E         	goto	u241
  1233  007CF6  EF7F  F03E         	goto	u240
  1234  007CFA                     u241:
  1235  007CFA  EF87  F03E         	goto	l97
  1236  007CFE                     u240:
  1237  007CFE  0E01               	movlw	1
  1238  007D00  6E01               	movwf	_velocidad^0,c
  1239  007D02  0E00               	movlw	0
  1240  007D04  6E02               	movwf	(_velocidad+1)^0,c
  1241  007D06  0E00               	movlw	0
  1242  007D08  6E03               	movwf	(_velocidad+2)^0,c
  1243  007D0A  0E00               	movlw	0
  1244  007D0C  6E04               	movwf	(_velocidad+3)^0,c
  1245  007D0E                     l97:
  1246  007D0E  0012               	return		;funcret
  1247  007D10                     __end_of_Luces_Cuatro:
  1248                           	opt callstack 0
  1249                           
  1250 ;; *************** function _InitPort *****************
  1251 ;; Defined at:
  1252 ;;		line 20 in file "main.c"
  1253 ;; Parameters:    Size  Location     Type
  1254 ;;		None
  1255 ;; Auto vars:     Size  Location     Type
  1256 ;;		None
  1257 ;; Return value:  Size  Location     Type
  1258 ;;                  1    wreg      void 
  1259 ;; Registers used:
  1260 ;;		wreg, status,2
  1261 ;; Tracked objects:
  1262 ;;		On entry : 0/0
  1263 ;;		On exit  : 0/0
  1264 ;;		Unchanged: 0/0
  1265 ;; Data sizes:     COMRAM   BANK0   BANK1   BANK2   BANK3   BANK4   BANK5   BANK6   BANK7
  1266 ;;      Params:         0       0       0       0       0       0       0       0       0
  1267 ;;      Locals:         0       0       0       0       0       0       0       0       0
  1268 ;;      Temps:          0       0       0       0       0       0       0       0       0
  1269 ;;      Totals:         0       0       0       0       0       0       0       0       0
  1270 ;;Total ram usage:        0 bytes
  1271 ;; Hardware stack levels used:    1
  1272 ;; This function calls:
  1273 ;;		Nothing
  1274 ;; This function is called by:
  1275 ;;		_main
  1276 ;; This function uses a non-reentrant model
  1277 ;;
  1278                           
  1279                           	psect	text5
  1280  007942                     __ptext5:
  1281                           	opt callstack 0
  1282  007942                     _InitPort:
  1283                           	opt callstack 30
  1284  007942                     
  1285                           ;main.c: 22:     ADCON1bits.PCFG = 0xFF;
  1286  007942  0E0F               	movlw	15
  1287  007944  12C1               	iorwf	193,f,c	;volatile
  1288                           
  1289                           ;main.c: 24:     LATD = 0x00;
  1290  007946  0E00               	movlw	0
  1291  007948  6E8C               	movwf	140,c	;volatile
  1292                           
  1293                           ;main.c: 25:     LATB = 0x00;
  1294  00794A  0E00               	movlw	0
  1295  00794C  6E8A               	movwf	138,c	;volatile
  1296  00794E                     
  1297                           ;main.c: 27:     TRISBbits.RB0 = 1;
  1298  00794E  8093               	bsf	147,0,c	;volatile
  1299  007950                     
  1300                           ;main.c: 28:     TRISBbits,RB1 = 1;
  1301  007950  5093               	movf	147,w,c	;volatile
  1302  007952  8281               	bsf	3969,1,c	;volatile
  1303  007954                     
  1304                           ;main.c: 29:     INTCON2bits.RBPU = 0;
  1305  007954  9EF1               	bcf	241,7,c	;volatile
  1306  007956                     
  1307                           ;main.c: 30:     TRISD = 0x00;
  1308  007956  0E00               	movlw	0
  1309  007958  6E95               	movwf	149,c	;volatile
  1310  00795A  0012               	return		;funcret
  1311  00795C                     __end_of_InitPort:
  1312                           	opt callstack 0
  1313  0000                     
  1314                           	psect	rparam
  1315  0000                     tosu	equ	0xFFF
  1316                           tosh	equ	0xFFE
  1317                           tosl	equ	0xFFD
  1318                           stkptr	equ	0xFFC
  1319                           pclatu	equ	0xFFB
  1320                           pclath	equ	0xFFA
  1321                           pcl	equ	0xFF9
  1322                           tblptru	equ	0xFF8
  1323                           tblptrh	equ	0xFF7
  1324                           tblptrl	equ	0xFF6
  1325                           tablat	equ	0xFF5
  1326                           prodh	equ	0xFF4
  1327                           prodl	equ	0xFF3
  1328                           indf0	equ	0xFEF
  1329                           postinc0	equ	0xFEE
  1330                           postdec0	equ	0xFED
  1331                           preinc0	equ	0xFEC
  1332                           plusw0	equ	0xFEB
  1333                           fsr0h	equ	0xFEA
  1334                           fsr0l	equ	0xFE9
  1335                           wreg	equ	0xFE8
  1336                           indf1	equ	0xFE7
  1337                           postinc1	equ	0xFE6
  1338                           postdec1	equ	0xFE5
  1339                           preinc1	equ	0xFE4
  1340                           plusw1	equ	0xFE3
  1341                           fsr1h	equ	0xFE2
  1342                           fsr1l	equ	0xFE1
  1343                           bsr	equ	0xFE0
  1344                           indf2	equ	0xFDF
  1345                           postinc2	equ	0xFDE
  1346                           postdec2	equ	0xFDD
  1347                           preinc2	equ	0xFDC
  1348                           plusw2	equ	0xFDB
  1349                           fsr2h	equ	0xFDA
  1350                           fsr2l	equ	0xFD9
  1351                           status	equ	0xFD8


Data Sizes:
    Strings     0
    Constant    0
    Data        5
    BSS         0
    Persistent  0
    Stack       0

Auto Spaces:
    Space          Size  Autos    Used
    COMRAM           95      4       9
    BANK0           160      0       0
    BANK1           256      0       0
    BANK2           256      0       0
    BANK3           256      0       0
    BANK4           256      0       0
    BANK5           256      0       0
    BANK6           256      0       0
    BANK7           256      0       0

Pointer List with Targets:

    None.

Critical Paths under _main in COMRAM

    _main->_Luces_Cuatro
    _main->_Luces_Dos
    _main->_Luces_Tres
    _main->_Luces_Uno

Critical Paths under _main in BANK0

    None.

Critical Paths under _main in BANK1

    None.

Critical Paths under _main in BANK2

    None.

Critical Paths under _main in BANK3

    None.

Critical Paths under _main in BANK4

    None.

Critical Paths under _main in BANK5

    None.

Critical Paths under _main in BANK6

    None.

Critical Paths under _main in BANK7

    None.

Call Graph Tables:

 ---------------------------------------------------------------------------------
 (Depth) Function   	        Calls       Base Space   Used Autos Params    Refs
 ---------------------------------------------------------------------------------
 (0) _main                                                 2     2      0       0
                                              2 COMRAM     2     2      0
                           _InitPort
                       _Luces_Cuatro
                          _Luces_Dos
                         _Luces_Tres
                          _Luces_Uno
 ---------------------------------------------------------------------------------
 (1) _Luces_Uno                                            2     2      0       0
                                              0 COMRAM     2     2      0
 ---------------------------------------------------------------------------------
 (1) _Luces_Tres                                           2     2      0       0
                                              0 COMRAM     2     2      0
 ---------------------------------------------------------------------------------
 (1) _Luces_Dos                                            2     2      0       0
                                              0 COMRAM     2     2      0
 ---------------------------------------------------------------------------------
 (1) _Luces_Cuatro                                         2     2      0       0
                                              0 COMRAM     2     2      0
 ---------------------------------------------------------------------------------
 (1) _InitPort                                             0     0      0       0
 ---------------------------------------------------------------------------------
 Estimated maximum stack depth 1
 ---------------------------------------------------------------------------------

 Call Graph Graphs:

 _main (ROOT)
   _InitPort
   _Luces_Cuatro
   _Luces_Dos
   _Luces_Tres
   _Luces_Uno

 Address spaces:
Name               Size   Autos  Total    Cost      Usage
BIGRAM             7FF      0       0      21        0.0%
EEDATA             100      0       0       0        0.0%
BITBANK7           100      0       0      18        0.0%
BANK7              100      0       0      19        0.0%
BITBANK6           100      0       0      16        0.0%
BANK6              100      0       0      17        0.0%
BITBANK5           100      0       0      14        0.0%
BANK5              100      0       0      15        0.0%
BITBANK4           100      0       0      12        0.0%
BANK4              100      0       0      13        0.0%
BITBANK3           100      0       0      10        0.0%
BANK3              100      0       0      11        0.0%
BITBANK2           100      0       0       8        0.0%
BANK2              100      0       0       9        0.0%
BITBANK1           100      0       0       6        0.0%
BANK1              100      0       0       7        0.0%
BITBANK0            A0      0       0       4        0.0%
BANK0               A0      0       0       5        0.0%
BITCOMRAM           5F      0       0       0        0.0%
COMRAM              5F      4       9       1        9.5%
BITSFR               0      0       0     200        0.0%
SFR                  0      0       0     200        0.0%
STACK                0      0       0       2        0.0%
NULL                 0      0       0       0        0.0%
ABS                  0      0       9      20        0.0%
DATA                 0      0       9       3        0.0%
CODE                 0      0       0       0        0.0%


Microchip Technology PIC18 Macro Assembler V2.10 build 88905656 
Symbol Table                                                                                   Sun Apr 12 18:20:38 2020

                     l33 795A                       l61 7FFE                       l55 7FA2  
                     l73 7B96                       l91 7CB2                       l67 7B3A  
                     l85 7E86                       l79 7E2A                       l97 7D0E  
                     u10 7EA2                       u11 7E9E                       u20 7EEE  
                     u21 7EEA                       u30 7F3A                       u31 7F36  
                     u40 7F7A                       u41 7F76                       u50 7FB0  
                     u51 7FAC                       u60 7FEE                       u61 7FEA  
                     u70 7A3A                       u71 7A36                       u80 7A86  
                     u81 7A82                       u90 7AD2                       u91 7ACE  
            __CFG_BORV$3 000000             __CFG_CP0$OFF 000000             __CFG_CP1$OFF 000000  
           __CFG_CP2$OFF 000000             __CFG_CP3$OFF 000000                      l801 7F08  
                    l811 7F62                      l803 7F22                      l901 7E02  
                    l821 7FB0                      l813 7F7A                      l805 7F3A  
                    l831 7A24                      l911 7E46                      l903 7E12  
                    l823 7FBE                      l815 7F8A                      l807 7F4A  
                    l921 7BB2                      l841 7A86                      l833 7A3A  
                    l913 7E5E                      l905 7E16                      l825 7FD6  
                    l817 7F8E                      l809 7F4E                      l931 7C14  
                    l923 7BC8                      l851 7AE2                      l843 7A9C  
                    l835 7A50                      l915 7E76                      l907 7E2A  
                    l827 7FEE                      l819 7FA2                      l781 7954  
                    l773 7942                      l941 7C5E                      l933 7C18  
                    l925 7BCC                      l917 7B98                      l861 7B26  
                    l853 7AE6                      l845 7AA0                      l837 7A54  
                    l829 7A22                      l909 7E38                      l783 7956  
                    l775 794E                      l943 7C72                      l935 7C32  
                    l951 7CB2                      l927 7BE6                      l919 7B9C  
                    l871 7B86                      l855 7AFA                      l847 7ABA  
                    l863 7B3A                      l839 7A6E                      l791 7EB8  
                    l777 7950                      l953 7CC0                      l945 7C8A  
                    l937 7C4A                      l929 7BFE                      l865 7B48  
                    l857 7B12                      l849 7AD2                      l881 7D44  
                    l873 7D10                      l793 7EBC                      l785 7E88  
                    l961 7986                      l779 7952                      l955 7CCE  
                    l947 7C9A                      l939 7C5A                      l867 7B56  
                    l859 7B22                      l891 7DAA                      l883 7D5E  
                    l875 7D14                      l795 7ED6                      l787 7E8C  
                    l971 79BC                      l963 798A                      l957 7CE6  
                    l949 7C9E                      l869 7B6E                      l893 7DC2  
                    l885 7D76                      l877 7D2A                      l797 7EEE  
                    l789 7EA2                      l973 79C4                      l965 7998  
                    l959 7CFE                      l895 7DD2                      l887 7D8C  
                    l879 7D40                      l799 7F04                      l975 79CC  
                    l967 79A6                      l983 79E4                      l897 7DD6  
                    l889 7D90                      l993 79F8                      l977 79D4  
                    l969 79AA                      l899 7DEA                      l979 79DC  
           __CFG_CPB$OFF 000000                      _RB1 007C09                      u100 7B12  
                    u101 7B0E                      u110 7B48                      u111 7B44  
                    u200 7BFE                      u120 7B86                      u201 7BFA  
                    u121 7B82                      u210 7C4A                      u130 7D2A  
                    u211 7C46                      u131 7D26                      u220 7C8A  
                    u140 7D76                      u221 7C86                      u141 7D72  
                    u230 7CC0                      u150 7DC2                      u231 7CBC  
                    u151 7DBE                      u240 7CFE                      u160 7E02  
                    u241 7CFA                      u161 7DFE                      u170 7E38  
                    u250 7998                      u171 7E34                      u307 7EF8  
                    u251 7994                      u180 7E76                      u260 79BC  
                    u181 7E72                      u317 7F12                      u261 79B8  
                    u190 7BB2                      u191 7BAE                      u407 7D9A  
                    u327 7F40                      u417 7DC8                      u337 7F54  
           __CFG_CPD$OFF 000000                      u507 7AD8                      u427 7DDC  
                    u347 7F80                      u517 7AEC                      u437 7E08  
                    u357 7F94                      u277 799E                      u607 7C64  
                    u527 7B18                      u447 7E1C                      u367 7FB6  
                    u287 7EAC                      u617 7C90                      u537 7B2C  
                    u457 7E3E                      u377 7D34                      u297 7EC6  
                    u627 7CA4                      u547 7B4E                      u467 7A44  
                    u387 7D4E                      u637 7CC6                      u557 7BBC  
                    u477 7A5E                      u397 7D80                      u567 7BD6  
                    u487 7A90                      u577 7C08                      u497 7AAA  
                    u587 7C22                      u597 7C50             __CFG_BOR$OFF 000000  
                    wreg 000FE8             __CFG_FOSC$HS 000000             __CFG_LVP$OFF 000000  
           __CFG_WDT$OFF 000000                     _LATB 000F8A                     _LATD 000F8C  
           __CFG_PWRT$ON 000000                     _main 7986                     fsr1l 000FE1  
                   start 0000            __CFG_IESO$OFF 000000            __CFG_MCLRE$ON 000000  
           ___param_bank 000000            __CFG_PLLDIV$1 000000           __CFG_CCP2MX$ON 000000  
                  ?_main 0006            __CFG_USBDIV$1 000000                    _TRISD 000F95  
          __CFG_WRT0$OFF 000000            __CFG_WRT1$OFF 000000            __CFG_WRT2$OFF 000000  
          __CFG_WRT3$OFF 000000           __CFG_EBTR0$OFF 000000           __CFG_FCMEN$OFF 000000  
         __CFG_EBTR1$OFF 000000           __CFG_EBTR2$OFF 000000           __CFG_EBTR3$OFF 000000  
          __CFG_WRTB$OFF 000000            __CFG_WRTC$OFF 000000            __CFG_WRTD$OFF 000000  
         __CFG_EBTRB$OFF 000000                    _juego 0005                    tablat 000FF5  
                  status 000FD8           __CFG_ICPRT$OFF 000000           __CFG_PBADEN$ON 000000  
        __initialization 795C             __end_of_main 7A22         __end_of_InitPort 795C  
                 ??_main 0008            __activetblptr 000002               _Luces_Tres 7D10  
         __CFG_XINST$OFF 000000       __size_of_Luces_Dos 0176       __size_of_Luces_Uno 0178  
         __CFG_STVREN$ON 000000            ?_Luces_Cuatro 0006             __pdataCOMRAM 0001  
                 tblptrh 000FF7                   tblptrl 000FF6                   tblptru 000FF8  
             __accesstop 0060  __end_of__initialization 797C            ___rparam_used 000001  
         __pcstackCOMRAM 0006           ??_Luces_Cuatro 0006        __end_of_Luces_Dos 7B98  
            ?_Luces_Tres 0006        __end_of_Luces_Uno 8000                ?_InitPort 0006  
        __CFG_VREGEN$OFF 000000               ??_InitPort 0006                  __Hparam 0000  
                __Lparam 0000      __size_of_Luces_Tres 0178                  __pcinit 795C  
                __ramtop 0800                  __ptext0 7986                  __ptext1 7E88  
                __ptext2 7D10                  __ptext3 7A22                  __ptext4 7B98  
                __ptext5 7942     end_of_initialization 797C            __Lmediumconst 0000  
   __end_of_Luces_Cuatro 7D10                  postdec1 000FE5                  postinc0 000FEE  
              _PORTBbits 000F81                _TRISBbits 000F93            __pidataCOMRAM 793D  
    start_initialization 795C             ??_Luces_Tres 0006                _Luces_Dos 7A22  
              _Luces_Uno 7E88        __size_of_InitPort 001A         __CFG_LPT1OSC$OFF 000000  
     __end_of_Luces_Tres 7E88    __size_of_Luces_Cuatro 0178               ?_Luces_Dos 0006  
             ?_Luces_Uno 0006             _Luces_Cuatro 7B98         __CFG_WDTPS$32768 000000  
              _velocidad 0001               _ADCON1bits 000FC1              _INTCON2bits 000FF1  
              copy_data0 7970                 _InitPort 7942              ??_Luces_Dos 0006  
            ??_Luces_Uno 0006                 __Hrparam 0000                 __Lrparam 0000  
          __size_of_main 009C    __CFG_CPUDIV$OSC1_PLL2 000000  
