

Microchip MPLAB XC8 Assembler V2.32 build 20210201212658 
                                                                                               Mon Apr 17 19:35:09 2023

Microchip MPLAB XC8 C Compiler v2.32 (Free license) build 20210201212658 Og1 
     1                           	processor	18F4550
     2                           	fnconf	rparam,??,?,0
     3                           	pagewidth 120
     4                           	opt	flic
     5                           	psect	cinit,global,reloc=2,class=CODE,delta=1
     6                           	psect	cstackCOMRAM,global,class=COMRAM,space=1,delta=1,lowdata,noexec
     7                           	psect	text0,global,reloc=2,class=CODE,delta=1
     8                           	psect	text1,global,reloc=2,class=CODE,delta=1
     9                           	psect	intsave_regs,global,class=BIGRAM,space=1,delta=1,noexec
    10                           	psect	rparam,global,class=COMRAM,space=1,delta=1,noexec
    11                           	psect	idloc,global,abs,ovrld,class=IDLOC,space=5,delta=1,noexec
    12                           	psect	config,global,abs,ovrld,class=CONFIG,space=4,delta=1,noexec
    13  0000                     
    14                           ; Version 2.40
    15                           ; Generated 17/11/2021 GMT
    16                           ; 
    17                           ; Copyright © 2021, Microchip Technology Inc. and its subsidiaries ("Microchip")
    18                           ; All rights reserved.
    19                           ; 
    20                           ; This software is developed by Microchip Technology Inc. and its subsidiaries ("Microch
      +                          ip").
    21                           ; 
    22                           ; Redistribution and use in source and binary forms, with or without modification, are
    23                           ; permitted provided that the following conditions are met:
    24                           ; 
    25                           ;     1. Redistributions of source code must retain the above copyright notice, this lis
      +                          t of
    26                           ;        conditions and the following disclaimer.
    27                           ; 
    28                           ;     2. Redistributions in binary form must reproduce the above copyright notice, this 
      +                          list
    29                           ;        of conditions and the following disclaimer in the documentation and/or other
    30                           ;        materials provided with the distribution. Publication is not required when
    31                           ;        this file is used in an embedded application.
    32                           ; 
    33                           ;     3. Microchip's name may not be used to endorse or promote products derived from th
      +                          is
    34                           ;        software without specific prior written permission.
    35                           ; 
    36                           ; THIS SOFTWARE IS PROVIDED BY MICROCHIP "AS IS" AND ANY EXPRESS OR IMPLIED WARRANTIES,
    37                           ; INCLUDING, BUT NOT LIMITED TO, THE IMPLIED WARRANTIES OF MERCHANTABILITY AND FITNESS F
      +                          OR
    38                           ; PURPOSE ARE DISCLAIMED.  IN NO EVENT SHALL MICROCHIP BE LIABLE FOR ANY DIRECT, INDIREC
      +                          T,
    39                           ; INCIDENTAL, SPECIAL, EXEMPLARY, OR CONSEQUENTIAL DAMAGES (INCLUDING BUT NOT LIMITED TO
    40                           ; PROCUREMENT OF SUBSTITUTE GOODS OR SERVICES; LOSS OF USE, DATA OR PROFITS; OR BUSINESS
    41                           ; INTERRUPTION) HOWSOEVER CAUSED AND ON ANY THEORY OF LIABILITY, WHETHER IN CONTRACT, ST
      +                          RICT
    42                           ; LIABILITY, OR TORT (INCLUDING NEGLIGENCE OR OTHERWISE) ARISING IN ANY WAY OUT OF THE U
      +                          SE OF
    43                           ; THIS SOFTWARE, EVEN IF ADVISED OF THE POSSIBILITY OF SUCH DAMAGE.
    44                           ; 
    45                           ; 
    46                           ; Code-generator required, PIC18F4550 Definitions
    47                           ; 
    48                           ; SFR Addresses
    49  0000                     _PORTDbits	set	3971
    50  0000                     _TRISDbits	set	3989
    51  0000                     _LATD	set	3980
    52                           
    53                           ; #config settings
    54                           
    55                           	psect	cinit
    56  007FB2                     __pcinit:
    57                           	callstack 0
    58  007FB2                     start_initialization:
    59                           	callstack 0
    60  007FB2                     __initialization:
    61                           	callstack 0
    62  007FB2                     end_of_initialization:
    63                           	callstack 0
    64  007FB2                     __end_of__initialization:
    65                           	callstack 0
    66  007FB2  0100               	movlb	0
    67  007FB4  EFE0  F03F         	goto	_main	;jump to C main() function
    68                           
    69                           	psect	cstackCOMRAM
    70  000001                     __pcstackCOMRAM:
    71                           	callstack 0
    72  000001                     ??_main:
    73                           
    74                           ; 1 bytes @ 0x0
    75  000001                     	ds	2
    76                           
    77 ;;
    78 ;;Main: autosize = 0, tempsize = 2, incstack = 0, save=0
    79 ;;
    80 ;; *************** function _main *****************
    81 ;; Defined at:
    82 ;;		line 87 in file "mainhw.c"
    83 ;; Parameters:    Size  Location     Type
    84 ;;		None
    85 ;; Auto vars:     Size  Location     Type
    86 ;;		None
    87 ;; Return value:  Size  Location     Type
    88 ;;                  1    wreg      void 
    89 ;; Registers used:
    90 ;;		wreg, status,2, cstack
    91 ;; Tracked objects:
    92 ;;		On entry : 0/0
    93 ;;		On exit  : 0/0
    94 ;;		Unchanged: 0/0
    95 ;; Data sizes:     COMRAM   BANK0   BANK1   BANK2   BANK3   BANK4   BANK5   BANK6   BANK7
    96 ;;      Params:         0       0       0       0       0       0       0       0       0
    97 ;;      Locals:         0       0       0       0       0       0       0       0       0
    98 ;;      Temps:          2       0       0       0       0       0       0       0       0
    99 ;;      Totals:         2       0       0       0       0       0       0       0       0
   100 ;;Total ram usage:        2 bytes
   101 ;; Hardware stack levels required when called: 1
   102 ;; This function calls:
   103 ;;		_InitPorts
   104 ;; This function is called by:
   105 ;;		Startup code after reset
   106 ;; This function uses a non-reentrant model
   107 ;;
   108                           
   109                           	psect	text0
   110  007FC0                     __ptext0:
   111                           	callstack 0
   112  007FC0                     _main:
   113                           	callstack 30
   114  007FC0  ECDC  F03F         	call	_InitPorts	;wreg free
   115  007FC4                     l701:
   116  007FC4  8283               	bsf	131,1,c	;volatile
   117  007FC6  0E1A               	movlw	26
   118  007FC8  6E02               	movwf	(??_main+1)^0,c
   119  007FCA  0E5E               	movlw	94
   120  007FCC  6E01               	movwf	??_main^0,c
   121  007FCE  0E6E               	movlw	110
   122  007FD0                     u17:
   123  007FD0  2EE8               	decfsz	wreg,f,c
   124  007FD2  D7FE               	bra	u17
   125  007FD4  2E01               	decfsz	??_main^0,f,c
   126  007FD6  D7FC               	bra	u17
   127  007FD8  2E02               	decfsz	(??_main+1)^0,f,c
   128  007FDA  D7FA               	bra	u17
   129  007FDC  D000               	nop2	
   130  007FDE  9283               	bcf	131,1,c	;volatile
   131  007FE0  0E1A               	movlw	26
   132  007FE2  6E02               	movwf	(??_main+1)^0,c
   133  007FE4  0E5E               	movlw	94
   134  007FE6  6E01               	movwf	??_main^0,c
   135  007FE8  0E6E               	movlw	110
   136  007FEA                     u27:
   137  007FEA  2EE8               	decfsz	wreg,f,c
   138  007FEC  D7FE               	bra	u27
   139  007FEE  2E01               	decfsz	??_main^0,f,c
   140  007FF0  D7FC               	bra	u27
   141  007FF2  2E02               	decfsz	(??_main+1)^0,f,c
   142  007FF4  D7FA               	bra	u27
   143  007FF6  D000               	nop2	
   144  007FF8  EFE2  F03F         	goto	l701
   145  007FFC  EF00  F000         	goto	start
   146  008000                     __end_of_main:
   147                           	callstack 0
   148                           
   149 ;; *************** function _InitPorts *****************
   150 ;; Defined at:
   151 ;;		line 82 in file "mainhw.c"
   152 ;; Parameters:    Size  Location     Type
   153 ;;		None
   154 ;; Auto vars:     Size  Location     Type
   155 ;;		None
   156 ;; Return value:  Size  Location     Type
   157 ;;                  1    wreg      void 
   158 ;; Registers used:
   159 ;;		wreg, status,2
   160 ;; Tracked objects:
   161 ;;		On entry : 0/0
   162 ;;		On exit  : 0/0
   163 ;;		Unchanged: 0/0
   164 ;; Data sizes:     COMRAM   BANK0   BANK1   BANK2   BANK3   BANK4   BANK5   BANK6   BANK7
   165 ;;      Params:         0       0       0       0       0       0       0       0       0
   166 ;;      Locals:         0       0       0       0       0       0       0       0       0
   167 ;;      Temps:          0       0       0       0       0       0       0       0       0
   168 ;;      Totals:         0       0       0       0       0       0       0       0       0
   169 ;;Total ram usage:        0 bytes
   170 ;; Hardware stack levels used: 1
   171 ;; This function calls:
   172 ;;		Nothing
   173 ;; This function is called by:
   174 ;;		_main
   175 ;; This function uses a non-reentrant model
   176 ;;
   177                           
   178                           	psect	text1
   179  007FB8                     __ptext1:
   180                           	callstack 0
   181  007FB8                     _InitPorts:
   182                           	callstack 30
   183  007FB8  0E00               	movlw	0
   184  007FBA  6E8C               	movwf	140,c	;volatile
   185  007FBC  9295               	bcf	149,1,c	;volatile
   186  007FBE  0012               	return		;funcret
   187  007FC0                     __end_of_InitPorts:
   188                           	callstack 0
   189  0000                     
   190                           	psect	rparam
   191  0000                     
   192                           	psect	idloc
   193                           
   194                           ;Config register IDLOC0 @ 0x200000
   195                           ;	unspecified, using default values
   196  200000                     	org	2097152
   197  200000  FF                 	db	255
   198                           
   199                           ;Config register IDLOC1 @ 0x200001
   200                           ;	unspecified, using default values
   201  200001                     	org	2097153
   202  200001  FF                 	db	255
   203                           
   204                           ;Config register IDLOC2 @ 0x200002
   205                           ;	unspecified, using default values
   206  200002                     	org	2097154
   207  200002  FF                 	db	255
   208                           
   209                           ;Config register IDLOC3 @ 0x200003
   210                           ;	unspecified, using default values
   211  200003                     	org	2097155
   212  200003  FF                 	db	255
   213                           
   214                           ;Config register IDLOC4 @ 0x200004
   215                           ;	unspecified, using default values
   216  200004                     	org	2097156
   217  200004  FF                 	db	255
   218                           
   219                           ;Config register IDLOC5 @ 0x200005
   220                           ;	unspecified, using default values
   221  200005                     	org	2097157
   222  200005  FF                 	db	255
   223                           
   224                           ;Config register IDLOC6 @ 0x200006
   225                           ;	unspecified, using default values
   226  200006                     	org	2097158
   227  200006  FF                 	db	255
   228                           
   229                           ;Config register IDLOC7 @ 0x200007
   230                           ;	unspecified, using default values
   231  200007                     	org	2097159
   232  200007  FF                 	db	255
   233                           
   234                           	psect	config
   235                           
   236                           ;Config register CONFIG1L @ 0x300000
   237                           ;	PLL Prescaler Selection bits
   238                           ;	PLLDIV = 1, No prescale (4 MHz oscillator input drives PLL directly)
   239                           ;	System Clock Postscaler Selection bits
   240                           ;	CPUDIV = OSC1_PLL2, [Primary Oscillator Src: /1][96 MHz PLL Src: /2]
   241                           ;	USB Clock Selection bit (used in Full-Speed USB mode only; UCFG:FSEN = 1)
   242                           ;	USBDIV = 1, USB clock source comes directly from the primary oscillator block with no 
      +                          postscale
   243  300000                     	org	3145728
   244  300000  00                 	db	0
   245                           
   246                           ;Config register CONFIG1H @ 0x300001
   247                           ;	Oscillator Selection bits
   248                           ;	FOSC = INTOSC_HS, Internal oscillator, HS oscillator used by USB (INTHS)
   249                           ;	Fail-Safe Clock Monitor Enable bit
   250                           ;	FCMEN = OFF, Fail-Safe Clock Monitor disabled
   251                           ;	Internal/External Oscillator Switchover bit
   252                           ;	IESO = OFF, Oscillator Switchover mode disabled
   253  300001                     	org	3145729
   254  300001  0B                 	db	11
   255                           
   256                           ;Config register CONFIG2L @ 0x300002
   257                           ;	Power-up Timer Enable bit
   258                           ;	PWRT = OFF, PWRT disabled
   259                           ;	Brown-out Reset Enable bits
   260                           ;	BOR = ON, Brown-out Reset enabled in hardware only (SBOREN is disabled)
   261                           ;	Brown-out Reset Voltage bits
   262                           ;	BORV = 3, Minimum setting 2.05V
   263                           ;	USB Voltage Regulator Enable bit
   264                           ;	VREGEN = OFF, USB voltage regulator disabled
   265  300002                     	org	3145730
   266  300002  1F                 	db	31
   267                           
   268                           ;Config register CONFIG2H @ 0x300003
   269                           ;	Watchdog Timer Enable bit
   270                           ;	WDT = ON, WDT enabled
   271                           ;	Watchdog Timer Postscale Select bits
   272                           ;	WDTPS = 32768, 1:32768
   273  300003                     	org	3145731
   274  300003  1F                 	db	31
   275                           
   276                           ; Padding undefined space
   277  300004                     	org	3145732
   278  300004  FF                 	db	255
   279                           
   280                           ;Config register CONFIG3H @ 0x300005
   281                           ;	CCP2 MUX bit
   282                           ;	CCP2MX = ON, CCP2 input/output is multiplexed with RC1
   283                           ;	PORTB A/D Enable bit
   284                           ;	PBADEN = ON, PORTB<4:0> pins are configured as analog input channels on Reset
   285                           ;	Low-Power Timer 1 Oscillator Enable bit
   286                           ;	LPT1OSC = OFF, Timer1 configured for higher power operation
   287                           ;	MCLR Pin Enable bit
   288                           ;	MCLRE = ON, MCLR pin enabled; RE3 input pin disabled
   289  300005                     	org	3145733
   290  300005  83                 	db	131
   291                           
   292                           ;Config register CONFIG4L @ 0x300006
   293                           ;	Stack Full/Underflow Reset Enable bit
   294                           ;	STVREN = ON, Stack full/underflow will cause Reset
   295                           ;	Single-Supply ICSP Enable bit
   296                           ;	LVP = ON, Single-Supply ICSP enabled
   297                           ;	Dedicated In-Circuit Debug/Programming Port (ICPORT) Enable bit
   298                           ;	ICPRT = OFF, ICPORT disabled
   299                           ;	Extended Instruction Set Enable bit
   300                           ;	XINST = OFF, Instruction set extension and Indexed Addressing mode disabled (Legacy mo
      +                          de)
   301                           ;	Background Debugger Enable bit
   302                           ;	DEBUG = 0x1, unprogrammed default
   303  300006                     	org	3145734
   304  300006  85                 	db	133
   305                           
   306                           ; Padding undefined space
   307  300007                     	org	3145735
   308  300007  FF                 	db	255
   309                           
   310                           ;Config register CONFIG5L @ 0x300008
   311                           ;	Code Protection bit
   312                           ;	CP0 = OFF, Block 0 (000800-001FFFh) is not code-protected
   313                           ;	Code Protection bit
   314                           ;	CP1 = OFF, Block 1 (002000-003FFFh) is not code-protected
   315                           ;	Code Protection bit
   316                           ;	CP2 = OFF, Block 2 (004000-005FFFh) is not code-protected
   317                           ;	Code Protection bit
   318                           ;	CP3 = OFF, Block 3 (006000-007FFFh) is not code-protected
   319  300008                     	org	3145736
   320  300008  0F                 	db	15
   321                           
   322                           ;Config register CONFIG5H @ 0x300009
   323                           ;	Boot Block Code Protection bit
   324                           ;	CPB = OFF, Boot block (000000-0007FFh) is not code-protected
   325                           ;	Data EEPROM Code Protection bit
   326                           ;	CPD = OFF, Data EEPROM is not code-protected
   327  300009                     	org	3145737
   328  300009  C0                 	db	192
   329                           
   330                           ;Config register CONFIG6L @ 0x30000A
   331                           ;	Write Protection bit
   332                           ;	WRT0 = OFF, Block 0 (000800-001FFFh) is not write-protected
   333                           ;	Write Protection bit
   334                           ;	WRT1 = OFF, Block 1 (002000-003FFFh) is not write-protected
   335                           ;	Write Protection bit
   336                           ;	WRT2 = OFF, Block 2 (004000-005FFFh) is not write-protected
   337                           ;	Write Protection bit
   338                           ;	WRT3 = OFF, Block 3 (006000-007FFFh) is not write-protected
   339  30000A                     	org	3145738
   340  30000A  0F                 	db	15
   341                           
   342                           ;Config register CONFIG6H @ 0x30000B
   343                           ;	Configuration Register Write Protection bit
   344                           ;	WRTC = OFF, Configuration registers (300000-3000FFh) are not write-protected
   345                           ;	Boot Block Write Protection bit
   346                           ;	WRTB = OFF, Boot block (000000-0007FFh) is not write-protected
   347                           ;	Data EEPROM Write Protection bit
   348                           ;	WRTD = OFF, Data EEPROM is not write-protected
   349  30000B                     	org	3145739
   350  30000B  E0                 	db	224
   351                           
   352                           ;Config register CONFIG7L @ 0x30000C
   353                           ;	Table Read Protection bit
   354                           ;	EBTR0 = OFF, Block 0 (000800-001FFFh) is not protected from table reads executed in ot
      +                          her blocks
   355                           ;	Table Read Protection bit
   356                           ;	EBTR1 = OFF, Block 1 (002000-003FFFh) is not protected from table reads executed in ot
      +                          her blocks
   357                           ;	Table Read Protection bit
   358                           ;	EBTR2 = OFF, Block 2 (004000-005FFFh) is not protected from table reads executed in ot
      +                          her blocks
   359                           ;	Table Read Protection bit
   360                           ;	EBTR3 = OFF, Block 3 (006000-007FFFh) is not protected from table reads executed in ot
      +                          her blocks
   361  30000C                     	org	3145740
   362  30000C  0F                 	db	15
   363                           
   364                           ;Config register CONFIG7H @ 0x30000D
   365                           ;	Boot Block Table Read Protection bit
   366                           ;	EBTRB = OFF, Boot block (000000-0007FFh) is not protected from table reads executed in
      +                           other blocks
   367  30000D                     	org	3145741
   368  30000D  40                 	db	64
   369                           tosu	equ	0xFFF
   370                           tosh	equ	0xFFE
   371                           tosl	equ	0xFFD
   372                           stkptr	equ	0xFFC
   373                           pclatu	equ	0xFFB
   374                           pclath	equ	0xFFA
   375                           pcl	equ	0xFF9
   376                           tblptru	equ	0xFF8
   377                           tblptrh	equ	0xFF7
   378                           tblptrl	equ	0xFF6
   379                           tablat	equ	0xFF5
   380                           prodh	equ	0xFF4
   381                           prodl	equ	0xFF3
   382                           indf0	equ	0xFEF
   383                           postinc0	equ	0xFEE
   384                           postdec0	equ	0xFED
   385                           preinc0	equ	0xFEC
   386                           plusw0	equ	0xFEB
   387                           fsr0h	equ	0xFEA
   388                           fsr0l	equ	0xFE9
   389                           wreg	equ	0xFE8
   390                           indf1	equ	0xFE7
   391                           postinc1	equ	0xFE6
   392                           postdec1	equ	0xFE5
   393                           preinc1	equ	0xFE4
   394                           plusw1	equ	0xFE3
   395                           fsr1h	equ	0xFE2
   396                           fsr1l	equ	0xFE1
   397                           bsr	equ	0xFE0
   398                           indf2	equ	0xFDF
   399                           postinc2	equ	0xFDE
   400                           postdec2	equ	0xFDD
   401                           preinc2	equ	0xFDC
   402                           plusw2	equ	0xFDB
   403                           fsr2h	equ	0xFDA
   404                           fsr2l	equ	0xFD9
   405                           status	equ	0xFD8

Data Sizes:
    Strings     0
    Constant    0
    Data        0
    BSS         0
    Persistent  0
    Stack       0

Auto Spaces:
    Space          Size  Autos    Used
    COMRAM           95      2       2
    BANK0           160      0       0
    BANK1           256      0       0
    BANK2           256      0       0
    BANK3           256      0       0
    BANK4           256      0       0
    BANK5           256      0       0
    BANK6           256      0       0
    BANK7           256      0       0

Pointer List with Targets:

    None.

Critical Paths under _main in COMRAM

    None.

Critical Paths under _main in BANK0

    None.

Critical Paths under _main in BANK1

    None.

Critical Paths under _main in BANK2

    None.

Critical Paths under _main in BANK3

    None.

Critical Paths under _main in BANK4

    None.

Critical Paths under _main in BANK5

    None.

Critical Paths under _main in BANK6

    None.

Critical Paths under _main in BANK7

    None.

Call Graph Tables:

 ---------------------------------------------------------------------------------
 (Depth) Function   	        Calls       Base Space   Used Autos Params    Refs
 ---------------------------------------------------------------------------------
 (0) _main                                                 2     2      0       0
                                              0 COMRAM     2     2      0
                          _InitPorts
 ---------------------------------------------------------------------------------
 (1) _InitPorts                                            0     0      0       0
 ---------------------------------------------------------------------------------
 Estimated maximum stack depth 1
 ---------------------------------------------------------------------------------

 Call Graph Graphs:

 _main (ROOT)
   _InitPorts

 Address spaces:
Name               Size   Autos  Total    Cost      Usage
BITCOMRAM           5F      0       0       0        0.0%
EEDATA             100      0       0       0        0.0%
NULL                 0      0       0       0        0.0%
CODE                 0      0       0       0        0.0%
COMRAM              5F      2       2       1        2.1%
STACK                0      0       0       2        0.0%
DATA                 0      0       0       3        0.0%
BITBANK0            A0      0       0       4        0.0%
BANK0               A0      0       0       5        0.0%
BITBANK1           100      0       0       6        0.0%
BANK1              100      0       0       7        0.0%
BITBANK2           100      0       0       8        0.0%
BANK2              100      0       0       9        0.0%
BITBANK3           100      0       0      10        0.0%
BANK3              100      0       0      11        0.0%
BITBANK4           100      0       0      12        0.0%
BANK4              100      0       0      13        0.0%
BITBANK5           100      0       0      14        0.0%
BANK5              100      0       0      15        0.0%
BITBANK6           100      0       0      16        0.0%
BANK6              100      0       0      17        0.0%
BITBANK7           100      0       0      18        0.0%
BANK7              100      0       0      19        0.0%
ABS                  0      0       0      20        0.0%
BIGRAM             7FF      0       0      21        0.0%
BITSFR               0      0       0     200        0.0%
SFR                  0      0       0     200        0.0%


Microchip Technology PIC18 Macro Assembler V2.32 build 20210201212658 
Symbol Table                                                                                   Mon Apr 17 19:35:09 2023

                     l11 7FBE                       u17 7FD0                       u27 7FEA  
                    l701 7FC4                      l703 7FC6                      l705 7FDE  
                    l707 7FE0                      l695 7FB8                      l697 7FBC  
                    l699 7FC0                      wreg 000FE8                     _LATD 000F8C  
                   _main 7FC0                     start 0000             ___param_bank 000000  
                  ?_main 0001          __initialization 7FB2             __end_of_main 8000  
                 ??_main 0001            __activetblptr 000000       __size_of_InitPorts 0008  
                 isa$std 000001               __accesstop 0060  __end_of__initialization 7FB2  
          ___rparam_used 000001           __pcstackCOMRAM 0001        __end_of_InitPorts 7FC0  
                __Hparam 0000                  __Lparam 0000                  __pcinit 7FB2  
                __ramtop 0800                  __ptext0 7FC0                  __ptext1 7FB8  
   end_of_initialization 7FB2                _PORTDbits 000F83                _TRISDbits 000F95  
    start_initialization 7FB2                _InitPorts 7FB8               ?_InitPorts 0001  
            ??_InitPorts 0001                 __Hrparam 0000                 __Lrparam 0000  
          __size_of_main 0040                 isa$xinst 000000  
