

Microchip MPLAB XC8 Assembler V2.10 build 88905656 
                                                                                               Mon Apr 13 13:31:34 2020

Microchip MPLAB XC8 C Compiler v2.10 (Free license) build 20190730164152 Og1 
     1                           	processor	18F4550
     2                           	fnconf	rparam,??,?,0
     3                           	opt	pw 120
     4                           	opt	flic
     5                           	psect	smallconst,global,reloc=2,class=SMALLCONST,delta=1,noexec
     6                           	psect	cinit,global,reloc=2,class=CODE,delta=1
     7                           	psect	cstackCOMRAM,global,class=COMRAM,space=1,delta=1,noexec
     8                           	psect	text0,global,reloc=2,class=CODE,delta=1
     9                           	psect	text1,global,reloc=2,class=CODE,delta=1
    10                           	psect	text2,global,reloc=2,class=CODE,delta=1
    11                           	psect	text3,global,reloc=2,class=CODE,delta=1
    12                           	psect	text4,global,reloc=2,class=CODE,delta=1
    13                           	psect	text5,global,reloc=2,class=CODE,delta=1
    14                           	psect	text6,global,reloc=2,class=CODE,delta=1
    15                           	psect	text7,global,reloc=2,class=CODE,delta=1
    16                           	psect	text8,global,reloc=2,class=CODE,delta=1
    17                           	psect	text9,global,reloc=2,class=CODE,delta=1
    18                           	psect	text10,global,reloc=2,class=CODE,delta=1
    19                           	psect	intsave_regs,global,class=BIGRAM,space=1,delta=1,noexec
    20                           	psect	rparam,global,class=COMRAM,space=1,delta=1,noexec
    21  0000                     
    22                           ; Version 2.10
    23                           ; Generated 31/07/2019 GMT
    24                           ; 
    25                           ; Copyright © 2019, Microchip Technology Inc. and its subsidiaries ("Microchip")
    26                           ; All rights reserved.
    27                           ; 
    28                           ; This software is developed by Microchip Technology Inc. and its subsidiaries ("Microch
      +                          ip").
    29                           ; 
    30                           ; Redistribution and use in source and binary forms, with or without modification, are
    31                           ; permitted provided that the following conditions are met:
    32                           ; 
    33                           ;     1. Redistributions of source code must retain the above copyright notice, this lis
      +                          t of
    34                           ;        conditions and the following disclaimer.
    35                           ; 
    36                           ;     2. Redistributions in binary form must reproduce the above copyright notice, this 
      +                          list
    37                           ;        of conditions and the following disclaimer in the documentation and/or other
    38                           ;        materials provided with the distribution.
    39                           ; 
    40                           ;     3. Microchip's name may not be used to endorse or promote products derived from th
      +                          is
    41                           ;        software without specific prior written permission.
    42                           ; 
    43                           ; THIS SOFTWARE IS PROVIDED BY MICROCHIP "AS IS" AND ANY EXPRESS OR IMPLIED WARRANTIES,
    44                           ; INCLUDING, BUT NOT LIMITED TO, THE IMPLIED WARRANTIES OF MERCHANTABILITY AND FITNESS F
      +                          OR
    45                           ; PURPOSE ARE DISCLAIMED.  IN NO EVENT SHALL MICROCHIP BE LIABLE FOR ANY DIRECT, INDIREC
      +                          T,
    46                           ; INCIDENTAL, SPECIAL, EXEMPLARY, OR CONSEQUENTIAL DAMAGES (INCLUDING BUT NOT LIMITED TO
    47                           ; PROCUREMENT OF SUBSTITUTE GOODS OR SERVICES; LOSS OF USE, DATA OR PROFITS; OR BUSINESS
    48                           ; INTERRUPTION) HOWSOEVER CAUSED AND ON ANY THEORY OF LIABILITY, WHETHER IN CONTRACT, ST
      +                          RICT
    49                           ; LIABILITY, OR TORT (INCLUDING NEGLIGENCE OR OTHERWISE) ARISING IN ANY WAY OUT OF THE U
      +                          SE OF
    50                           ; THIS SOFTWARE, EVEN IF ADVISED OF THE POSSIBILITY OF SUCH DAMAGE.
    51                           ; 
    52                           ; 
    53                           ; Code-generator required, PIC18F4550 Definitions
    54                           ; 
    55                           ; SFR Addresses
    56  0000                     _LATDbits	set	3980
    57  0000                     _TRISDbits	set	3989
    58  0000                     _TRISD	set	3989
    59  0000                     _PORTD	set	3971
    60                           
    61                           	psect	smallconst
    62  000800                     __psmallconst:
    63                           	opt callstack 0
    64  000800  00                 	db	0
    65  000801                     STR_1:
    66  000801  2A                 	db	42
    67  000802  2A                 	db	42
    68  000803  20                 	db	32
    69  000804  50                 	db	80	;'P'
    70  000805  52                 	db	82	;'R'
    71  000806  55                 	db	85	;'U'
    72  000807  45                 	db	69	;'E'
    73  000808  42                 	db	66	;'B'
    74  000809  41                 	db	65	;'A'
    75  00080A  20                 	db	32
    76  00080B  55                 	db	85	;'U'
    77  00080C  4E                 	db	78	;'N'
    78  00080D  4F                 	db	79	;'O'
    79  00080E  20                 	db	32
    80  00080F  2A                 	db	42
    81  000810  2A                 	db	42
    82  000811  00                 	db	0
    83  000812                     STR_2:
    84  000812  2A                 	db	42
    85  000813  2A                 	db	42
    86  000814  20                 	db	32
    87  000815  50                 	db	80	;'P'
    88  000816  52                 	db	82	;'R'
    89  000817  55                 	db	85	;'U'
    90  000818  45                 	db	69	;'E'
    91  000819  42                 	db	66	;'B'
    92  00081A  41                 	db	65	;'A'
    93  00081B  20                 	db	32
    94  00081C  44                 	db	68	;'D'
    95  00081D  4F                 	db	79	;'O'
    96  00081E  53                 	db	83	;'S'
    97  00081F  20                 	db	32
    98  000820  2A                 	db	42
    99  000821  2A                 	db	42
   100  000822  00                 	db	0
   101                           
   102                           ; #config settings
   103  000823  00                 	db	0	; dummy byte at the end
   104  0000                     
   105                           	psect	cinit
   106  000B82                     __pcinit:
   107                           	opt callstack 0
   108  000B82                     start_initialization:
   109                           	opt callstack 0
   110  000B82                     __initialization:
   111                           	opt callstack 0
   112  000B82                     end_of_initialization:
   113                           	opt callstack 0
   114  000B82                     __end_of__initialization:
   115                           	opt callstack 0
   116  000B82  0E00               	movlw	low (__Lsmallconst shr (0+16))
   117  000B84  6EF8               	movwf	tblptru,c
   118  000B86  0E08               	movlw	high __Lsmallconst
   119  000B88  6EF7               	movwf	tblptrh,c
   120  000B8A  0100               	movlb	0
   121  000B8C  EF87  F004         	goto	_main	;jump to C main() function
   122                           
   123                           	psect	cstackCOMRAM
   124  000001                     __pcstackCOMRAM:
   125                           	opt callstack 0
   126  000001                     ??_SetDDRamAddr:
   127  000001                     ??_DelayPORXLCD:
   128  000001                     WriteCmdXLCD@cmd:
   129                           	opt callstack 0
   130  000001                     WriteDataXLCD@data:
   131                           	opt callstack 0
   132                           
   133                           ; 1 bytes @ 0x0
   134  000001                     	ds	1
   135  000002                     LCD_gotoXY@x:
   136                           	opt callstack 0
   137  000002                     putrsXLCD@buffer:
   138                           	opt callstack 0
   139                           
   140                           ; 2 bytes @ 0x1
   141  000002                     	ds	2
   142  000004                     SetDDRamAddr@DDaddr:
   143                           	opt callstack 0
   144  000004                     LCD_gotoXY@y:
   145                           	opt callstack 0
   146                           
   147                           ; 2 bytes @ 0x3
   148  000004                     	ds	1
   149  000005                     OpenXLCD@lcdtype:
   150                           	opt callstack 0
   151                           
   152                           ; 1 bytes @ 0x4
   153  000005                     	ds	1
   154  000006                     ??_main:
   155                           
   156                           ; 1 bytes @ 0x5
   157  000006                     	ds	2
   158                           
   159 ;;
   160 ;;Main: autosize = 0, tempsize = 2, incstack = 0, save=0
   161 ;;
   162 ;; *************** function _main *****************
   163 ;; Defined at:
   164 ;;		line 21 in file "main.c"
   165 ;; Parameters:    Size  Location     Type
   166 ;;		None
   167 ;; Auto vars:     Size  Location     Type
   168 ;;		None
   169 ;; Return value:  Size  Location     Type
   170 ;;                  1    wreg      void 
   171 ;; Registers used:
   172 ;;		wreg, status,2, status,0, tblptrl, tblptrh, tblptru, cstack
   173 ;; Tracked objects:
   174 ;;		On entry : 0/0
   175 ;;		On exit  : 0/0
   176 ;;		Unchanged: 0/0
   177 ;; Data sizes:     COMRAM   BANK0   BANK1   BANK2   BANK3   BANK4   BANK5   BANK6   BANK7
   178 ;;      Params:         0       0       0       0       0       0       0       0       0
   179 ;;      Locals:         0       0       0       0       0       0       0       0       0
   180 ;;      Temps:          2       0       0       0       0       0       0       0       0
   181 ;;      Totals:         2       0       0       0       0       0       0       0       0
   182 ;;Total ram usage:        2 bytes
   183 ;; Hardware stack levels required when called:    4
   184 ;; This function calls:
   185 ;;		_LCD_Init
   186 ;;		_LCD_gotoXY
   187 ;;		_putrsXLCD
   188 ;; This function is called by:
   189 ;;		Startup code after reset
   190 ;; This function uses a non-reentrant model
   191 ;;
   192                           
   193                           	psect	text0
   194  00090E                     __ptext0:
   195                           	opt callstack 0
   196  00090E                     _main:
   197                           	opt callstack 27
   198  00090E                     
   199                           ;main.c: 22:     LCD_Init();
   200  00090E  EC98  F005         	call	_LCD_Init	;wreg free
   201                           
   202                           ;main.c: 23:     LCD_gotoXY(0, 0);
   203  000912  0E00               	movlw	0
   204  000914  6E03               	movwf	(LCD_gotoXY@x+1)^0,c
   205  000916  0E00               	movlw	0
   206  000918  6E02               	movwf	LCD_gotoXY@x^0,c
   207  00091A  0E00               	movlw	0
   208  00091C  6E05               	movwf	(LCD_gotoXY@y+1)^0,c
   209  00091E  0E00               	movlw	0
   210  000920  6E04               	movwf	LCD_gotoXY@y^0,c
   211  000922  EC80  F005         	call	_LCD_gotoXY	;wreg free
   212  000926                     
   213                           ;main.c: 24:     putrsXLCD("** PRUEBA UNO **");
   214  000926  0E01               	movlw	low STR_1
   215  000928  6E02               	movwf	putrsXLCD@buffer^0,c
   216  00092A  0E08               	movlw	high STR_1
   217  00092C  6E03               	movwf	(putrsXLCD@buffer+1)^0,c
   218  00092E  EC19  F005         	call	_putrsXLCD	;wreg free
   219  000932                     
   220                           ;main.c: 25:     _delay((unsigned long)((500)*(20000000L/4000.0)));
   221  000932  0E0D               	movlw	13
   222  000934  6E07               	movwf	(??_main+1)^0,c
   223  000936  0EAF               	movlw	175
   224  000938  6E06               	movwf	??_main^0,c
   225  00093A  0EB6               	movlw	182
   226  00093C                     u237:
   227  00093C  2EE8               	decfsz	wreg,f,c
   228  00093E  D7FE               	bra	u237
   229  000940  2E06               	decfsz	??_main^0,f,c
   230  000942  D7FC               	bra	u237
   231  000944  2E07               	decfsz	(??_main+1)^0,f,c
   232  000946  D7FA               	bra	u237
   233  000948  D000               	nop2	
   234  00094A                     
   235                           ;main.c: 26:     LCD_gotoXY(1, 0);
   236  00094A  0E00               	movlw	0
   237  00094C  6E03               	movwf	(LCD_gotoXY@x+1)^0,c
   238  00094E  0E01               	movlw	1
   239  000950  6E02               	movwf	LCD_gotoXY@x^0,c
   240  000952  0E00               	movlw	0
   241  000954  6E05               	movwf	(LCD_gotoXY@y+1)^0,c
   242  000956  0E00               	movlw	0
   243  000958  6E04               	movwf	LCD_gotoXY@y^0,c
   244  00095A  EC80  F005         	call	_LCD_gotoXY	;wreg free
   245  00095E                     
   246                           ;main.c: 27:     putrsXLCD("** PRUEBA DOS **");
   247  00095E  0E12               	movlw	low STR_2
   248  000960  6E02               	movwf	putrsXLCD@buffer^0,c
   249  000962  0E08               	movlw	high STR_2
   250  000964  6E03               	movwf	(putrsXLCD@buffer+1)^0,c
   251  000966  EC19  F005         	call	_putrsXLCD	;wreg free
   252                           
   253                           ;main.c: 28:     _delay((unsigned long)((500)*(20000000L/4000.0)));
   254  00096A  0E0D               	movlw	13
   255  00096C  6E07               	movwf	(??_main+1)^0,c
   256  00096E  0EAF               	movlw	175
   257  000970  6E06               	movwf	??_main^0,c
   258  000972  0EB6               	movlw	182
   259  000974                     u247:
   260  000974  2EE8               	decfsz	wreg,f,c
   261  000976  D7FE               	bra	u247
   262  000978  2E06               	decfsz	??_main^0,f,c
   263  00097A  D7FC               	bra	u247
   264  00097C  2E07               	decfsz	(??_main+1)^0,f,c
   265  00097E  D7FA               	bra	u247
   266  000980  D000               	nop2	
   267  000982  EF00  F000         	goto	start
   268  000986                     __end_of_main:
   269                           	opt callstack 0
   270                           
   271 ;; *************** function _putrsXLCD *****************
   272 ;; Defined at:
   273 ;;		line 119 in file "display_LCD.c"
   274 ;; Parameters:    Size  Location     Type
   275 ;;  buffer          2    1[COMRAM] PTR const unsigned char 
   276 ;;		 -> STR_2(17), STR_1(17), 
   277 ;; Auto vars:     Size  Location     Type
   278 ;;		None
   279 ;; Return value:  Size  Location     Type
   280 ;;                  1    wreg      void 
   281 ;; Registers used:
   282 ;;		wreg, status,2, status,0, tblptrl, tblptrh, tblptru, cstack
   283 ;; Tracked objects:
   284 ;;		On entry : 0/0
   285 ;;		On exit  : 0/0
   286 ;;		Unchanged: 0/0
   287 ;; Data sizes:     COMRAM   BANK0   BANK1   BANK2   BANK3   BANK4   BANK5   BANK6   BANK7
   288 ;;      Params:         2       0       0       0       0       0       0       0       0
   289 ;;      Locals:         0       0       0       0       0       0       0       0       0
   290 ;;      Temps:          0       0       0       0       0       0       0       0       0
   291 ;;      Totals:         2       0       0       0       0       0       0       0       0
   292 ;;Total ram usage:        2 bytes
   293 ;; Hardware stack levels used:    1
   294 ;; Hardware stack levels required when called:    3
   295 ;; This function calls:
   296 ;;		_BusyXLCD
   297 ;;		_WriteDataXLCD
   298 ;; This function is called by:
   299 ;;		_main
   300 ;; This function uses a non-reentrant model
   301 ;;
   302                           
   303                           	psect	text1
   304  000A32                     __ptext1:
   305                           	opt callstack 0
   306  000A32                     _putrsXLCD:
   307                           	opt callstack 27
   308  000A32                     
   309                           ;display_LCD.c: 119: void putrsXLCD(const char *buffer);display_LCD.c: 120: {;display_LC
      +                          D.c: 121:         while(*buffer)
   310  000A32  EF2F  F005         	goto	l1143
   311  000A36                     l1137:
   312  000A36  EC3E  F005         	call	_BusyXLCD	;wreg free
   313  000A3A  0900               	iorlw	0
   314  000A3C  A4D8               	btfss	status,2,c
   315  000A3E  EF23  F005         	goto	u211
   316  000A42  EF25  F005         	goto	u210
   317  000A46                     u211:
   318  000A46  EF1B  F005         	goto	l1137
   319  000A4A                     u210:
   320  000A4A                     
   321                           ;display_LCD.c: 124:                 WriteDataXLCD(*buffer);
   322  000A4A  C002  FFF6         	movff	putrsXLCD@buffer,tblptrl
   323  000A4E  C003  FFF7         	movff	putrsXLCD@buffer+1,tblptrh
   324  000A52                     	if	0	;tblptru may be non-zero
   325  000A52                     	endif
   326  000A52                     	if	0	;tblptru may be non-zero
   327  000A52                     	endif
   328  000A52  0008               	tblrd		*
   329  000A54  50F5               	movf	tablat,w,c
   330  000A56  ECF0  F004         	call	_WriteDataXLCD
   331  000A5A                     
   332                           ;display_LCD.c: 125:                 buffer++;
   333  000A5A  4A02               	infsnz	putrsXLCD@buffer^0,f,c
   334  000A5C  2A03               	incf	(putrsXLCD@buffer+1)^0,f,c
   335  000A5E                     l1143:
   336                           
   337                           ;display_LCD.c: 121:         while(*buffer)
   338  000A5E  C002  FFF6         	movff	putrsXLCD@buffer,tblptrl
   339  000A62  C003  FFF7         	movff	putrsXLCD@buffer+1,tblptrh
   340  000A66                     	if	0	;tblptru may be non-zero
   341  000A66                     	endif
   342  000A66                     	if	0	;tblptru may be non-zero
   343  000A66                     	endif
   344  000A66  0008               	tblrd		*
   345  000A68  50F5               	movf	tablat,w,c
   346  000A6A  0900               	iorlw	0
   347  000A6C  A4D8               	btfss	status,2,c
   348  000A6E  EF3B  F005         	goto	u221
   349  000A72  EF3D  F005         	goto	u220
   350  000A76                     u221:
   351  000A76  EF1B  F005         	goto	l1137
   352  000A7A                     u220:
   353  000A7A  0012               	return		;funcret
   354  000A7C                     __end_of_putrsXLCD:
   355                           	opt callstack 0
   356                           
   357 ;; *************** function _WriteDataXLCD *****************
   358 ;; Defined at:
   359 ;;		line 376 in file "display_LCD.c"
   360 ;; Parameters:    Size  Location     Type
   361 ;;  data            1    wreg     unsigned char 
   362 ;; Auto vars:     Size  Location     Type
   363 ;;  data            1    0[COMRAM] unsigned char 
   364 ;; Return value:  Size  Location     Type
   365 ;;                  1    wreg      void 
   366 ;; Registers used:
   367 ;;		wreg, status,2, status,0, cstack
   368 ;; Tracked objects:
   369 ;;		On entry : 0/0
   370 ;;		On exit  : 0/0
   371 ;;		Unchanged: 0/0
   372 ;; Data sizes:     COMRAM   BANK0   BANK1   BANK2   BANK3   BANK4   BANK5   BANK6   BANK7
   373 ;;      Params:         0       0       0       0       0       0       0       0       0
   374 ;;      Locals:         1       0       0       0       0       0       0       0       0
   375 ;;      Temps:          0       0       0       0       0       0       0       0       0
   376 ;;      Totals:         1       0       0       0       0       0       0       0       0
   377 ;;Total ram usage:        1 bytes
   378 ;; Hardware stack levels used:    1
   379 ;; Hardware stack levels required when called:    2
   380 ;; This function calls:
   381 ;;		_BusyXLCD
   382 ;;		_DelayFor18TCY
   383 ;; This function is called by:
   384 ;;		_putrsXLCD
   385 ;;		_LCD_WriteChr_CGRAM
   386 ;;		_putsXLCD
   387 ;; This function uses a non-reentrant model
   388 ;;
   389                           
   390                           	psect	text2
   391  0009E0                     __ptext2:
   392                           	opt callstack 0
   393  0009E0                     _WriteDataXLCD:
   394                           	opt callstack 27
   395                           
   396                           ;incstack = 0
   397                           ;WriteDataXLCD@data stored from wreg
   398  0009E0  6E01               	movwf	WriteDataXLCD@data^0,c
   399  0009E2                     l957:
   400  0009E2  EC3E  F005         	call	_BusyXLCD	;wreg free
   401  0009E6  0900               	iorlw	0
   402  0009E8  A4D8               	btfss	status,2,c
   403  0009EA  EFF9  F004         	goto	u101
   404  0009EE  EFFB  F004         	goto	u100
   405  0009F2                     u101:
   406  0009F2  EFF1  F004         	goto	l957
   407  0009F6                     u100:
   408  0009F6                     
   409                           ;display_LCD.c: 396:         TRISD &= 0xf0;
   410  0009F6  0EF0               	movlw	240
   411  0009F8  1695               	andwf	149,f,c	;volatile
   412                           
   413                           ;display_LCD.c: 397:         PORTD &= 0xf0;
   414  0009FA  0EF0               	movlw	240
   415  0009FC  1683               	andwf	131,f,c	;volatile
   416                           
   417                           ;display_LCD.c: 398:         PORTD |= ((data>>4)&0x0f);
   418  0009FE  3801               	swapf	WriteDataXLCD@data^0,w,c
   419  000A00  0B0F               	andlw	15
   420  000A02  0B0F               	andlw	15
   421  000A04  1283               	iorwf	131,f,c	;volatile
   422  000A06                     
   423                           ;display_LCD.c: 400:         LATDbits.LATD5 = 1;
   424  000A06  8A8C               	bsf	140,5,c	;volatile
   425  000A08                     
   426                           ;display_LCD.c: 401:         LATDbits.LATD6 = 0;
   427  000A08  9C8C               	bcf	140,6,c	;volatile
   428  000A0A                     
   429                           ;display_LCD.c: 402:         DelayFor18TCY();
   430  000A0A  ECAC  F005         	call	_DelayFor18TCY	;wreg free
   431  000A0E                     
   432                           ;display_LCD.c: 403:         LATDbits.LATD4 = 1;
   433  000A0E  888C               	bsf	140,4,c	;volatile
   434  000A10                     
   435                           ;display_LCD.c: 404:         DelayFor18TCY();
   436  000A10  ECAC  F005         	call	_DelayFor18TCY	;wreg free
   437  000A14                     
   438                           ;display_LCD.c: 405:         LATDbits.LATD4 = 0;
   439  000A14  988C               	bcf	140,4,c	;volatile
   440                           
   441                           ;display_LCD.c: 410:         PORTD &= 0xf0;
   442  000A16  0EF0               	movlw	240
   443  000A18  1683               	andwf	131,f,c	;volatile
   444                           
   445                           ;display_LCD.c: 411:         PORTD |= (data&0x0f);
   446  000A1A  5001               	movf	WriteDataXLCD@data^0,w,c
   447  000A1C  0B0F               	andlw	15
   448  000A1E  1283               	iorwf	131,f,c	;volatile
   449  000A20                     
   450                           ;display_LCD.c: 413:         DelayFor18TCY();
   451  000A20  ECAC  F005         	call	_DelayFor18TCY	;wreg free
   452  000A24                     
   453                           ;display_LCD.c: 414:         LATDbits.LATD4 = 1;
   454  000A24  888C               	bsf	140,4,c	;volatile
   455  000A26                     
   456                           ;display_LCD.c: 415:         DelayFor18TCY();
   457  000A26  ECAC  F005         	call	_DelayFor18TCY	;wreg free
   458  000A2A                     
   459                           ;display_LCD.c: 416:         LATDbits.LATD4 = 0;
   460  000A2A  988C               	bcf	140,4,c	;volatile
   461                           
   462                           ;display_LCD.c: 420:         TRISD |= 0x0f;
   463  000A2C  0E0F               	movlw	15
   464  000A2E  1295               	iorwf	149,f,c	;volatile
   465  000A30  0012               	return		;funcret
   466  000A32                     __end_of_WriteDataXLCD:
   467                           	opt callstack 0
   468                           
   469 ;; *************** function _LCD_gotoXY *****************
   470 ;; Defined at:
   471 ;;		line 36 in file "display_LCD.c"
   472 ;; Parameters:    Size  Location     Type
   473 ;;  x               2    1[COMRAM] int 
   474 ;;  y               2    3[COMRAM] int 
   475 ;; Auto vars:     Size  Location     Type
   476 ;;		None
   477 ;; Return value:  Size  Location     Type
   478 ;;                  1    wreg      void 
   479 ;; Registers used:
   480 ;;		wreg, status,2, status,0, cstack
   481 ;; Tracked objects:
   482 ;;		On entry : 0/0
   483 ;;		On exit  : 0/0
   484 ;;		Unchanged: 0/0
   485 ;; Data sizes:     COMRAM   BANK0   BANK1   BANK2   BANK3   BANK4   BANK5   BANK6   BANK7
   486 ;;      Params:         4       0       0       0       0       0       0       0       0
   487 ;;      Locals:         0       0       0       0       0       0       0       0       0
   488 ;;      Temps:          0       0       0       0       0       0       0       0       0
   489 ;;      Totals:         4       0       0       0       0       0       0       0       0
   490 ;;Total ram usage:        4 bytes
   491 ;; Hardware stack levels used:    1
   492 ;; Hardware stack levels required when called:    2
   493 ;; This function calls:
   494 ;;		_WriteCmdXLCD
   495 ;; This function is called by:
   496 ;;		_main
   497 ;; This function uses a non-reentrant model
   498 ;;
   499                           
   500                           	psect	text3
   501  000B00                     __ptext3:
   502                           	opt callstack 0
   503  000B00                     _LCD_gotoXY:
   504                           	opt callstack 28
   505  000B00                     
   506                           ;display_LCD.c: 36: void LCD_gotoXY(int x,int y);display_LCD.c: 37: {;display_LCD.c: 38:
      +                               if ( x>0 ){WriteCmdXLCD(0b11000000 +y);}
   507  000B00  BE03               	btfsc	(LCD_gotoXY@x+1)^0,7,c
   508  000B02  EF8B  F005         	goto	u201
   509  000B06  5003               	movf	(LCD_gotoXY@x+1)^0,w,c
   510  000B08  E108               	bnz	u200
   511  000B0A  0402               	decf	LCD_gotoXY@x^0,w,c
   512  000B0C  A0D8               	btfss	status,0,c
   513  000B0E  EF8B  F005         	goto	u201
   514  000B12  EF8D  F005         	goto	u200
   515  000B16                     u201:
   516  000B16  EF93  F005         	goto	l1131
   517  000B1A                     u200:
   518  000B1A  5004               	movf	LCD_gotoXY@y^0,w,c
   519  000B1C  0FC0               	addlw	192
   520  000B1E  EC61  F005         	call	_WriteCmdXLCD
   521  000B22  EF97  F005         	goto	l59
   522  000B26                     l1131:
   523  000B26  5004               	movf	LCD_gotoXY@y^0,w,c
   524  000B28  0F80               	addlw	128
   525  000B2A  EC61  F005         	call	_WriteCmdXLCD
   526  000B2E                     l59:
   527  000B2E  0012               	return		;funcret
   528  000B30                     __end_of_LCD_gotoXY:
   529                           	opt callstack 0
   530                           
   531 ;; *************** function _LCD_Init *****************
   532 ;; Defined at:
   533 ;;		line 13 in file "main.c"
   534 ;; Parameters:    Size  Location     Type
   535 ;;		None
   536 ;; Auto vars:     Size  Location     Type
   537 ;;		None
   538 ;; Return value:  Size  Location     Type
   539 ;;                  1    wreg      void 
   540 ;; Registers used:
   541 ;;		wreg, status,2, status,0, cstack
   542 ;; Tracked objects:
   543 ;;		On entry : 0/0
   544 ;;		On exit  : 0/0
   545 ;;		Unchanged: 0/0
   546 ;; Data sizes:     COMRAM   BANK0   BANK1   BANK2   BANK3   BANK4   BANK5   BANK6   BANK7
   547 ;;      Params:         0       0       0       0       0       0       0       0       0
   548 ;;      Locals:         0       0       0       0       0       0       0       0       0
   549 ;;      Temps:          0       0       0       0       0       0       0       0       0
   550 ;;      Totals:         0       0       0       0       0       0       0       0       0
   551 ;;Total ram usage:        0 bytes
   552 ;; Hardware stack levels used:    1
   553 ;; Hardware stack levels required when called:    3
   554 ;; This function calls:
   555 ;;		_BusyXLCD
   556 ;;		_OpenXLCD
   557 ;;		_WriteCmdXLCD
   558 ;; This function is called by:
   559 ;;		_main
   560 ;; This function uses a non-reentrant model
   561 ;;
   562                           
   563                           	psect	text4
   564  000B30                     __ptext4:
   565                           	opt callstack 0
   566  000B30                     _LCD_Init:
   567                           	opt callstack 27
   568  000B30                     
   569                           ;main.c: 15:     OpenXLCD(0b00101100 & 0b00111000);
   570  000B30  0E28               	movlw	40
   571  000B32  EC12  F004         	call	_OpenXLCD
   572  000B36                     l985:
   573  000B36  EC3E  F005         	call	_BusyXLCD	;wreg free
   574  000B3A  0900               	iorlw	0
   575  000B3C  A4D8               	btfss	status,2,c
   576  000B3E  EFA3  F005         	goto	u111
   577  000B42  EFA5  F005         	goto	u110
   578  000B46                     u111:
   579  000B46  EF9B  F005         	goto	l985
   580  000B4A                     u110:
   581  000B4A                     
   582                           ;main.c: 17:     WriteCmdXLCD(0x06);
   583  000B4A  0E06               	movlw	6
   584  000B4C  EC61  F005         	call	_WriteCmdXLCD
   585                           
   586                           ;main.c: 18:     WriteCmdXLCD(0x0C);
   587  000B50  0E0C               	movlw	12
   588  000B52  EC61  F005         	call	_WriteCmdXLCD
   589  000B56  0012               	return		;funcret
   590  000B58                     __end_of_LCD_Init:
   591                           	opt callstack 0
   592                           
   593 ;; *************** function _OpenXLCD *****************
   594 ;; Defined at:
   595 ;;		line 55 in file "display_LCD.c"
   596 ;; Parameters:    Size  Location     Type
   597 ;;  lcdtype         1    wreg     unsigned char 
   598 ;; Auto vars:     Size  Location     Type
   599 ;;  lcdtype         1    4[COMRAM] unsigned char 
   600 ;; Return value:  Size  Location     Type
   601 ;;                  1    wreg      void 
   602 ;; Registers used:
   603 ;;		wreg, status,2, status,0, cstack
   604 ;; Tracked objects:
   605 ;;		On entry : 0/0
   606 ;;		On exit  : 0/0
   607 ;;		Unchanged: 0/0
   608 ;; Data sizes:     COMRAM   BANK0   BANK1   BANK2   BANK3   BANK4   BANK5   BANK6   BANK7
   609 ;;      Params:         0       0       0       0       0       0       0       0       0
   610 ;;      Locals:         1       0       0       0       0       0       0       0       0
   611 ;;      Temps:          0       0       0       0       0       0       0       0       0
   612 ;;      Totals:         1       0       0       0       0       0       0       0       0
   613 ;;Total ram usage:        1 bytes
   614 ;; Hardware stack levels used:    1
   615 ;; Hardware stack levels required when called:    2
   616 ;; This function calls:
   617 ;;		_BusyXLCD
   618 ;;		_DelayPORXLCD
   619 ;;		_SetDDRamAddr
   620 ;;		_WriteCmdXLCD
   621 ;; This function is called by:
   622 ;;		_LCD_Init
   623 ;; This function uses a non-reentrant model
   624 ;;
   625                           
   626                           	psect	text5
   627  000824                     __ptext5:
   628                           	opt callstack 0
   629  000824                     _OpenXLCD:
   630                           	opt callstack 27
   631                           
   632                           ;incstack = 0
   633                           ;OpenXLCD@lcdtype stored from wreg
   634  000824  6E05               	movwf	OpenXLCD@lcdtype^0,c
   635  000826                     
   636                           ;display_LCD.c: 55: void OpenXLCD(unsigned char lcdtype);display_LCD.c: 56: {;display_LC
      +                          D.c: 67:         PORTD &= 0xf0;
   637  000826  0EF0               	movlw	240
   638  000828  1683               	andwf	131,f,c	;volatile
   639                           
   640                           ;display_LCD.c: 68:         TRISD &= 0xF0;
   641  00082A  0EF0               	movlw	240
   642  00082C  1695               	andwf	149,f,c	;volatile
   643  00082E                     
   644                           ;display_LCD.c: 71:         TRISDbits.TRISD6 = 0;
   645  00082E  9C95               	bcf	149,6,c	;volatile
   646  000830                     
   647                           ;display_LCD.c: 72:         TRISDbits.TRISD5 = 0;
   648  000830  9A95               	bcf	149,5,c	;volatile
   649  000832                     
   650                           ;display_LCD.c: 73:         TRISDbits.TRISD4 = 0;
   651  000832  9895               	bcf	149,4,c	;volatile
   652  000834                     
   653                           ;display_LCD.c: 74:         LATDbits.LATD6 = 0;
   654  000834  9C8C               	bcf	140,6,c	;volatile
   655  000836                     
   656                           ;display_LCD.c: 75:         LATDbits.LATD5 = 0;
   657  000836  9A8C               	bcf	140,5,c	;volatile
   658  000838                     
   659                           ;display_LCD.c: 76:         LATDbits.LATD4 = 0;
   660  000838  988C               	bcf	140,4,c	;volatile
   661  00083A                     
   662                           ;display_LCD.c: 79:         DelayPORXLCD();
   663  00083A  ECB9  F005         	call	_DelayPORXLCD	;wreg free
   664  00083E                     
   665                           ;display_LCD.c: 81:    WriteCmdXLCD(0x30);
   666  00083E  0E30               	movlw	48
   667  000840  EC61  F005         	call	_WriteCmdXLCD
   668  000844                     
   669                           ;display_LCD.c: 82:          _delay((unsigned long)((1)*(20000000L/4000000.0)));
   670  000844  D000               	nop2		;2 cycle nop
   671  000846  D000               	nop2		;2 cycle nop
   672  000848  F000               	nop	
   673  00084A                     
   674                           ;display_LCD.c: 84:    WriteCmdXLCD(0x30);
   675  00084A  0E30               	movlw	48
   676  00084C  EC61  F005         	call	_WriteCmdXLCD
   677  000850                     
   678                           ;display_LCD.c: 85:    _delay((unsigned long)((1)*(20000000L/4000000.0)));
   679  000850  D000               	nop2		;2 cycle nop
   680  000852  D000               	nop2		;2 cycle nop
   681  000854  F000               	nop	
   682  000856                     
   683                           ;display_LCD.c: 88:    WriteCmdXLCD(0x32);
   684  000856  0E32               	movlw	50
   685  000858  EC61  F005         	call	_WriteCmdXLCD
   686  00085C                     l927:
   687  00085C  EC3E  F005         	call	_BusyXLCD	;wreg free
   688  000860  0900               	iorlw	0
   689  000862  A4D8               	btfss	status,2,c
   690  000864  EF36  F004         	goto	u31
   691  000868  EF38  F004         	goto	u30
   692  00086C                     u31:
   693  00086C  EF2E  F004         	goto	l927
   694  000870                     u30:
   695  000870                     l929:
   696  000870  EC3E  F005         	call	_BusyXLCD	;wreg free
   697  000874  0900               	iorlw	0
   698  000876  A4D8               	btfss	status,2,c
   699  000878  EF40  F004         	goto	u41
   700  00087C  EF42  F004         	goto	u40
   701  000880                     u41:
   702  000880  EF38  F004         	goto	l929
   703  000884                     u40:
   704  000884                     
   705                           ;display_LCD.c: 95:         WriteCmdXLCD(lcdtype);
   706  000884  5005               	movf	OpenXLCD@lcdtype^0,w,c
   707  000886  EC61  F005         	call	_WriteCmdXLCD
   708  00088A                     l933:
   709  00088A  EC3E  F005         	call	_BusyXLCD	;wreg free
   710  00088E  0900               	iorlw	0
   711  000890  A4D8               	btfss	status,2,c
   712  000892  EF4D  F004         	goto	u51
   713  000896  EF4F  F004         	goto	u50
   714  00089A                     u51:
   715  00089A  EF45  F004         	goto	l933
   716  00089E                     u50:
   717  00089E                     
   718                           ;display_LCD.c: 99:         WriteCmdXLCD(0b00001011&0b00001101&0b00001110);
   719  00089E  0E08               	movlw	8
   720  0008A0  EC61  F005         	call	_WriteCmdXLCD
   721  0008A4                     l937:
   722  0008A4  EC3E  F005         	call	_BusyXLCD	;wreg free
   723  0008A8  0900               	iorlw	0
   724  0008AA  A4D8               	btfss	status,2,c
   725  0008AC  EF5A  F004         	goto	u61
   726  0008B0  EF5C  F004         	goto	u60
   727  0008B4                     u61:
   728  0008B4  EF52  F004         	goto	l937
   729  0008B8                     u60:
   730  0008B8                     
   731                           ;display_LCD.c: 101:         WriteCmdXLCD(0b00001111&0b00001111&0b00001111);
   732  0008B8  0E0F               	movlw	15
   733  0008BA  EC61  F005         	call	_WriteCmdXLCD
   734  0008BE                     l941:
   735  0008BE  EC3E  F005         	call	_BusyXLCD	;wreg free
   736  0008C2  0900               	iorlw	0
   737  0008C4  A4D8               	btfss	status,2,c
   738  0008C6  EF67  F004         	goto	u71
   739  0008CA  EF69  F004         	goto	u70
   740  0008CE                     u71:
   741  0008CE  EF5F  F004         	goto	l941
   742  0008D2                     u70:
   743  0008D2                     
   744                           ;display_LCD.c: 105:         WriteCmdXLCD(0x01);
   745  0008D2  0E01               	movlw	1
   746  0008D4  EC61  F005         	call	_WriteCmdXLCD
   747  0008D8                     l945:
   748  0008D8  EC3E  F005         	call	_BusyXLCD	;wreg free
   749  0008DC  0900               	iorlw	0
   750  0008DE  A4D8               	btfss	status,2,c
   751  0008E0  EF74  F004         	goto	u81
   752  0008E4  EF76  F004         	goto	u80
   753  0008E8                     u81:
   754  0008E8  EF6C  F004         	goto	l945
   755  0008EC                     u80:
   756  0008EC                     
   757                           ;display_LCD.c: 109:         WriteCmdXLCD(0b00000100);
   758  0008EC  0E04               	movlw	4
   759  0008EE  EC61  F005         	call	_WriteCmdXLCD
   760  0008F2                     l949:
   761  0008F2  EC3E  F005         	call	_BusyXLCD	;wreg free
   762  0008F6  0900               	iorlw	0
   763  0008F8  A4D8               	btfss	status,2,c
   764  0008FA  EF81  F004         	goto	u91
   765  0008FE  EF83  F004         	goto	u90
   766  000902                     u91:
   767  000902  EF79  F004         	goto	l949
   768  000906                     u90:
   769  000906                     
   770                           ;display_LCD.c: 113:         SetDDRamAddr(0x80);
   771  000906  0E80               	movlw	128
   772  000908  ECC3  F004         	call	_SetDDRamAddr
   773  00090C  0012               	return		;funcret
   774  00090E                     __end_of_OpenXLCD:
   775                           	opt callstack 0
   776                           
   777 ;; *************** function _WriteCmdXLCD *****************
   778 ;; Defined at:
   779 ;;		line 143 in file "display_LCD.c"
   780 ;; Parameters:    Size  Location     Type
   781 ;;  cmd             1    wreg     unsigned char 
   782 ;; Auto vars:     Size  Location     Type
   783 ;;  cmd             1    0[COMRAM] unsigned char 
   784 ;; Return value:  Size  Location     Type
   785 ;;                  1    wreg      void 
   786 ;; Registers used:
   787 ;;		wreg, status,2, status,0, cstack
   788 ;; Tracked objects:
   789 ;;		On entry : 0/0
   790 ;;		On exit  : 0/0
   791 ;;		Unchanged: 0/0
   792 ;; Data sizes:     COMRAM   BANK0   BANK1   BANK2   BANK3   BANK4   BANK5   BANK6   BANK7
   793 ;;      Params:         0       0       0       0       0       0       0       0       0
   794 ;;      Locals:         1       0       0       0       0       0       0       0       0
   795 ;;      Temps:          0       0       0       0       0       0       0       0       0
   796 ;;      Totals:         1       0       0       0       0       0       0       0       0
   797 ;;Total ram usage:        1 bytes
   798 ;; Hardware stack levels used:    1
   799 ;; Hardware stack levels required when called:    1
   800 ;; This function calls:
   801 ;;		_DelayFor18TCY
   802 ;; This function is called by:
   803 ;;		_LCD_Init
   804 ;;		_LCD_gotoXY
   805 ;;		_OpenXLCD
   806 ;; This function uses a non-reentrant model
   807 ;;
   808                           
   809                           	psect	text6
   810  000AC2                     __ptext6:
   811                           	opt callstack 0
   812  000AC2                     _WriteCmdXLCD:
   813                           	opt callstack 28
   814                           
   815                           ;incstack = 0
   816                           ;WriteCmdXLCD@cmd stored from wreg
   817  000AC2  6E01               	movwf	WriteCmdXLCD@cmd^0,c
   818  000AC4                     
   819                           ;display_LCD.c: 143: void WriteCmdXLCD(unsigned char cmd);display_LCD.c: 144: {;display_
      +                          LCD.c: 162:         TRISD &= 0xf0;
   820  000AC4  0EF0               	movlw	240
   821  000AC6  1695               	andwf	149,f,c	;volatile
   822                           
   823                           ;display_LCD.c: 163:         PORTD &= 0xf0;
   824  000AC8  0EF0               	movlw	240
   825  000ACA  1683               	andwf	131,f,c	;volatile
   826                           
   827                           ;display_LCD.c: 164:         PORTD |= (cmd>>4)&0x0f;
   828  000ACC  3801               	swapf	WriteCmdXLCD@cmd^0,w,c
   829  000ACE  0B0F               	andlw	15
   830  000AD0  0B0F               	andlw	15
   831  000AD2  1283               	iorwf	131,f,c	;volatile
   832  000AD4                     
   833                           ;display_LCD.c: 166:         LATDbits.LATD6 = 0;
   834  000AD4  9C8C               	bcf	140,6,c	;volatile
   835  000AD6                     
   836                           ;display_LCD.c: 167:         LATDbits.LATD5 = 0;
   837  000AD6  9A8C               	bcf	140,5,c	;volatile
   838  000AD8                     
   839                           ;display_LCD.c: 168:         DelayFor18TCY();
   840  000AD8  ECAC  F005         	call	_DelayFor18TCY	;wreg free
   841  000ADC                     
   842                           ;display_LCD.c: 169:         LATDbits.LATD4 = 1;
   843  000ADC  888C               	bsf	140,4,c	;volatile
   844  000ADE                     
   845                           ;display_LCD.c: 170:         DelayFor18TCY();
   846  000ADE  ECAC  F005         	call	_DelayFor18TCY	;wreg free
   847  000AE2                     
   848                           ;display_LCD.c: 171:         LATDbits.LATD4 = 0;
   849  000AE2  988C               	bcf	140,4,c	;volatile
   850                           
   851                           ;display_LCD.c: 176:         PORTD &= 0xf0;
   852  000AE4  0EF0               	movlw	240
   853  000AE6  1683               	andwf	131,f,c	;volatile
   854                           
   855                           ;display_LCD.c: 177:         PORTD |= cmd&0x0f;
   856  000AE8  5001               	movf	WriteCmdXLCD@cmd^0,w,c
   857  000AEA  0B0F               	andlw	15
   858  000AEC  1283               	iorwf	131,f,c	;volatile
   859  000AEE                     
   860                           ;display_LCD.c: 179:         DelayFor18TCY();
   861  000AEE  ECAC  F005         	call	_DelayFor18TCY	;wreg free
   862  000AF2                     
   863                           ;display_LCD.c: 180:         LATDbits.LATD4 = 1;
   864  000AF2  888C               	bsf	140,4,c	;volatile
   865  000AF4                     
   866                           ;display_LCD.c: 181:         DelayFor18TCY();
   867  000AF4  ECAC  F005         	call	_DelayFor18TCY	;wreg free
   868  000AF8                     
   869                           ;display_LCD.c: 182:         LATDbits.LATD4 = 0;
   870  000AF8  988C               	bcf	140,4,c	;volatile
   871                           
   872                           ;display_LCD.c: 186:         TRISD |= 0x0f;
   873  000AFA  0E0F               	movlw	15
   874  000AFC  1295               	iorwf	149,f,c	;volatile
   875  000AFE  0012               	return		;funcret
   876  000B00                     __end_of_WriteCmdXLCD:
   877                           	opt callstack 0
   878                           
   879 ;; *************** function _SetDDRamAddr *****************
   880 ;; Defined at:
   881 ;;		line 284 in file "display_LCD.c"
   882 ;; Parameters:    Size  Location     Type
   883 ;;  DDaddr          1    wreg     unsigned char 
   884 ;; Auto vars:     Size  Location     Type
   885 ;;  DDaddr          1    3[COMRAM] unsigned char 
   886 ;; Return value:  Size  Location     Type
   887 ;;                  1    wreg      void 
   888 ;; Registers used:
   889 ;;		wreg, status,2, status,0, cstack
   890 ;; Tracked objects:
   891 ;;		On entry : 0/0
   892 ;;		On exit  : 0/0
   893 ;;		Unchanged: 0/0
   894 ;; Data sizes:     COMRAM   BANK0   BANK1   BANK2   BANK3   BANK4   BANK5   BANK6   BANK7
   895 ;;      Params:         0       0       0       0       0       0       0       0       0
   896 ;;      Locals:         1       0       0       0       0       0       0       0       0
   897 ;;      Temps:          3       0       0       0       0       0       0       0       0
   898 ;;      Totals:         4       0       0       0       0       0       0       0       0
   899 ;;Total ram usage:        4 bytes
   900 ;; Hardware stack levels used:    1
   901 ;; Hardware stack levels required when called:    1
   902 ;; This function calls:
   903 ;;		_DelayFor18TCY
   904 ;; This function is called by:
   905 ;;		_OpenXLCD
   906 ;; This function uses a non-reentrant model
   907 ;;
   908                           
   909                           	psect	text7
   910  000986                     __ptext7:
   911                           	opt callstack 0
   912  000986                     _SetDDRamAddr:
   913                           	opt callstack 27
   914                           
   915                           ;incstack = 0
   916                           ;SetDDRamAddr@DDaddr stored from wreg
   917  000986  6E04               	movwf	SetDDRamAddr@DDaddr^0,c
   918  000988                     
   919                           ;display_LCD.c: 284: void SetDDRamAddr(unsigned char DDaddr);display_LCD.c: 285: {;displ
      +                          ay_LCD.c: 303:         TRISD &= 0xf0;
   920  000988  0EF0               	movlw	240
   921  00098A  1695               	andwf	149,f,c	;volatile
   922                           
   923                           ;display_LCD.c: 304:         PORTD &= 0xf0;
   924  00098C  0EF0               	movlw	240
   925  00098E  1683               	andwf	131,f,c	;volatile
   926                           
   927                           ;display_LCD.c: 305:         PORTD |= (((DDaddr | 0b10000000)>>4) & 0x0f);
   928  000990  5004               	movf	SetDDRamAddr@DDaddr^0,w,c
   929  000992  6E01               	movwf	??_SetDDRamAddr^0,c
   930  000994  6A02               	clrf	(??_SetDDRamAddr+1)^0,c
   931  000996  0E80               	movlw	128
   932  000998  1201               	iorwf	??_SetDDRamAddr^0,f,c
   933  00099A  0E00               	movlw	0
   934  00099C  1202               	iorwf	(??_SetDDRamAddr+1)^0,f,c
   935  00099E  0E04               	movlw	4
   936  0009A0  6E03               	movwf	(??_SetDDRamAddr+2)^0,c
   937  0009A2                     u25:
   938  0009A2  3402               	rlcf	(??_SetDDRamAddr+1)^0,w,c
   939  0009A4  3202               	rrcf	(??_SetDDRamAddr+1)^0,f,c
   940  0009A6  3201               	rrcf	??_SetDDRamAddr^0,f,c
   941  0009A8  2E03               	decfsz	(??_SetDDRamAddr+2)^0,f,c
   942  0009AA  EFD1  F004         	goto	u25
   943  0009AE  5001               	movf	??_SetDDRamAddr^0,w,c
   944  0009B0  0B0F               	andlw	15
   945  0009B2  1283               	iorwf	131,f,c	;volatile
   946  0009B4                     
   947                           ;display_LCD.c: 307:         LATDbits.LATD6 = 0;
   948  0009B4  9C8C               	bcf	140,6,c	;volatile
   949  0009B6                     
   950                           ;display_LCD.c: 308:         LATDbits.LATD5 = 0;
   951  0009B6  9A8C               	bcf	140,5,c	;volatile
   952  0009B8                     
   953                           ;display_LCD.c: 309:         DelayFor18TCY();
   954  0009B8  ECAC  F005         	call	_DelayFor18TCY	;wreg free
   955  0009BC                     
   956                           ;display_LCD.c: 310:         LATDbits.LATD4 = 1;
   957  0009BC  888C               	bsf	140,4,c	;volatile
   958  0009BE                     
   959                           ;display_LCD.c: 311:         DelayFor18TCY();
   960  0009BE  ECAC  F005         	call	_DelayFor18TCY	;wreg free
   961  0009C2                     
   962                           ;display_LCD.c: 312:         LATDbits.LATD4 = 0;
   963  0009C2  988C               	bcf	140,4,c	;volatile
   964                           
   965                           ;display_LCD.c: 317:         PORTD &= 0xf0;
   966  0009C4  0EF0               	movlw	240
   967  0009C6  1683               	andwf	131,f,c	;volatile
   968                           
   969                           ;display_LCD.c: 318:         PORTD |= (DDaddr&0x0f);
   970  0009C8  5004               	movf	SetDDRamAddr@DDaddr^0,w,c
   971  0009CA  0B0F               	andlw	15
   972  0009CC  1283               	iorwf	131,f,c	;volatile
   973  0009CE                     
   974                           ;display_LCD.c: 320:         DelayFor18TCY();
   975  0009CE  ECAC  F005         	call	_DelayFor18TCY	;wreg free
   976  0009D2                     
   977                           ;display_LCD.c: 321:         LATDbits.LATD4 = 1;
   978  0009D2  888C               	bsf	140,4,c	;volatile
   979  0009D4                     
   980                           ;display_LCD.c: 322:         DelayFor18TCY();
   981  0009D4  ECAC  F005         	call	_DelayFor18TCY	;wreg free
   982  0009D8                     
   983                           ;display_LCD.c: 323:         LATDbits.LATD4 = 0;
   984  0009D8  988C               	bcf	140,4,c	;volatile
   985                           
   986                           ;display_LCD.c: 327:         TRISD |= 0x0f;
   987  0009DA  0E0F               	movlw	15
   988  0009DC  1295               	iorwf	149,f,c	;volatile
   989  0009DE  0012               	return		;funcret
   990  0009E0                     __end_of_SetDDRamAddr:
   991                           	opt callstack 0
   992                           
   993 ;; *************** function _DelayPORXLCD *****************
   994 ;; Defined at:
   995 ;;		line 25 in file "display_LCD.c"
   996 ;; Parameters:    Size  Location     Type
   997 ;;		None
   998 ;; Auto vars:     Size  Location     Type
   999 ;;		None
  1000 ;; Return value:  Size  Location     Type
  1001 ;;                  1    wreg      void 
  1002 ;; Registers used:
  1003 ;;		wreg
  1004 ;; Tracked objects:
  1005 ;;		On entry : 0/0
  1006 ;;		On exit  : 0/0
  1007 ;;		Unchanged: 0/0
  1008 ;; Data sizes:     COMRAM   BANK0   BANK1   BANK2   BANK3   BANK4   BANK5   BANK6   BANK7
  1009 ;;      Params:         0       0       0       0       0       0       0       0       0
  1010 ;;      Locals:         0       0       0       0       0       0       0       0       0
  1011 ;;      Temps:          1       0       0       0       0       0       0       0       0
  1012 ;;      Totals:         1       0       0       0       0       0       0       0       0
  1013 ;;Total ram usage:        1 bytes
  1014 ;; Hardware stack levels used:    1
  1015 ;; This function calls:
  1016 ;;		Nothing
  1017 ;; This function is called by:
  1018 ;;		_OpenXLCD
  1019 ;; This function uses a non-reentrant model
  1020 ;;
  1021                           
  1022                           	psect	text8
  1023  000B72                     __ptext8:
  1024                           	opt callstack 0
  1025  000B72                     _DelayPORXLCD:
  1026                           	opt callstack 28
  1027  000B72                     
  1028                           ;display_LCD.c: 26:     _delay((unsigned long)((15)*(20000000L/4000.0)));
  1029  000B72  0E62               	movlw	98
  1030  000B74  6E01               	movwf	??_DelayPORXLCD^0,c
  1031  000B76  0E66               	movlw	102
  1032  000B78                     u257:
  1033  000B78  2EE8               	decfsz	wreg,f,c
  1034  000B7A  D7FE               	bra	u257
  1035  000B7C  2E01               	decfsz	??_DelayPORXLCD^0,f,c
  1036  000B7E  D7FC               	bra	u257
  1037  000B80  0012               	return		;funcret
  1038  000B82                     __end_of_DelayPORXLCD:
  1039                           	opt callstack 0
  1040                           
  1041 ;; *************** function _BusyXLCD *****************
  1042 ;; Defined at:
  1043 ;;		line 427 in file "display_LCD.c"
  1044 ;; Parameters:    Size  Location     Type
  1045 ;;		None
  1046 ;; Auto vars:     Size  Location     Type
  1047 ;;		None
  1048 ;; Return value:  Size  Location     Type
  1049 ;;                  1    wreg      unsigned char 
  1050 ;; Registers used:
  1051 ;;		wreg, cstack
  1052 ;; Tracked objects:
  1053 ;;		On entry : 0/0
  1054 ;;		On exit  : 0/0
  1055 ;;		Unchanged: 0/0
  1056 ;; Data sizes:     COMRAM   BANK0   BANK1   BANK2   BANK3   BANK4   BANK5   BANK6   BANK7
  1057 ;;      Params:         0       0       0       0       0       0       0       0       0
  1058 ;;      Locals:         0       0       0       0       0       0       0       0       0
  1059 ;;      Temps:          0       0       0       0       0       0       0       0       0
  1060 ;;      Totals:         0       0       0       0       0       0       0       0       0
  1061 ;;Total ram usage:        0 bytes
  1062 ;; Hardware stack levels used:    1
  1063 ;; Hardware stack levels required when called:    1
  1064 ;; This function calls:
  1065 ;;		_DelayFor18TCY
  1066 ;; This function is called by:
  1067 ;;		_LCD_Init
  1068 ;;		_OpenXLCD
  1069 ;;		_putrsXLCD
  1070 ;;		_WriteDataXLCD
  1071 ;;		_putsXLCD
  1072 ;;		_SetCGRamAddr
  1073 ;; This function uses a non-reentrant model
  1074 ;;
  1075                           
  1076                           	psect	text9
  1077  000A7C                     __ptext9:
  1078                           	opt callstack 0
  1079  000A7C                     _BusyXLCD:
  1080                           	opt callstack 27
  1081  000A7C                     
  1082                           ;display_LCD.c: 429:         LATDbits.LATD6 = 1;
  1083  000A7C  8C8C               	bsf	140,6,c	;volatile
  1084                           
  1085                           ;display_LCD.c: 430:         LATDbits.LATD5 = 0;
  1086  000A7E  9A8C               	bcf	140,5,c	;volatile
  1087  000A80                     
  1088                           ;display_LCD.c: 431:         DelayFor18TCY();
  1089  000A80  ECAC  F005         	call	_DelayFor18TCY	;wreg free
  1090  000A84                     
  1091                           ;display_LCD.c: 432:         LATDbits.LATD4 = 1;
  1092  000A84  888C               	bsf	140,4,c	;volatile
  1093                           
  1094                           ;display_LCD.c: 433:         DelayFor18TCY();
  1095  000A86  ECAC  F005         	call	_DelayFor18TCY	;wreg free
  1096  000A8A                     
  1097                           ;display_LCD.c: 451:         if(PORTD&0x08)
  1098  000A8A  A683               	btfss	131,3,c	;volatile
  1099  000A8C  EF4A  F005         	goto	u11
  1100  000A90  EF4C  F005         	goto	u10
  1101  000A94                     u11:
  1102  000A94  EF57  F005         	goto	l133
  1103  000A98                     u10:
  1104  000A98                     
  1105                           ;display_LCD.c: 453:         {;display_LCD.c: 454:                 LATDbits.LATD4 = 0;
  1106  000A98  988C               	bcf	140,4,c	;volatile
  1107  000A9A                     
  1108                           ;display_LCD.c: 455:                 DelayFor18TCY();
  1109  000A9A  ECAC  F005         	call	_DelayFor18TCY	;wreg free
  1110  000A9E                     
  1111                           ;display_LCD.c: 456:                 LATDbits.LATD4 = 1;
  1112  000A9E  888C               	bsf	140,4,c	;volatile
  1113                           
  1114                           ;display_LCD.c: 457:                 DelayFor18TCY();
  1115  000AA0  ECAC  F005         	call	_DelayFor18TCY	;wreg free
  1116  000AA4                     
  1117                           ;display_LCD.c: 458:                 LATDbits.LATD4 = 0;
  1118  000AA4  988C               	bcf	140,4,c	;volatile
  1119  000AA6                     
  1120                           ;display_LCD.c: 459:                 LATDbits.LATD6 = 0;
  1121  000AA6  9C8C               	bcf	140,6,c	;volatile
  1122  000AA8                     
  1123                           ;display_LCD.c: 460:                 return 1;
  1124  000AA8  0E01               	movlw	1
  1125  000AAA  EF60  F005         	goto	l134
  1126  000AAE                     l133:
  1127                           
  1128                           ;display_LCD.c: 463:         {;display_LCD.c: 464:                 LATDbits.LATD4 = 0;
  1129  000AAE  988C               	bcf	140,4,c	;volatile
  1130  000AB0                     
  1131                           ;display_LCD.c: 465:                 DelayFor18TCY();
  1132  000AB0  ECAC  F005         	call	_DelayFor18TCY	;wreg free
  1133  000AB4                     
  1134                           ;display_LCD.c: 466:                 LATDbits.LATD4 = 1;
  1135  000AB4  888C               	bsf	140,4,c	;volatile
  1136                           
  1137                           ;display_LCD.c: 467:                 DelayFor18TCY();
  1138  000AB6  ECAC  F005         	call	_DelayFor18TCY	;wreg free
  1139  000ABA                     
  1140                           ;display_LCD.c: 468:                 LATDbits.LATD4 = 0;
  1141  000ABA  988C               	bcf	140,4,c	;volatile
  1142  000ABC                     
  1143                           ;display_LCD.c: 469:                 LATDbits.LATD6 = 0;
  1144  000ABC  9C8C               	bcf	140,6,c	;volatile
  1145  000ABE                     
  1146                           ;display_LCD.c: 470:                 return 0;
  1147  000ABE  0E00               	movlw	0
  1148  000AC0                     l134:
  1149  000AC0  0012               	return		;funcret
  1150  000AC2                     __end_of_BusyXLCD:
  1151                           	opt callstack 0
  1152                           
  1153 ;; *************** function _DelayFor18TCY *****************
  1154 ;; Defined at:
  1155 ;;		line 8 in file "display_LCD.c"
  1156 ;; Parameters:    Size  Location     Type
  1157 ;;		None
  1158 ;; Auto vars:     Size  Location     Type
  1159 ;;		None
  1160 ;; Return value:  Size  Location     Type
  1161 ;;                  1    wreg      void 
  1162 ;; Registers used:
  1163 ;;		None
  1164 ;; Tracked objects:
  1165 ;;		On entry : 0/0
  1166 ;;		On exit  : 0/0
  1167 ;;		Unchanged: 0/0
  1168 ;; Data sizes:     COMRAM   BANK0   BANK1   BANK2   BANK3   BANK4   BANK5   BANK6   BANK7
  1169 ;;      Params:         0       0       0       0       0       0       0       0       0
  1170 ;;      Locals:         0       0       0       0       0       0       0       0       0
  1171 ;;      Temps:          0       0       0       0       0       0       0       0       0
  1172 ;;      Totals:         0       0       0       0       0       0       0       0       0
  1173 ;;Total ram usage:        0 bytes
  1174 ;; Hardware stack levels used:    1
  1175 ;; This function calls:
  1176 ;;		Nothing
  1177 ;; This function is called by:
  1178 ;;		_WriteCmdXLCD
  1179 ;;		_SetDDRamAddr
  1180 ;;		_WriteDataXLCD
  1181 ;;		_BusyXLCD
  1182 ;;		_ReadAddrXLCD
  1183 ;;		_ReadDataXLCD
  1184 ;; This function uses a non-reentrant model
  1185 ;;
  1186                           
  1187                           	psect	text10
  1188  000B58                     __ptext10:
  1189                           	opt callstack 0
  1190  000B58                     _DelayFor18TCY:
  1191                           	opt callstack 28
  1192  000B58                     
  1193                           ;display_LCD.c: 9:     __nop();
  1194  000B58  F000               	nop	
  1195                           
  1196                           ;display_LCD.c: 10:     __nop();
  1197  000B5A  F000               	nop	
  1198                           
  1199                           ;display_LCD.c: 11:     __nop();
  1200  000B5C  F000               	nop	
  1201                           
  1202                           ;display_LCD.c: 12:     __nop();
  1203  000B5E  F000               	nop	
  1204                           
  1205                           ;display_LCD.c: 13:     __nop();
  1206  000B60  F000               	nop	
  1207                           
  1208                           ;display_LCD.c: 14:     __nop();
  1209  000B62  F000               	nop	
  1210                           
  1211                           ;display_LCD.c: 15:     __nop();
  1212  000B64  F000               	nop	
  1213                           
  1214                           ;display_LCD.c: 16:     __nop();
  1215  000B66  F000               	nop	
  1216                           
  1217                           ;display_LCD.c: 17:     __nop();
  1218  000B68  F000               	nop	
  1219                           
  1220                           ;display_LCD.c: 18:     __nop();
  1221  000B6A  F000               	nop	
  1222                           
  1223                           ;display_LCD.c: 19:     __nop();
  1224  000B6C  F000               	nop	
  1225                           
  1226                           ;display_LCD.c: 20:     __nop();
  1227  000B6E  F000               	nop	
  1228  000B70  0012               	return		;funcret
  1229  000B72                     __end_of_DelayFor18TCY:
  1230                           	opt callstack 0
  1231                           
  1232                           	psect	rparam
  1233  0000                     tosu	equ	0xFFF
  1234                           tosh	equ	0xFFE
  1235                           tosl	equ	0xFFD
  1236                           stkptr	equ	0xFFC
  1237                           pclatu	equ	0xFFB
  1238                           pclath	equ	0xFFA
  1239                           pcl	equ	0xFF9
  1240                           tblptru	equ	0xFF8
  1241                           tblptrh	equ	0xFF7
  1242                           tblptrl	equ	0xFF6
  1243                           tablat	equ	0xFF5
  1244                           prodh	equ	0xFF4
  1245                           prodl	equ	0xFF3
  1246                           indf0	equ	0xFEF
  1247                           postinc0	equ	0xFEE
  1248                           postdec0	equ	0xFED
  1249                           preinc0	equ	0xFEC
  1250                           plusw0	equ	0xFEB
  1251                           fsr0h	equ	0xFEA
  1252                           fsr0l	equ	0xFE9
  1253                           wreg	equ	0xFE8
  1254                           indf1	equ	0xFE7
  1255                           postinc1	equ	0xFE6
  1256                           postdec1	equ	0xFE5
  1257                           preinc1	equ	0xFE4
  1258                           plusw1	equ	0xFE3
  1259                           fsr1h	equ	0xFE2
  1260                           fsr1l	equ	0xFE1
  1261                           bsr	equ	0xFE0
  1262                           indf2	equ	0xFDF
  1263                           postinc2	equ	0xFDE
  1264                           postdec2	equ	0xFDD
  1265                           preinc2	equ	0xFDC
  1266                           plusw2	equ	0xFDB
  1267                           fsr2h	equ	0xFDA
  1268                           fsr2l	equ	0xFD9
  1269                           status	equ	0xFD8


Data Sizes:
    Strings     34
    Constant    0
    Data        0
    BSS         0
    Persistent  0
    Stack       0

Auto Spaces:
    Space          Size  Autos    Used
    COMRAM           95      7       7
    BANK0           160      0       0
    BANK1           256      0       0
    BANK2           256      0       0
    BANK3           256      0       0
    BANK4           256      0       0
    BANK5           256      0       0
    BANK6           256      0       0
    BANK7           256      0       0

Pointer List with Targets:

    putrsXLCD@buffer	PTR const unsigned char  size(2) Largest target is 17
		 -> STR_2(CODE[17]), STR_1(CODE[17]), 


Critical Paths under _main in COMRAM

    _main->_LCD_gotoXY
    _putrsXLCD->_WriteDataXLCD
    _LCD_gotoXY->_WriteCmdXLCD
    _LCD_Init->_OpenXLCD
    _OpenXLCD->_SetDDRamAddr

Critical Paths under _main in BANK0

    None.

Critical Paths under _main in BANK1

    None.

Critical Paths under _main in BANK2

    None.

Critical Paths under _main in BANK3

    None.

Critical Paths under _main in BANK4

    None.

Critical Paths under _main in BANK5

    None.

Critical Paths under _main in BANK6

    None.

Critical Paths under _main in BANK7

    None.

Call Graph Tables:

 ---------------------------------------------------------------------------------
 (Depth) Function   	        Calls       Base Space   Used Autos Params    Refs
 ---------------------------------------------------------------------------------
 (0) _main                                                 2     2      0     732
                                              5 COMRAM     2     2      0
                           _LCD_Init
                         _LCD_gotoXY
                          _putrsXLCD
 ---------------------------------------------------------------------------------
 (1) _putrsXLCD                                            2     0      2     227
                                              1 COMRAM     2     0      2
                           _BusyXLCD
                      _WriteDataXLCD
 ---------------------------------------------------------------------------------
 (2) _WriteDataXLCD                                        1     1      0      30
                                              0 COMRAM     1     1      0
                           _BusyXLCD
                      _DelayFor18TCY
 ---------------------------------------------------------------------------------
 (1) _LCD_gotoXY                                           4     0      4     400
                                              1 COMRAM     4     0      4
                       _WriteCmdXLCD
 ---------------------------------------------------------------------------------
 (1) _LCD_Init                                             0     0      0     105
                           _BusyXLCD
                           _OpenXLCD
                       _WriteCmdXLCD
 ---------------------------------------------------------------------------------
 (2) _OpenXLCD                                             1     1      0      75
                                              4 COMRAM     1     1      0
                           _BusyXLCD
                       _DelayPORXLCD
                       _SetDDRamAddr
                       _WriteCmdXLCD
 ---------------------------------------------------------------------------------
 (2) _WriteCmdXLCD                                         1     1      0      30
                                              0 COMRAM     1     1      0
                      _DelayFor18TCY
 ---------------------------------------------------------------------------------
 (3) _SetDDRamAddr                                         4     4      0      30
                                              0 COMRAM     4     4      0
                      _DelayFor18TCY
 ---------------------------------------------------------------------------------
 (3) _DelayPORXLCD                                         1     1      0       0
                                              0 COMRAM     1     1      0
 ---------------------------------------------------------------------------------
 (3) _BusyXLCD                                             0     0      0       0
                      _DelayFor18TCY
 ---------------------------------------------------------------------------------
 (3) _DelayFor18TCY                                        0     0      0       0
 ---------------------------------------------------------------------------------
 Estimated maximum stack depth 3
 ---------------------------------------------------------------------------------

 Call Graph Graphs:

 _main (ROOT)
   _LCD_Init
     _BusyXLCD
       _DelayFor18TCY
     _OpenXLCD
       _BusyXLCD
         _DelayFor18TCY
       _DelayPORXLCD
       _SetDDRamAddr
         _DelayFor18TCY
       _WriteCmdXLCD
         _DelayFor18TCY
     _WriteCmdXLCD
       _DelayFor18TCY
   _LCD_gotoXY
     _WriteCmdXLCD
       _DelayFor18TCY
   _putrsXLCD
     _BusyXLCD
       _DelayFor18TCY
     _WriteDataXLCD
       _BusyXLCD
         _DelayFor18TCY
       _DelayFor18TCY

 Address spaces:
Name               Size   Autos  Total    Cost      Usage
BITCOMRAM           5F      0       0       0        0.0%
EEDATA             100      0       0       0        0.0%
NULL                 0      0       0       0        0.0%
CODE                 0      0       0       0        0.0%
COMRAM              5F      7       7       1        7.4%
STACK                0      0       0       2        0.0%
DATA                 0      0       0       3        0.0%
BITBANK0            A0      0       0       4        0.0%
BANK0               A0      0       0       5        0.0%
BITBANK1           100      0       0       6        0.0%
BANK1              100      0       0       7        0.0%
BITBANK2           100      0       0       8        0.0%
BANK2              100      0       0       9        0.0%
BITBANK3           100      0       0      10        0.0%
BANK3              100      0       0      11        0.0%
BITBANK4           100      0       0      12        0.0%
BANK4              100      0       0      13        0.0%
BITBANK5           100      0       0      14        0.0%
BANK5              100      0       0      15        0.0%
BITBANK6           100      0       0      16        0.0%
BANK6              100      0       0      17        0.0%
BITBANK7           100      0       0      18        0.0%
BANK7              100      0       0      19        0.0%
ABS                  0      0       0      20        0.0%
BIGRAM             7FF      0       0      21        0.0%
BITSFR               0      0       0     200        0.0%
SFR                  0      0       0     200        0.0%


Microchip Technology PIC18 Macro Assembler V2.10 build 88905656 
Symbol Table                                                                                   Mon Apr 13 13:31:34 2020

                     l23 0982                       l18 0B56                       l51 0B80  
                     l48 0B70                       l59 0B2E                       l88 090C  
                     l97 0A7A                       u10 0A98                       u11 0A94  
                     u30 0870                       u31 086C                       u40 0884  
                     u25 09A2                       u41 0880                       u50 089E  
                     u51 089A                       u60 08B8                       u61 08B4  
                     u70 08D2                       u71 08CE                       u80 08EC  
                     u81 08E8                       u90 0906                       u91 0902  
            __CFG_BORV$3 000000             __CFG_CP0$OFF 000000             __CFG_CP1$OFF 000000  
           __CFG_CP2$OFF 000000             __CFG_CP3$OFF 000000                      l121 09DE  
                    l130 0A30                      l133 0AAE                      l109 0AFE  
                    l134 0AC0                      l811 0B58                      l821 0A98  
                    l813 0A7C                      l901 0826                      l831 0AA8  
                    l823 0A9A                      l815 0A80                      l911 0836  
                    l903 082E                      l841 0ABA                      l825 0A9E  
                    l817 0A84                      l921 084A                      l913 0838  
                    l905 0830                      l843 0ABC                      l827 0AA4  
                    l819 0A8A                      l851 0AD4                      l931 0884  
                    l923 0850                      l915 083A                      l907 0832  
                    l845 0ABE                      l837 0AB0                      l829 0AA6  
                    l861 0AE2                      l853 0AD6                      l941 08BE  
                    l933 088A                      l925 0856                      l917 083E  
                    l909 0834                      l839 0AB4                      l863 0AEE  
                    l855 0AD8                      l951 0906                      l943 08D2  
                    l935 089E                      l927 085C                      l919 0844  
                    l873 0B72                      l881 09B6                      l865 0AF2  
                    l857 0ADC                      l849 0AC4                      l945 08D8  
                    l937 08A4                      l929 0870                      l961 0A06  
                    l891 09CE                      l883 09B8                      l867 0AF4  
                    l859 0ADE                      l947 08EC                      l939 08B8  
                    l971 0A14                      l963 0A08                      l955 09E2  
                    l893 09D2                      l885 09BC                      l877 0988  
                    l869 0AF8                      l949 08F2                      l973 0A20  
                    l965 0A0A                      l957 09E2                      l895 09D4  
                    l887 09BE                      l879 09B4                      l983 0B30  
                    l975 0A24                      l967 0A0E                      l959 09F6  
                    l897 09D8                      l889 09C2                      l985 0B36  
                    l977 0A26                      l969 0A10                      l987 0B4A  
                    l979 0A2A             __CFG_CPB$OFF 000000                      u100 09F6  
                    u101 09F2                      u110 0B4A                      u111 0B46  
                    u200 0B1A                      u201 0B16                      u210 0A4A  
                    u211 0A46                      u220 0A7A                      u221 0A76  
                    u237 093C                      u247 0974                      u257 0B78  
           __CFG_CPD$OFF 000000              ?_LCD_gotoXY 0002             __CFG_BOR$OFF 000000  
  __size_of_WriteCmdXLCD 003E                      wreg 000FE8             __CFG_FOSC$HS 000000  
           __CFG_LVP$OFF 000000             __CFG_WDT$OFF 000000                     l1131 0B26  
                   l1141 0A5A                     l1127 0B00                     l1143 0A5E  
                   l1135 0A32                     l1151 094A                     l1129 0B1A  
                   l1137 0A36                     l1153 095E                     l1145 090E  
                   l1139 0A4A                     l1147 0926                     l1149 0932  
                   STR_1 0801                     STR_2 0812                     _main 090E  
 __size_of_WriteDataXLCD 0052                     start 0000            __CFG_IESO$OFF 000000  
          __CFG_MCLRE$ON 000000             ___param_bank 000000             _WriteCmdXLCD 0AC2  
       __end_of_LCD_Init 0B58            __CFG_PLLDIV$5 000000           __CFG_CCP2MX$ON 000000  
          ?_SetDDRamAddr 0001                    ?_main 0001                    _PORTD 000F83  
          __CFG_USBDIV$1 000000                    _TRISD 000F95            __CFG_PWRT$OFF 000000  
          __CFG_WRT0$OFF 000000            __CFG_WRT1$OFF 000000            __CFG_WRT2$OFF 000000  
          __CFG_WRT3$OFF 000000           __CFG_EBTR0$OFF 000000           __CFG_FCMEN$OFF 000000  
         __CFG_EBTR1$OFF 000000           __CFG_EBTR2$OFF 000000           __CFG_EBTR3$OFF 000000  
          __CFG_WRTB$OFF 000000            __CFG_WRTC$OFF 000000            __CFG_WRTD$OFF 000000  
         __CFG_EBTRB$OFF 000000                    tablat 000FF5                    status 000FD8  
         __CFG_ICPRT$OFF 000000           __CFG_PBADEN$ON 000000      __size_of_LCD_gotoXY 0030  
        __initialization 0B82              LCD_gotoXY@x 0002              LCD_gotoXY@y 0004  
           __end_of_main 0986         __end_of_BusyXLCD 0AC2    __size_of_DelayPORXLCD 0010  
         ??_SetDDRamAddr 0001         __end_of_OpenXLCD 090E                   ??_main 0006  
          __activetblptr 000001            _WriteDataXLCD 09E0             _DelayPORXLCD 0B72  
         __CFG_XINST$OFF 000000           __CFG_STVREN$ON 000000           ?_WriteDataXLCD 0001  
           __mediumconst 0000                   tblptrh 000FF7                   tblptrl 000FF6  
                 tblptru 000FF8               __accesstop 0060  __end_of__initialization 0B82  
              ?_LCD_Init 0001            ___rparam_used 000001           __pcstackCOMRAM 0001  
           ??_LCD_gotoXY 0006   __size_of_DelayFor18TCY 001A                ?_BusyXLCD 0001  
        WriteCmdXLCD@cmd 0001               ??_LCD_Init 0006     __end_of_SetDDRamAddr 09E0  
              ?_OpenXLCD 0001       __end_of_LCD_gotoXY 0B30        WriteDataXLCD@data 0001  
        ??_WriteDataXLCD 0001       __size_of_putrsXLCD 004A               ??_BusyXLCD 0001  
        __CFG_VREGEN$OFF 000000               ??_OpenXLCD 0005                  __Hparam 0000  
                __Lparam 0000            _DelayFor18TCY 0B58             __psmallconst 0800  
                __pcinit 0B82          putrsXLCD@buffer 0002                  __ramtop 0800  
                __ptext0 090E                  __ptext1 0A32                  __ptext2 09E0  
                __ptext3 0B00                  __ptext4 0B30                  __ptext5 0824  
                __ptext6 0AC2                  __ptext7 0986                  __ptext8 0B72  
                __ptext9 0A7C     end_of_initialization 0B82           ?_DelayFor18TCY 0001  
      __end_of_putrsXLCD 0A7C                _TRISDbits 000F95    __size_of_SetDDRamAddr 005A  
      __size_of_LCD_Init 0028             _SetDDRamAddr 0986       SetDDRamAddr@DDaddr 0004  
    start_initialization 0B82        __size_of_BusyXLCD 0046          ??_DelayFor18TCY 0001  
      __size_of_OpenXLCD 00EA            ?_WriteCmdXLCD 0001         __CFG_LPT1OSC$OFF 000000  
         ??_WriteCmdXLCD 0001    __end_of_WriteDataXLCD 0A32              __smallconst 0800  
               _LCD_Init 0B30                 _LATDbits 000F8C            ?_DelayPORXLCD 0001  
        OpenXLCD@lcdtype 0005         __CFG_WDTPS$32768 000000                _putrsXLCD 0A32  
               _BusyXLCD 0A7C           ??_DelayPORXLCD 0001                 _OpenXLCD 0824  
               __Hrparam 0000                 __Lrparam 0000             __Lsmallconst 0800  
             ?_putrsXLCD 0002                 __ptext10 0B58     __end_of_WriteCmdXLCD 0B00  
          __size_of_main 0078    __CFG_CPUDIV$OSC1_PLL2 000000               _LCD_gotoXY 0B00  
  __end_of_DelayFor18TCY 0B72     __end_of_DelayPORXLCD 0B82              ??_putrsXLCD 0004  
