

Microchip MPLAB XC8 Assembler V2.10 build 88905656 
                                                                                               Fri Apr 10 22:26:37 2020

Microchip MPLAB XC8 C Compiler v2.10 (Free license) build 20190730164152 Og1 
     1                           	processor	18F4550
     2                           	fnconf	rparam,??,?,0
     3                           	opt	pw 120
     4                           	opt	flic
     5                           	psect	cinit,global,reloc=2,class=CODE,delta=1
     6                           	psect	cstackCOMRAM,global,class=COMRAM,space=1,delta=1,noexec
     7                           	psect	text0,global,reloc=2,class=CODE,delta=1
     8                           	psect	text1,global,reloc=2,class=CODE,delta=1
     9                           	psect	intsave_regs,global,class=BIGRAM,space=1,delta=1,noexec
    10                           	psect	rparam,global,class=COMRAM,space=1,delta=1,noexec
    11  0000                     
    12                           ; Version 2.10
    13                           ; Generated 31/07/2019 GMT
    14                           ; 
    15                           ; Copyright © 2019, Microchip Technology Inc. and its subsidiaries ("Microchip")
    16                           ; All rights reserved.
    17                           ; 
    18                           ; This software is developed by Microchip Technology Inc. and its subsidiaries ("Microch
      +                          ip").
    19                           ; 
    20                           ; Redistribution and use in source and binary forms, with or without modification, are
    21                           ; permitted provided that the following conditions are met:
    22                           ; 
    23                           ;     1. Redistributions of source code must retain the above copyright notice, this lis
      +                          t of
    24                           ;        conditions and the following disclaimer.
    25                           ; 
    26                           ;     2. Redistributions in binary form must reproduce the above copyright notice, this 
      +                          list
    27                           ;        of conditions and the following disclaimer in the documentation and/or other
    28                           ;        materials provided with the distribution.
    29                           ; 
    30                           ;     3. Microchip's name may not be used to endorse or promote products derived from th
      +                          is
    31                           ;        software without specific prior written permission.
    32                           ; 
    33                           ; THIS SOFTWARE IS PROVIDED BY MICROCHIP "AS IS" AND ANY EXPRESS OR IMPLIED WARRANTIES,
    34                           ; INCLUDING, BUT NOT LIMITED TO, THE IMPLIED WARRANTIES OF MERCHANTABILITY AND FITNESS F
      +                          OR
    35                           ; PURPOSE ARE DISCLAIMED.  IN NO EVENT SHALL MICROCHIP BE LIABLE FOR ANY DIRECT, INDIREC
      +                          T,
    36                           ; INCIDENTAL, SPECIAL, EXEMPLARY, OR CONSEQUENTIAL DAMAGES (INCLUDING BUT NOT LIMITED TO
    37                           ; PROCUREMENT OF SUBSTITUTE GOODS OR SERVICES; LOSS OF USE, DATA OR PROFITS; OR BUSINESS
    38                           ; INTERRUPTION) HOWSOEVER CAUSED AND ON ANY THEORY OF LIABILITY, WHETHER IN CONTRACT, ST
      +                          RICT
    39                           ; LIABILITY, OR TORT (INCLUDING NEGLIGENCE OR OTHERWISE) ARISING IN ANY WAY OUT OF THE U
      +                          SE OF
    40                           ; THIS SOFTWARE, EVEN IF ADVISED OF THE POSSIBILITY OF SUCH DAMAGE.
    41                           ; 
    42                           ; 
    43                           ; Code-generator required, PIC18F4550 Definitions
    44                           ; 
    45                           ; SFR Addresses
    46  0000                     _PORTDbits	set	3971
    47  0000                     _TRISDbits	set	3989
    48  0000                     _LATD	set	3980
    49                           
    50                           ; #config settings
    51  0000                     
    52                           	psect	cinit
    53  007FB6                     __pcinit:
    54                           	opt callstack 0
    55  007FB6                     start_initialization:
    56                           	opt callstack 0
    57  007FB6                     __initialization:
    58                           	opt callstack 0
    59  007FB6                     end_of_initialization:
    60                           	opt callstack 0
    61  007FB6                     __end_of__initialization:
    62                           	opt callstack 0
    63  007FB6  0100               	movlb	0
    64  007FB8  EFE2  F03F         	goto	_main	;jump to C main() function
    65                           
    66                           	psect	cstackCOMRAM
    67  000001                     __pcstackCOMRAM:
    68                           	opt callstack 0
    69  000001                     ??_main:
    70                           
    71                           ; 1 bytes @ 0x0
    72  000001                     	ds	2
    73                           
    74 ;;
    75 ;;Main: autosize = 0, tempsize = 2, incstack = 0, save=0
    76 ;;
    77 ;; *************** function _main *****************
    78 ;; Defined at:
    79 ;;		line 17 in file "main.c"
    80 ;; Parameters:    Size  Location     Type
    81 ;;		None
    82 ;; Auto vars:     Size  Location     Type
    83 ;;		None
    84 ;; Return value:  Size  Location     Type
    85 ;;                  1    wreg      void 
    86 ;; Registers used:
    87 ;;		wreg, status,2, cstack
    88 ;; Tracked objects:
    89 ;;		On entry : 0/0
    90 ;;		On exit  : 0/0
    91 ;;		Unchanged: 0/0
    92 ;; Data sizes:     COMRAM   BANK0   BANK1   BANK2   BANK3   BANK4   BANK5   BANK6   BANK7
    93 ;;      Params:         0       0       0       0       0       0       0       0       0
    94 ;;      Locals:         0       0       0       0       0       0       0       0       0
    95 ;;      Temps:          2       0       0       0       0       0       0       0       0
    96 ;;      Totals:         2       0       0       0       0       0       0       0       0
    97 ;;Total ram usage:        2 bytes
    98 ;; Hardware stack levels required when called:    1
    99 ;; This function calls:
   100 ;;		_initPuerto
   101 ;; This function is called by:
   102 ;;		Startup code after reset
   103 ;; This function uses a non-reentrant model
   104 ;;
   105                           
   106                           	psect	text0
   107  007FC4                     __ptext0:
   108                           	opt callstack 0
   109  007FC4                     _main:
   110                           	opt callstack 30
   111  007FC4                     
   112                           ;main.c: 19:     initPuerto();
   113  007FC4  ECDE  F03F         	call	_initPuerto	;wreg free
   114  007FC8                     l701:
   115                           
   116                           ;main.c: 21:         PORTDbits.RD1 = 1;
   117  007FC8  8283               	bsf	131,1,c	;volatile
   118  007FCA                     
   119                           ;main.c: 22:         _delay((unsigned long)((100)*(20000000/4000.0)));
   120  007FCA  0E03               	movlw	3
   121  007FCC  6E02               	movwf	(??_main+1)^0,c
   122  007FCE  0E8A               	movlw	138
   123  007FD0  6E01               	movwf	??_main^0,c
   124  007FD2  0E56               	movlw	86
   125  007FD4                     u17:
   126  007FD4  2EE8               	decfsz	wreg,f,c
   127  007FD6  D7FE               	bra	u17
   128  007FD8  2E01               	decfsz	??_main^0,f,c
   129  007FDA  D7FC               	bra	u17
   130  007FDC  2E02               	decfsz	(??_main+1)^0,f,c
   131  007FDE  D7FA               	bra	u17
   132  007FE0                     
   133                           ;main.c: 23:         PORTDbits.RD1 = 0;
   134  007FE0  9283               	bcf	131,1,c	;volatile
   135  007FE2                     
   136                           ;main.c: 24:         _delay((unsigned long)((100)*(20000000/4000.0)));
   137  007FE2  0E03               	movlw	3
   138  007FE4  6E02               	movwf	(??_main+1)^0,c
   139  007FE6  0E8A               	movlw	138
   140  007FE8  6E01               	movwf	??_main^0,c
   141  007FEA  0E56               	movlw	86
   142  007FEC                     u27:
   143  007FEC  2EE8               	decfsz	wreg,f,c
   144  007FEE  D7FE               	bra	u27
   145  007FF0  2E01               	decfsz	??_main^0,f,c
   146  007FF2  D7FC               	bra	u27
   147  007FF4  2E02               	decfsz	(??_main+1)^0,f,c
   148  007FF6  D7FA               	bra	u27
   149  007FF8  EFE4  F03F         	goto	l701
   150  007FFC  EF00  F000         	goto	start
   151  008000                     __end_of_main:
   152                           	opt callstack 0
   153                           
   154 ;; *************** function _initPuerto *****************
   155 ;; Defined at:
   156 ;;		line 11 in file "main.c"
   157 ;; Parameters:    Size  Location     Type
   158 ;;		None
   159 ;; Auto vars:     Size  Location     Type
   160 ;;		None
   161 ;; Return value:  Size  Location     Type
   162 ;;                  1    wreg      void 
   163 ;; Registers used:
   164 ;;		wreg, status,2
   165 ;; Tracked objects:
   166 ;;		On entry : 0/0
   167 ;;		On exit  : 0/0
   168 ;;		Unchanged: 0/0
   169 ;; Data sizes:     COMRAM   BANK0   BANK1   BANK2   BANK3   BANK4   BANK5   BANK6   BANK7
   170 ;;      Params:         0       0       0       0       0       0       0       0       0
   171 ;;      Locals:         0       0       0       0       0       0       0       0       0
   172 ;;      Temps:          0       0       0       0       0       0       0       0       0
   173 ;;      Totals:         0       0       0       0       0       0       0       0       0
   174 ;;Total ram usage:        0 bytes
   175 ;; Hardware stack levels used:    1
   176 ;; This function calls:
   177 ;;		Nothing
   178 ;; This function is called by:
   179 ;;		_main
   180 ;; This function uses a non-reentrant model
   181 ;;
   182                           
   183                           	psect	text1
   184  007FBC                     __ptext1:
   185                           	opt callstack 0
   186  007FBC                     _initPuerto:
   187                           	opt callstack 30
   188  007FBC                     
   189                           ;main.c: 13:     LATD = 0;
   190  007FBC  0E00               	movlw	0
   191  007FBE  6E8C               	movwf	140,c	;volatile
   192  007FC0                     
   193                           ;main.c: 14:     TRISDbits.RD1 = 0;
   194  007FC0  9295               	bcf	149,1,c	;volatile
   195  007FC2  0012               	return		;funcret
   196  007FC4                     __end_of_initPuerto:
   197                           	opt callstack 0
   198  0000                     
   199                           	psect	rparam
   200  0000                     tosu	equ	0xFFF
   201                           tosh	equ	0xFFE
   202                           tosl	equ	0xFFD
   203                           stkptr	equ	0xFFC
   204                           pclatu	equ	0xFFB
   205                           pclath	equ	0xFFA
   206                           pcl	equ	0xFF9
   207                           tblptru	equ	0xFF8
   208                           tblptrh	equ	0xFF7
   209                           tblptrl	equ	0xFF6
   210                           tablat	equ	0xFF5
   211                           prodh	equ	0xFF4
   212                           prodl	equ	0xFF3
   213                           indf0	equ	0xFEF
   214                           postinc0	equ	0xFEE
   215                           postdec0	equ	0xFED
   216                           preinc0	equ	0xFEC
   217                           plusw0	equ	0xFEB
   218                           fsr0h	equ	0xFEA
   219                           fsr0l	equ	0xFE9
   220                           wreg	equ	0xFE8
   221                           indf1	equ	0xFE7
   222                           postinc1	equ	0xFE6
   223                           postdec1	equ	0xFE5
   224                           preinc1	equ	0xFE4
   225                           plusw1	equ	0xFE3
   226                           fsr1h	equ	0xFE2
   227                           fsr1l	equ	0xFE1
   228                           bsr	equ	0xFE0
   229                           indf2	equ	0xFDF
   230                           postinc2	equ	0xFDE
   231                           postdec2	equ	0xFDD
   232                           preinc2	equ	0xFDC
   233                           plusw2	equ	0xFDB
   234                           fsr2h	equ	0xFDA
   235                           fsr2l	equ	0xFD9
   236                           status	equ	0xFD8


Data Sizes:
    Strings     0
    Constant    0
    Data        0
    BSS         0
    Persistent  0
    Stack       0

Auto Spaces:
    Space          Size  Autos    Used
    COMRAM           95      2       2
    BANK0           160      0       0
    BANK1           256      0       0
    BANK2           256      0       0
    BANK3           256      0       0
    BANK4           256      0       0
    BANK5           256      0       0
    BANK6           256      0       0
    BANK7           256      0       0

Pointer List with Targets:

    None.

Critical Paths under _main in COMRAM

    None.

Critical Paths under _main in BANK0

    None.

Critical Paths under _main in BANK1

    None.

Critical Paths under _main in BANK2

    None.

Critical Paths under _main in BANK3

    None.

Critical Paths under _main in BANK4

    None.

Critical Paths under _main in BANK5

    None.

Critical Paths under _main in BANK6

    None.

Critical Paths under _main in BANK7

    None.

Call Graph Tables:

 ---------------------------------------------------------------------------------
 (Depth) Function   	        Calls       Base Space   Used Autos Params    Refs
 ---------------------------------------------------------------------------------
 (0) _main                                                 2     2      0       0
                                              0 COMRAM     2     2      0
                         _initPuerto
 ---------------------------------------------------------------------------------
 (1) _initPuerto                                           0     0      0       0
 ---------------------------------------------------------------------------------
 Estimated maximum stack depth 1
 ---------------------------------------------------------------------------------

 Call Graph Graphs:

 _main (ROOT)
   _initPuerto

 Address spaces:
Name               Size   Autos  Total    Cost      Usage
BITCOMRAM           5F      0       0       0        0.0%
EEDATA             100      0       0       0        0.0%
NULL                 0      0       0       0        0.0%
CODE                 0      0       0       0        0.0%
COMRAM              5F      2       2       1        2.1%
STACK                0      0       0       2        0.0%
DATA                 0      0       0       3        0.0%
BITBANK0            A0      0       0       4        0.0%
BANK0               A0      0       0       5        0.0%
BITBANK1           100      0       0       6        0.0%
BANK1              100      0       0       7        0.0%
BITBANK2           100      0       0       8        0.0%
BANK2              100      0       0       9        0.0%
BITBANK3           100      0       0      10        0.0%
BANK3              100      0       0      11        0.0%
BITBANK4           100      0       0      12        0.0%
BANK4              100      0       0      13        0.0%
BITBANK5           100      0       0      14        0.0%
BANK5              100      0       0      15        0.0%
BITBANK6           100      0       0      16        0.0%
BANK6              100      0       0      17        0.0%
BITBANK7           100      0       0      18        0.0%
BANK7              100      0       0      19        0.0%
ABS                  0      0       0      20        0.0%
BIGRAM             7FF      0       0      21        0.0%
BITSFR               0      0       0     200        0.0%
SFR                  0      0       0     200        0.0%


Microchip Technology PIC18 Macro Assembler V2.10 build 88905656 
Symbol Table                                                                                   Fri Apr 10 22:26:37 2020

                     l11 7FC2                       u17 7FD4                       u27 7FEC  
            __CFG_BORV$3 000000             __CFG_CP0$OFF 000000             __CFG_CP1$OFF 000000  
           __CFG_CP2$OFF 000000             __CFG_CP3$OFF 000000                      l701 7FC8  
                    l703 7FCA                      l705 7FE0                      l707 7FE2  
                    l695 7FBC                      l697 7FC0                      l699 7FC4  
           __CFG_CPB$OFF 000000             __CFG_CPD$OFF 000000             __CFG_BOR$OFF 000000  
                    wreg 000FE8             __CFG_LVP$OFF 000000             __CFG_WDT$OFF 000000  
                   _LATD 000F8C             __CFG_PWRT$ON 000000                     _main 7FC4  
                   start 0000            __CFG_IESO$OFF 000000            __CFG_MCLRE$ON 000000  
           ___param_bank 000000            __CFG_PLLDIV$5 000000           __CFG_CCP2MX$ON 000000  
                  ?_main 0001            __CFG_USBDIV$1 000000            __CFG_WRT0$OFF 000000  
          __CFG_WRT1$OFF 000000            __CFG_WRT2$OFF 000000            __CFG_WRT3$OFF 000000  
         __CFG_EBTR0$OFF 000000           __CFG_FCMEN$OFF 000000           __CFG_EBTR1$OFF 000000  
         __CFG_EBTR2$OFF 000000           __CFG_EBTR3$OFF 000000            __CFG_WRTB$OFF 000000  
          __CFG_WRTC$OFF 000000            __CFG_WRTD$OFF 000000           __CFG_EBTRB$OFF 000000  
         __CFG_ICPRT$OFF 000000           __CFG_PBADEN$ON 000000          __initialization 7FB6  
           __end_of_main 8000                   ??_main 0001            __activetblptr 000000  
         __CFG_XINST$OFF 000000           __CFG_STVREN$ON 000000               __accesstop 0060  
__end_of__initialization 7FB6            ___rparam_used 000001           __pcstackCOMRAM 0001  
        __CFG_VREGEN$OFF 000000                  __Hparam 0000                  __Lparam 0000  
             _initPuerto 7FBC                  __pcinit 7FB6                  __ramtop 0800  
                __ptext0 7FC4                  __ptext1 7FBC     end_of_initialization 7FB6  
              _PORTDbits 000F83                _TRISDbits 000F95              ?_initPuerto 0001  
    start_initialization 7FB6         __CFG_LPT1OSC$OFF 000000      __size_of_initPuerto 0008  
       __CFG_WDTPS$32768 000000                 __Hrparam 0000                 __Lrparam 0000  
           ??_initPuerto 0001       __end_of_initPuerto 7FC4            __size_of_main 003C  
  __CFG_CPUDIV$OSC1_PLL2 000000       __CFG_FOSC$HSPLL_HS 000000  
