

Microchip MPLAB XC8 Assembler V2.32 build 20210201212658 
                                                                                               Tue Apr 18 21:49:48 2023

Microchip MPLAB XC8 C Compiler v2.32 (Free license) build 20210201212658 Og1 
     1                           	processor	16LF18425
     2                           	pagewidth 120
     3                           	opt	flic
     4                           	psect	cinit,global,class=CODE,merge=1,delta=2
     5                           	psect	cstackCOMMON,global,class=COMMON,space=1,delta=1,noexec
     6                           	psect	maintext,global,class=CODE,merge=1,split=1,delta=2
     7                           	psect	idloc,global,abs,ovrld,class=IDLOC,space=5,delta=2,noexec
     8                           	psect	config,global,abs,ovrld,class=CONFIG,space=4,delta=2,noexec
     9                           	dabs	1,0x7E,2
    10  0000                     
    11                           ; Generated 19/07/2022 GMT
    12                           ; 
    13                           ; Copyright © 2022, Microchip Technology Inc. and its subsidiaries ("Microchip")
    14                           ; All rights reserved.
    15                           ; 
    16                           ; This software is developed by Microchip Technology Inc. and its subsidiaries ("Microch
      +                          ip").
    17                           ; 
    18                           ; Redistribution and use in source and binary forms, with or without modification, are
    19                           ; permitted provided that the following conditions are met:
    20                           ; 
    21                           ;     1. Redistributions of source code must retain the above copyright notice, this lis
      +                          t of
    22                           ;        conditions and the following disclaimer.
    23                           ; 
    24                           ;     2. Redistributions in binary form must reproduce the above copyright notice, this 
      +                          list
    25                           ;        of conditions and the following disclaimer in the documentation and/or other
    26                           ;        materials provided with the distribution. Publication is not required when
    27                           ;        this file is used in an embedded application.
    28                           ; 
    29                           ;     3. Microchip's name may not be used to endorse or promote products derived from th
      +                          is
    30                           ;        software without specific prior written permission.
    31                           ; 
    32                           ; THIS SOFTWARE IS PROVIDED BY MICROCHIP "AS IS" AND ANY EXPRESS OR IMPLIED WARRANTIES,
    33                           ; INCLUDING, BUT NOT LIMITED TO, THE IMPLIED WARRANTIES OF MERCHANTABILITY AND FITNESS F
      +                          OR
    34                           ; PURPOSE ARE DISCLAIMED.  IN NO EVENT SHALL MICROCHIP BE LIABLE FOR ANY DIRECT, INDIREC
      +                          T,
    35                           ; INCIDENTAL, SPECIAL, EXEMPLARY, OR CONSEQUENTIAL DAMAGES (INCLUDING BUT NOT LIMITED TO
    36                           ; PROCUREMENT OF SUBSTITUTE GOODS OR SERVICES; LOSS OF USE, DATA OR PROFITS; OR BUSINESS
    37                           ; INTERRUPTION) HOWSOEVER CAUSED AND ON ANY THEORY OF LIABILITY, WHETHER IN CONTRACT, ST
      +                          RICT
    38                           ; LIABILITY, OR TORT (INCLUDING NEGLIGENCE OR OTHERWISE) ARISING IN ANY WAY OUT OF THE U
      +                          SE OF
    39                           ; THIS SOFTWARE, EVEN IF ADVISED OF THE POSSIBILITY OF SUCH DAMAGE.
    40                           ; 
    41                           ; 
    42                           ; Code-generator required, PIC16LF18425 Definitions
    43                           ; 
    44                           ; SFR Addresses
    45  0000                     	;# 
    46  0001                     	;# 
    47  0002                     	;# 
    48  0003                     	;# 
    49  0004                     	;# 
    50  0005                     	;# 
    51  0006                     	;# 
    52  0007                     	;# 
    53  0008                     	;# 
    54  0009                     	;# 
    55  000A                     	;# 
    56  000B                     	;# 
    57  000C                     	;# 
    58  000E                     	;# 
    59  0012                     	;# 
    60  0014                     	;# 
    61  0018                     	;# 
    62  001A                     	;# 
    63  008C                     	;# 
    64  008C                     	;# 
    65  008D                     	;# 
    66  008E                     	;# 
    67  008E                     	;# 
    68  008F                     	;# 
    69  0090                     	;# 
    70  0090                     	;# 
    71  0091                     	;# 
    72  0092                     	;# 
    73  0092                     	;# 
    74  0093                     	;# 
    75  0094                     	;# 
    76  0094                     	;# 
    77  0095                     	;# 
    78  0096                     	;# 
    79  0096                     	;# 
    80  0097                     	;# 
    81  0098                     	;# 
    82  0099                     	;# 
    83  009A                     	;# 
    84  009B                     	;# 
    85  009B                     	;# 
    86  009C                     	;# 
    87  009D                     	;# 
    88  009D                     	;# 
    89  009E                     	;# 
    90  009F                     	;# 
    91  010C                     	;# 
    92  010C                     	;# 
    93  010D                     	;# 
    94  010E                     	;# 
    95  010F                     	;# 
    96  010F                     	;# 
    97  0110                     	;# 
    98  0111                     	;# 
    99  0112                     	;# 
   100  0113                     	;# 
   101  0114                     	;# 
   102  0115                     	;# 
   103  0116                     	;# 
   104  0117                     	;# 
   105  0118                     	;# 
   106  0119                     	;# 
   107  0119                     	;# 
   108  0119                     	;# 
   109  011A                     	;# 
   110  011A                     	;# 
   111  011A                     	;# 
   112  011B                     	;# 
   113  011B                     	;# 
   114  011B                     	;# 
   115  011B                     	;# 
   116  011B                     	;# 
   117  011C                     	;# 
   118  011C                     	;# 
   119  011C                     	;# 
   120  011D                     	;# 
   121  011D                     	;# 
   122  011D                     	;# 
   123  011E                     	;# 
   124  011E                     	;# 
   125  011E                     	;# 
   126  011F                     	;# 
   127  011F                     	;# 
   128  011F                     	;# 
   129  011F                     	;# 
   130  011F                     	;# 
   131  018C                     	;# 
   132  018D                     	;# 
   133  018E                     	;# 
   134  018F                     	;# 
   135  0190                     	;# 
   136  0191                     	;# 
   137  0192                     	;# 
   138  0196                     	;# 
   139  0197                     	;# 
   140  0198                     	;# 
   141  0199                     	;# 
   142  019A                     	;# 
   143  019B                     	;# 
   144  019C                     	;# 
   145  020C                     	;# 
   146  020D                     	;# 
   147  020E                     	;# 
   148  020E                     	;# 
   149  020F                     	;# 
   150  020F                     	;# 
   151  0210                     	;# 
   152  0210                     	;# 
   153  0211                     	;# 
   154  0211                     	;# 
   155  0212                     	;# 
   156  0213                     	;# 
   157  0214                     	;# 
   158  0214                     	;# 
   159  0215                     	;# 
   160  0215                     	;# 
   161  0216                     	;# 
   162  0216                     	;# 
   163  0217                     	;# 
   164  0217                     	;# 
   165  0218                     	;# 
   166  0219                     	;# 
   167  021A                     	;# 
   168  021A                     	;# 
   169  021B                     	;# 
   170  021B                     	;# 
   171  021C                     	;# 
   172  021C                     	;# 
   173  021D                     	;# 
   174  021D                     	;# 
   175  021E                     	;# 
   176  021F                     	;# 
   177  028C                     	;# 
   178  028C                     	;# 
   179  028D                     	;# 
   180  028D                     	;# 
   181  028E                     	;# 
   182  028F                     	;# 
   183  0290                     	;# 
   184  0291                     	;# 
   185  0292                     	;# 
   186  0292                     	;# 
   187  0293                     	;# 
   188  0293                     	;# 
   189  0294                     	;# 
   190  0295                     	;# 
   191  0296                     	;# 
   192  0297                     	;# 
   193  0298                     	;# 
   194  0298                     	;# 
   195  0299                     	;# 
   196  0299                     	;# 
   197  029A                     	;# 
   198  029B                     	;# 
   199  029C                     	;# 
   200  029D                     	;# 
   201  029F                     	;# 
   202  030C                     	;# 
   203  030C                     	;# 
   204  030D                     	;# 
   205  030E                     	;# 
   206  030F                     	;# 
   207  0310                     	;# 
   208  0310                     	;# 
   209  0311                     	;# 
   210  0312                     	;# 
   211  0313                     	;# 
   212  0314                     	;# 
   213  0314                     	;# 
   214  0315                     	;# 
   215  0316                     	;# 
   216  0317                     	;# 
   217  0318                     	;# 
   218  0318                     	;# 
   219  0319                     	;# 
   220  031A                     	;# 
   221  031B                     	;# 
   222  038C                     	;# 
   223  038C                     	;# 
   224  038D                     	;# 
   225  038E                     	;# 
   226  0390                     	;# 
   227  0390                     	;# 
   228  0391                     	;# 
   229  0392                     	;# 
   230  048C                     	;# 
   231  048C                     	;# 
   232  048D                     	;# 
   233  048E                     	;# 
   234  048F                     	;# 
   235  048F                     	;# 
   236  0490                     	;# 
   237  0491                     	;# 
   238  0492                     	;# 
   239  0492                     	;# 
   240  0493                     	;# 
   241  0494                     	;# 
   242  0495                     	;# 
   243  0495                     	;# 
   244  0496                     	;# 
   245  0497                     	;# 
   246  0498                     	;# 
   247  0499                     	;# 
   248  049A                     	;# 
   249  049B                     	;# 
   250  049C                     	;# 
   251  049D                     	;# 
   252  058C                     	;# 
   253  058C                     	;# 
   254  058D                     	;# 
   255  058E                     	;# 
   256  058F                     	;# 
   257  058F                     	;# 
   258  0590                     	;# 
   259  0591                     	;# 
   260  0592                     	;# 
   261  0593                     	;# 
   262  059C                     	;# 
   263  059C                     	;# 
   264  059D                     	;# 
   265  059D                     	;# 
   266  059E                     	;# 
   267  059F                     	;# 
   268  060C                     	;# 
   269  060C                     	;# 
   270  060D                     	;# 
   271  060D                     	;# 
   272  060E                     	;# 
   273  060F                     	;# 
   274  0610                     	;# 
   275  0611                     	;# 
   276  0612                     	;# 
   277  0613                     	;# 
   278  0614                     	;# 
   279  0616                     	;# 
   280  0616                     	;# 
   281  0617                     	;# 
   282  0617                     	;# 
   283  0618                     	;# 
   284  0619                     	;# 
   285  061A                     	;# 
   286  061B                     	;# 
   287  061C                     	;# 
   288  061D                     	;# 
   289  061E                     	;# 
   290  070C                     	;# 
   291  070D                     	;# 
   292  070E                     	;# 
   293  070F                     	;# 
   294  0710                     	;# 
   295  0711                     	;# 
   296  0712                     	;# 
   297  0713                     	;# 
   298  0714                     	;# 
   299  0716                     	;# 
   300  0717                     	;# 
   301  0718                     	;# 
   302  0719                     	;# 
   303  071A                     	;# 
   304  071B                     	;# 
   305  071C                     	;# 
   306  071D                     	;# 
   307  071E                     	;# 
   308  0796                     	;# 
   309  0797                     	;# 
   310  0798                     	;# 
   311  0799                     	;# 
   312  079A                     	;# 
   313  079B                     	;# 
   314  079C                     	;# 
   315  079D                     	;# 
   316  080C                     	;# 
   317  080D                     	;# 
   318  080E                     	;# 
   319  080F                     	;# 
   320  0810                     	;# 
   321  0811                     	;# 
   322  0813                     	;# 
   323  0814                     	;# 
   324  081A                     	;# 
   325  081A                     	;# 
   326  081B                     	;# 
   327  081C                     	;# 
   328  081C                     	;# 
   329  081D                     	;# 
   330  081E                     	;# 
   331  081F                     	;# 
   332  088C                     	;# 
   333  088D                     	;# 
   334  088E                     	;# 
   335  088F                     	;# 
   336  0890                     	;# 
   337  0891                     	;# 
   338  0892                     	;# 
   339  0893                     	;# 
   340  0895                     	;# 
   341  0896                     	;# 
   342  0897                     	;# 
   343  0898                     	;# 
   344  0899                     	;# 
   345  089A                     	;# 
   346  089B                     	;# 
   347  090C                     	;# 
   348  090E                     	;# 
   349  090F                     	;# 
   350  091F                     	;# 
   351  098F                     	;# 
   352  098F                     	;# 
   353  0990                     	;# 
   354  0991                     	;# 
   355  0992                     	;# 
   356  0993                     	;# 
   357  0994                     	;# 
   358  0995                     	;# 
   359  0996                     	;# 
   360  0997                     	;# 
   361  1E0F                     	;# 
   362  1E10                     	;# 
   363  1E11                     	;# 
   364  1E12                     	;# 
   365  1E13                     	;# 
   366  1E14                     	;# 
   367  1E15                     	;# 
   368  1E16                     	;# 
   369  1E17                     	;# 
   370  1E18                     	;# 
   371  1E19                     	;# 
   372  1E1A                     	;# 
   373  1E1B                     	;# 
   374  1E1C                     	;# 
   375  1E1D                     	;# 
   376  1E1E                     	;# 
   377  1E1F                     	;# 
   378  1E20                     	;# 
   379  1E21                     	;# 
   380  1E22                     	;# 
   381  1E23                     	;# 
   382  1E24                     	;# 
   383  1E25                     	;# 
   384  1E26                     	;# 
   385  1E27                     	;# 
   386  1E28                     	;# 
   387  1E29                     	;# 
   388  1E2A                     	;# 
   389  1E2B                     	;# 
   390  1E2C                     	;# 
   391  1E2D                     	;# 
   392  1E2E                     	;# 
   393  1E2F                     	;# 
   394  1E30                     	;# 
   395  1E31                     	;# 
   396  1E32                     	;# 
   397  1E33                     	;# 
   398  1E34                     	;# 
   399  1E35                     	;# 
   400  1E36                     	;# 
   401  1E37                     	;# 
   402  1E8F                     	;# 
   403  1E90                     	;# 
   404  1E91                     	;# 
   405  1E92                     	;# 
   406  1E93                     	;# 
   407  1E94                     	;# 
   408  1E95                     	;# 
   409  1E96                     	;# 
   410  1E97                     	;# 
   411  1E9C                     	;# 
   412  1E9D                     	;# 
   413  1E9E                     	;# 
   414  1EA1                     	;# 
   415  1EA2                     	;# 
   416  1EA3                     	;# 
   417  1EA4                     	;# 
   418  1EA9                     	;# 
   419  1EAA                     	;# 
   420  1EB1                     	;# 
   421  1EB2                     	;# 
   422  1EB8                     	;# 
   423  1EB9                     	;# 
   424  1EBA                     	;# 
   425  1EBB                     	;# 
   426  1EBC                     	;# 
   427  1EBD                     	;# 
   428  1EBE                     	;# 
   429  1EC3                     	;# 
   430  1EC5                     	;# 
   431  1EC6                     	;# 
   432  1EC7                     	;# 
   433  1EC8                     	;# 
   434  1EC9                     	;# 
   435  1ECA                     	;# 
   436  1ECB                     	;# 
   437  1ECC                     	;# 
   438  1F10                     	;# 
   439  1F11                     	;# 
   440  1F12                     	;# 
   441  1F14                     	;# 
   442  1F15                     	;# 
   443  1F20                     	;# 
   444  1F21                     	;# 
   445  1F22                     	;# 
   446  1F23                     	;# 
   447  1F24                     	;# 
   448  1F25                     	;# 
   449  1F38                     	;# 
   450  1F39                     	;# 
   451  1F3A                     	;# 
   452  1F3B                     	;# 
   453  1F3C                     	;# 
   454  1F3D                     	;# 
   455  1F3E                     	;# 
   456  1F3F                     	;# 
   457  1F4E                     	;# 
   458  1F4F                     	;# 
   459  1F50                     	;# 
   460  1F51                     	;# 
   461  1F52                     	;# 
   462  1F53                     	;# 
   463  1F54                     	;# 
   464  1F55                     	;# 
   465  1FE4                     	;# 
   466  1FE5                     	;# 
   467  1FE6                     	;# 
   468  1FE7                     	;# 
   469  1FE8                     	;# 
   470  1FE8                     	;# 
   471  1FE9                     	;# 
   472  1FEA                     	;# 
   473  1FEB                     	;# 
   474  1FED                     	;# 
   475  1FEE                     	;# 
   476  1FEF                     	;# 
   477  0000                     	;# 
   478  0001                     	;# 
   479  0002                     	;# 
   480  0003                     	;# 
   481  0004                     	;# 
   482  0005                     	;# 
   483  0006                     	;# 
   484  0007                     	;# 
   485  0008                     	;# 
   486  0009                     	;# 
   487  000A                     	;# 
   488  000B                     	;# 
   489  000C                     	;# 
   490  000E                     	;# 
   491  0012                     	;# 
   492  0014                     	;# 
   493  0018                     	;# 
   494  001A                     	;# 
   495  008C                     	;# 
   496  008C                     	;# 
   497  008D                     	;# 
   498  008E                     	;# 
   499  008E                     	;# 
   500  008F                     	;# 
   501  0090                     	;# 
   502  0090                     	;# 
   503  0091                     	;# 
   504  0092                     	;# 
   505  0092                     	;# 
   506  0093                     	;# 
   507  0094                     	;# 
   508  0094                     	;# 
   509  0095                     	;# 
   510  0096                     	;# 
   511  0096                     	;# 
   512  0097                     	;# 
   513  0098                     	;# 
   514  0099                     	;# 
   515  009A                     	;# 
   516  009B                     	;# 
   517  009B                     	;# 
   518  009C                     	;# 
   519  009D                     	;# 
   520  009D                     	;# 
   521  009E                     	;# 
   522  009F                     	;# 
   523  010C                     	;# 
   524  010C                     	;# 
   525  010D                     	;# 
   526  010E                     	;# 
   527  010F                     	;# 
   528  010F                     	;# 
   529  0110                     	;# 
   530  0111                     	;# 
   531  0112                     	;# 
   532  0113                     	;# 
   533  0114                     	;# 
   534  0115                     	;# 
   535  0116                     	;# 
   536  0117                     	;# 
   537  0118                     	;# 
   538  0119                     	;# 
   539  0119                     	;# 
   540  0119                     	;# 
   541  011A                     	;# 
   542  011A                     	;# 
   543  011A                     	;# 
   544  011B                     	;# 
   545  011B                     	;# 
   546  011B                     	;# 
   547  011B                     	;# 
   548  011B                     	;# 
   549  011C                     	;# 
   550  011C                     	;# 
   551  011C                     	;# 
   552  011D                     	;# 
   553  011D                     	;# 
   554  011D                     	;# 
   555  011E                     	;# 
   556  011E                     	;# 
   557  011E                     	;# 
   558  011F                     	;# 
   559  011F                     	;# 
   560  011F                     	;# 
   561  011F                     	;# 
   562  011F                     	;# 
   563  018C                     	;# 
   564  018D                     	;# 
   565  018E                     	;# 
   566  018F                     	;# 
   567  0190                     	;# 
   568  0191                     	;# 
   569  0192                     	;# 
   570  0196                     	;# 
   571  0197                     	;# 
   572  0198                     	;# 
   573  0199                     	;# 
   574  019A                     	;# 
   575  019B                     	;# 
   576  019C                     	;# 
   577  020C                     	;# 
   578  020D                     	;# 
   579  020E                     	;# 
   580  020E                     	;# 
   581  020F                     	;# 
   582  020F                     	;# 
   583  0210                     	;# 
   584  0210                     	;# 
   585  0211                     	;# 
   586  0211                     	;# 
   587  0212                     	;# 
   588  0213                     	;# 
   589  0214                     	;# 
   590  0214                     	;# 
   591  0215                     	;# 
   592  0215                     	;# 
   593  0216                     	;# 
   594  0216                     	;# 
   595  0217                     	;# 
   596  0217                     	;# 
   597  0218                     	;# 
   598  0219                     	;# 
   599  021A                     	;# 
   600  021A                     	;# 
   601  021B                     	;# 
   602  021B                     	;# 
   603  021C                     	;# 
   604  021C                     	;# 
   605  021D                     	;# 
   606  021D                     	;# 
   607  021E                     	;# 
   608  021F                     	;# 
   609  028C                     	;# 
   610  028C                     	;# 
   611  028D                     	;# 
   612  028D                     	;# 
   613  028E                     	;# 
   614  028F                     	;# 
   615  0290                     	;# 
   616  0291                     	;# 
   617  0292                     	;# 
   618  0292                     	;# 
   619  0293                     	;# 
   620  0293                     	;# 
   621  0294                     	;# 
   622  0295                     	;# 
   623  0296                     	;# 
   624  0297                     	;# 
   625  0298                     	;# 
   626  0298                     	;# 
   627  0299                     	;# 
   628  0299                     	;# 
   629  029A                     	;# 
   630  029B                     	;# 
   631  029C                     	;# 
   632  029D                     	;# 
   633  029F                     	;# 
   634  030C                     	;# 
   635  030C                     	;# 
   636  030D                     	;# 
   637  030E                     	;# 
   638  030F                     	;# 
   639  0310                     	;# 
   640  0310                     	;# 
   641  0311                     	;# 
   642  0312                     	;# 
   643  0313                     	;# 
   644  0314                     	;# 
   645  0314                     	;# 
   646  0315                     	;# 
   647  0316                     	;# 
   648  0317                     	;# 
   649  0318                     	;# 
   650  0318                     	;# 
   651  0319                     	;# 
   652  031A                     	;# 
   653  031B                     	;# 
   654  038C                     	;# 
   655  038C                     	;# 
   656  038D                     	;# 
   657  038E                     	;# 
   658  0390                     	;# 
   659  0390                     	;# 
   660  0391                     	;# 
   661  0392                     	;# 
   662  048C                     	;# 
   663  048C                     	;# 
   664  048D                     	;# 
   665  048E                     	;# 
   666  048F                     	;# 
   667  048F                     	;# 
   668  0490                     	;# 
   669  0491                     	;# 
   670  0492                     	;# 
   671  0492                     	;# 
   672  0493                     	;# 
   673  0494                     	;# 
   674  0495                     	;# 
   675  0495                     	;# 
   676  0496                     	;# 
   677  0497                     	;# 
   678  0498                     	;# 
   679  0499                     	;# 
   680  049A                     	;# 
   681  049B                     	;# 
   682  049C                     	;# 
   683  049D                     	;# 
   684  058C                     	;# 
   685  058C                     	;# 
   686  058D                     	;# 
   687  058E                     	;# 
   688  058F                     	;# 
   689  058F                     	;# 
   690  0590                     	;# 
   691  0591                     	;# 
   692  0592                     	;# 
   693  0593                     	;# 
   694  059C                     	;# 
   695  059C                     	;# 
   696  059D                     	;# 
   697  059D                     	;# 
   698  059E                     	;# 
   699  059F                     	;# 
   700  060C                     	;# 
   701  060C                     	;# 
   702  060D                     	;# 
   703  060D                     	;# 
   704  060E                     	;# 
   705  060F                     	;# 
   706  0610                     	;# 
   707  0611                     	;# 
   708  0612                     	;# 
   709  0613                     	;# 
   710  0614                     	;# 
   711  0616                     	;# 
   712  0616                     	;# 
   713  0617                     	;# 
   714  0617                     	;# 
   715  0618                     	;# 
   716  0619                     	;# 
   717  061A                     	;# 
   718  061B                     	;# 
   719  061C                     	;# 
   720  061D                     	;# 
   721  061E                     	;# 
   722  070C                     	;# 
   723  070D                     	;# 
   724  070E                     	;# 
   725  070F                     	;# 
   726  0710                     	;# 
   727  0711                     	;# 
   728  0712                     	;# 
   729  0713                     	;# 
   730  0714                     	;# 
   731  0716                     	;# 
   732  0717                     	;# 
   733  0718                     	;# 
   734  0719                     	;# 
   735  071A                     	;# 
   736  071B                     	;# 
   737  071C                     	;# 
   738  071D                     	;# 
   739  071E                     	;# 
   740  0796                     	;# 
   741  0797                     	;# 
   742  0798                     	;# 
   743  0799                     	;# 
   744  079A                     	;# 
   745  079B                     	;# 
   746  079C                     	;# 
   747  079D                     	;# 
   748  080C                     	;# 
   749  080D                     	;# 
   750  080E                     	;# 
   751  080F                     	;# 
   752  0810                     	;# 
   753  0811                     	;# 
   754  0813                     	;# 
   755  0814                     	;# 
   756  081A                     	;# 
   757  081A                     	;# 
   758  081B                     	;# 
   759  081C                     	;# 
   760  081C                     	;# 
   761  081D                     	;# 
   762  081E                     	;# 
   763  081F                     	;# 
   764  088C                     	;# 
   765  088D                     	;# 
   766  088E                     	;# 
   767  088F                     	;# 
   768  0890                     	;# 
   769  0891                     	;# 
   770  0892                     	;# 
   771  0893                     	;# 
   772  0895                     	;# 
   773  0896                     	;# 
   774  0897                     	;# 
   775  0898                     	;# 
   776  0899                     	;# 
   777  089A                     	;# 
   778  089B                     	;# 
   779  090C                     	;# 
   780  090E                     	;# 
   781  090F                     	;# 
   782  091F                     	;# 
   783  098F                     	;# 
   784  098F                     	;# 
   785  0990                     	;# 
   786  0991                     	;# 
   787  0992                     	;# 
   788  0993                     	;# 
   789  0994                     	;# 
   790  0995                     	;# 
   791  0996                     	;# 
   792  0997                     	;# 
   793  1E0F                     	;# 
   794  1E10                     	;# 
   795  1E11                     	;# 
   796  1E12                     	;# 
   797  1E13                     	;# 
   798  1E14                     	;# 
   799  1E15                     	;# 
   800  1E16                     	;# 
   801  1E17                     	;# 
   802  1E18                     	;# 
   803  1E19                     	;# 
   804  1E1A                     	;# 
   805  1E1B                     	;# 
   806  1E1C                     	;# 
   807  1E1D                     	;# 
   808  1E1E                     	;# 
   809  1E1F                     	;# 
   810  1E20                     	;# 
   811  1E21                     	;# 
   812  1E22                     	;# 
   813  1E23                     	;# 
   814  1E24                     	;# 
   815  1E25                     	;# 
   816  1E26                     	;# 
   817  1E27                     	;# 
   818  1E28                     	;# 
   819  1E29                     	;# 
   820  1E2A                     	;# 
   821  1E2B                     	;# 
   822  1E2C                     	;# 
   823  1E2D                     	;# 
   824  1E2E                     	;# 
   825  1E2F                     	;# 
   826  1E30                     	;# 
   827  1E31                     	;# 
   828  1E32                     	;# 
   829  1E33                     	;# 
   830  1E34                     	;# 
   831  1E35                     	;# 
   832  1E36                     	;# 
   833  1E37                     	;# 
   834  1E8F                     	;# 
   835  1E90                     	;# 
   836  1E91                     	;# 
   837  1E92                     	;# 
   838  1E93                     	;# 
   839  1E94                     	;# 
   840  1E95                     	;# 
   841  1E96                     	;# 
   842  1E97                     	;# 
   843  1E9C                     	;# 
   844  1E9D                     	;# 
   845  1E9E                     	;# 
   846  1EA1                     	;# 
   847  1EA2                     	;# 
   848  1EA3                     	;# 
   849  1EA4                     	;# 
   850  1EA9                     	;# 
   851  1EAA                     	;# 
   852  1EB1                     	;# 
   853  1EB2                     	;# 
   854  1EB8                     	;# 
   855  1EB9                     	;# 
   856  1EBA                     	;# 
   857  1EBB                     	;# 
   858  1EBC                     	;# 
   859  1EBD                     	;# 
   860  1EBE                     	;# 
   861  1EC3                     	;# 
   862  1EC5                     	;# 
   863  1EC6                     	;# 
   864  1EC7                     	;# 
   865  1EC8                     	;# 
   866  1EC9                     	;# 
   867  1ECA                     	;# 
   868  1ECB                     	;# 
   869  1ECC                     	;# 
   870  1F10                     	;# 
   871  1F11                     	;# 
   872  1F12                     	;# 
   873  1F14                     	;# 
   874  1F15                     	;# 
   875  1F20                     	;# 
   876  1F21                     	;# 
   877  1F22                     	;# 
   878  1F23                     	;# 
   879  1F24                     	;# 
   880  1F25                     	;# 
   881  1F38                     	;# 
   882  1F39                     	;# 
   883  1F3A                     	;# 
   884  1F3B                     	;# 
   885  1F3C                     	;# 
   886  1F3D                     	;# 
   887  1F3E                     	;# 
   888  1F3F                     	;# 
   889  1F4E                     	;# 
   890  1F4F                     	;# 
   891  1F50                     	;# 
   892  1F51                     	;# 
   893  1F52                     	;# 
   894  1F53                     	;# 
   895  1F54                     	;# 
   896  1F55                     	;# 
   897  1FE4                     	;# 
   898  1FE5                     	;# 
   899  1FE6                     	;# 
   900  1FE7                     	;# 
   901  1FE8                     	;# 
   902  1FE8                     	;# 
   903  1FE9                     	;# 
   904  1FEA                     	;# 
   905  1FEB                     	;# 
   906  1FED                     	;# 
   907  1FEE                     	;# 
   908  1FEF                     	;# 
   909  0012                     _TRISA	set	18
   910  0018                     _LATA	set	24
   911  000C                     _PORTA	set	12
   912  1F38                     _ANSELA	set	7992
   913                           
   914                           	psect	cinit
   915  07FD                     start_initialization:	
   916                           ; #config settings
   917                           
   918  07FD                     __initialization:
   919  07FD                     end_of_initialization:	
   920                           ;End of C runtime variable initialization code
   921                           
   922  07FD                     __end_of__initialization:
   923  07FD  0140               	movlb	0
   924  07FE  3187  2FD4         	ljmp	_main	;jump to C main() function
   925                           
   926                           	psect	cstackCOMMON
   927  0070                     __pcstackCOMMON:
   928  0070                     ?_main:
   929  0070                     ??_main:	
   930                           ; 1 bytes @ 0x0
   931                           
   932                           
   933                           ; 1 bytes @ 0x0
   934  0070                     	ds	2
   935                           
   936                           	psect	maintext
   937  07D4                     __pmaintext:	
   938 ;;
   939 ;;Main: autosize = 0, tempsize = 2, incstack = 0, save=0
   940 ;;
   941 ;; *************** function _main *****************
   942 ;; Defined at:
   943 ;;		line 50 in file "main_hw.c"
   944 ;; Parameters:    Size  Location     Type
   945 ;;		None
   946 ;; Auto vars:     Size  Location     Type
   947 ;;		None
   948 ;; Return value:  Size  Location     Type
   949 ;;                  1    wreg      void 
   950 ;; Registers used:
   951 ;;		wreg, status,2
   952 ;; Tracked objects:
   953 ;;		On entry : B3F/0
   954 ;;		On exit  : 0/0
   955 ;;		Unchanged: 0/0
   956 ;; Data sizes:     COMMON   BANK0   BANK1   BANK2   BANK3   BANK4   BANK5   BANK6   BANK7   BANK8   BANK9  BANK10  BANK1
      +1  BANK12
   957 ;;      Params:         0       0       0       0       0       0       0       0       0       0       0       0       
      +0       0
   958 ;;      Locals:         0       0       0       0       0       0       0       0       0       0       0       0       
      +0       0
   959 ;;      Temps:          2       0       0       0       0       0       0       0       0       0       0       0       
      +0       0
   960 ;;      Totals:         2       0       0       0       0       0       0       0       0       0       0       0       
      +0       0
   961 ;;Total ram usage:        2 bytes
   962 ;; This function calls:
   963 ;;		Nothing
   964 ;; This function is called by:
   965 ;;		Startup code after reset
   966 ;; This function uses a non-reentrant model
   967 ;;
   968                           
   969                           
   970                           ;psect for function _main
   971  07D4                     _main:
   972  07D4                     l628:	
   973                           ;incstack = 0
   974                           ; Regs used in _main: [wreg+status,2]
   975                           
   976                           
   977                           ;main_hw.c: 53:     PORTA = 0x00;
   978  07D4  0140               	movlb	0	; select bank0
   979  07D5  018C               	clrf	12	;volatile
   980                           
   981                           ;main_hw.c: 54:     LATA = 0x00;
   982  07D6  0198               	clrf	24	;volatile
   983                           
   984                           ;main_hw.c: 55:     ANSELA = 0x00;
   985  07D7  017E               	movlb	62	; select bank62
   986  07D8  01B8               	clrf	56	;volatile
   987  07D9                     l630:
   988                           
   989                           ;main_hw.c: 56:     TRISA = 0x38;
   990  07D9  3038               	movlw	56
   991  07DA  0140               	movlb	0	; select bank0
   992  07DB  0092               	movwf	18	;volatile
   993  07DC                     l632:
   994                           
   995                           ;main_hw.c: 59:         PORTA = 0x04;
   996  07DC  3004               	movlw	4
   997  07DD  0140               	movlb	0	; select bank0
   998  07DE  008C               	movwf	12	;volatile
   999  07DF                     l634:
  1000                           
  1001                           ;main_hw.c: 60:         _delay((unsigned long)((500)*(32000000UL/4000.0)));
  1002  07DF  3015               	movlw	21
  1003  07E0  00F1               	movwf	??_main+1
  1004  07E1  304B               	movlw	75
  1005  07E2  00F0               	movwf	??_main
  1006  07E3  30BE               	movlw	190
  1007  07E4                     u17:
  1008  07E4  0B89               	decfsz	9,f
  1009  07E5  2FE4               	goto	u17
  1010  07E6  0BF0               	decfsz	??_main,f
  1011  07E7  2FE4               	goto	u17
  1012  07E8  0BF1               	decfsz	??_main+1,f
  1013  07E9  2FE4               	goto	u17
  1014  07EA  3200               	nop2
  1015  07EB                     l636:
  1016                           
  1017                           ;main_hw.c: 61:         PORTA = 0x04;
  1018  07EB  3004               	movlw	4
  1019  07EC  0140               	movlb	0	; select bank0
  1020  07ED  008C               	movwf	12	;volatile
  1021  07EE                     l638:
  1022                           
  1023                           ;main_hw.c: 62:         _delay((unsigned long)((500)*(32000000UL/4000.0)));
  1024  07EE  3015               	movlw	21
  1025  07EF  00F1               	movwf	??_main+1
  1026  07F0  304B               	movlw	75
  1027  07F1  00F0               	movwf	??_main
  1028  07F2  30BE               	movlw	190
  1029  07F3                     u27:
  1030  07F3  0B89               	decfsz	9,f
  1031  07F4  2FF3               	goto	u27
  1032  07F5  0BF0               	decfsz	??_main,f
  1033  07F6  2FF3               	goto	u27
  1034  07F7  0BF1               	decfsz	??_main+1,f
  1035  07F8  2FF3               	goto	u27
  1036  07F9  3200               	nop2
  1037  07FA  2FDC               	goto	l632
  1038  07FB  3180  2802         	ljmp	start
  1039  07FD                     __end_of_main:
  1040  007E                     btemp	set	126	;btemp
  1041  007E                     wtemp0	set	126
  1042                           
  1043                           	psect	idloc
  1044                           
  1045                           ;Config register IDLOC0 @ 0x8000
  1046                           ;	unspecified, using default values
  1047  8000                     	org	32768
  1048  8000  3FFF               	dw	16383
  1049                           
  1050                           ;Config register IDLOC1 @ 0x8001
  1051                           ;	unspecified, using default values
  1052  8001                     	org	32769
  1053  8001  3FFF               	dw	16383
  1054                           
  1055                           ;Config register IDLOC2 @ 0x8002
  1056                           ;	unspecified, using default values
  1057  8002                     	org	32770
  1058  8002  3FFF               	dw	16383
  1059                           
  1060                           ;Config register IDLOC3 @ 0x8003
  1061                           ;	unspecified, using default values
  1062  8003                     	org	32771
  1063  8003  3FFF               	dw	16383
  1064                           
  1065                           	psect	config
  1066                           
  1067                           ;Config register CONFIG1 @ 0x8007
  1068                           ;	External Oscillator mode selection bits
  1069                           ;	FEXTOSC = OFF, Oscillator not enabled
  1070                           ;	Power-up default value for COSC bits
  1071                           ;	RSTOSC = HFINT32, HFINTOSC with OSCFRQ= 32 MHz and CDIV = 1:1
  1072                           ;	Clock Out Enable bit
  1073                           ;	CLKOUTEN = OFF, CLKOUT function is disabled; i/o or oscillator function on OSC2
  1074                           ;	Clock Switch Enable bit
  1075                           ;	CSWEN = OFF, The NOSC and NDIV bits cannot be changed by user software
  1076                           ;	Fail-Safe Clock Monitor Enable bit
  1077                           ;	FCMEN = OFF, FSCM timer disabled
  1078  8007                     	org	32775
  1079  8007  178C               	dw	6028
  1080                           
  1081                           ;Config register CONFIG2 @ 0x8008
  1082                           ;	Master Clear Enable bit
  1083                           ;	MCLRE = OFF, MCLR pin function is port defined function
  1084                           ;	Power-up Timer Enable bit
  1085                           ;	PWRTS = OFF, PWRT disabled
  1086                           ;	Low-Power BOR enable bit
  1087                           ;	LPBOREN = OFF, ULPBOR disabled
  1088                           ;	Brown-out reset enable bits
  1089                           ;	BOREN = OFF, Brown-out reset disabled
  1090                           ;	Brown-out Reset Voltage Selection
  1091                           ;	BORV = HI, Brown-out Reset Voltage (VBOR) is set to 2.7V
  1092                           ;	Zero-cross detect disable
  1093                           ;	ZCDDIS = OFF, Zero-cross detect circuit is disabled at POR.
  1094                           ;	Peripheral Pin Select one-way control
  1095                           ;	PPS1WAY = OFF, The PPSLOCK bit can be set and cleared repeatedly by software
  1096                           ;	Stack Overflow/Underflow Reset Enable bit
  1097                           ;	STVREN = OFF, Stack Overflow or Underflow will not cause a reset
  1098  8008                     	org	32776
  1099  8008  253E               	dw	9534
  1100                           
  1101                           ;Config register CONFIG3 @ 0x8009
  1102                           ;	WDT Period Select bits
  1103                           ;	WDTCPS = WDTCPS_31, Divider ratio 1:65536; software control of WDTPS
  1104                           ;	WDT operating mode
  1105                           ;	WDTE = OFF, WDT Disabled, SWDTEN is ignored
  1106                           ;	WDT Window Select bits
  1107                           ;	WDTCWS = WDTCWS_7, window always open (100%); software control; keyed access not requi
      +                          red
  1108                           ;	WDT input clock selector
  1109                           ;	WDTCCS = HFINTOSC, WDT reference clock is the 31.25 kHz HFINTOSC
  1110  8009                     	org	32777
  1111  8009  0F9F               	dw	3999
  1112                           
  1113                           ;Config register CONFIG4 @ 0x800A
  1114                           ;	Boot Block Size Selection bits
  1115                           ;	BBSIZE = BB512, 512 words boot block size
  1116                           ;	Boot Block Enable bit
  1117                           ;	BBEN = OFF, Boot Block disabled
  1118                           ;	SAF Enable bit
  1119                           ;	SAFEN = OFF, SAF disabled
  1120                           ;	Application Block Write Protection bit
  1121                           ;	WRTAPP = OFF, Application Block not write protected
  1122                           ;	Boot Block Write Protection bit
  1123                           ;	WRTB = OFF, Boot Block not write protected
  1124                           ;	Configuration Register Write Protection bit
  1125                           ;	WRTC = OFF, Configuration Register not write protected
  1126                           ;	Data EEPROM write protection bit
  1127                           ;	WRTD = OFF, Data EEPROM NOT write protected
  1128                           ;	Storage Area Flash Write Protection bit
  1129                           ;	WRTSAF = OFF, SAF not write protected
  1130                           ;	Low Voltage Programming Enable bit
  1131                           ;	LVP = OFF, High Voltage on MCLR/Vpp must be used for programming
  1132  800A                     	org	32778
  1133  800A  1FFF               	dw	8191
  1134                           
  1135                           ;Config register CONFIG5 @ 0x800B
  1136                           ;	UserNVM Program memory code protection bit
  1137                           ;	CP = OFF, UserNVM code protection disabled
  1138  800B                     	org	32779
  1139  800B  3FFF               	dw	16383

Data Sizes:
    Strings     0
    Constant    0
    Data        0
    BSS         0
    Persistent  32
    Stack       0

Auto Spaces:
    Space          Size  Autos    Used
    COMMON           14      2       2
    BANK0            80      0       0
    BANK1            80      0       0
    BANK2            80      0       0
    BANK3            80      0       0
    BANK4            80      0       0
    BANK5            80      0       0
    BANK6            80      0       0
    BANK7            80      0       0
    BANK8            80      0       0
    BANK9            80      0       0
    BANK10           80      0       0
    BANK11           80      0       0
    BANK12           48      0       0

Pointer List with Targets:

    None.

Critical Paths under _main in COMMON

    None.

Critical Paths under _main in BANK0

    None.

Critical Paths under _main in BANK1

    None.

Critical Paths under _main in BANK2

    None.

Critical Paths under _main in BANK3

    None.

Critical Paths under _main in BANK4

    None.

Critical Paths under _main in BANK5

    None.

Critical Paths under _main in BANK6

    None.

Critical Paths under _main in BANK7

    None.

Critical Paths under _main in BANK8

    None.

Critical Paths under _main in BANK9

    None.

Critical Paths under _main in BANK10

    None.

Critical Paths under _main in BANK11

    None.

Critical Paths under _main in BANK12

    None.

Call Graph Tables:

 ---------------------------------------------------------------------------------
 (Depth) Function   	        Calls       Base Space   Used Autos Params    Refs
 ---------------------------------------------------------------------------------
 (0) _main                                                 2     2      0       0
                                              0 COMMON     2     2      0
 ---------------------------------------------------------------------------------
 Estimated maximum stack depth 0
 ---------------------------------------------------------------------------------

 Call Graph Graphs:

 _main (ROOT)

 Address spaces:
Name               Size   Autos  Total    Cost      Usage
BIGRAM             3F0      0       0       0        0.0%
EEDATA             100      0       0       0        0.0%
NULL                 0      0       0       0        0.0%
CODE                 0      0       0       0        0.0%
BITCOMMON            E      0       0       1        0.0%
BITSFR0              0      0       0       1        0.0%
SFR0                 0      0       0       1        0.0%
COMMON               E      2       2       2       14.3%
BITSFR1              0      0       0       2        0.0%
SFR1                 0      0       0       2        0.0%
BITSFR2              0      0       0       3        0.0%
SFR2                 0      0       0       3        0.0%
STACK                0      0       0       3        0.0%
BITSFR3              0      0       0       4        0.0%
SFR3                 0      0       0       4        0.0%
ABS                  0      0       0       4        0.0%
BITBANK0            50      0       0       5        0.0%
BITSFR4              0      0       0       5        0.0%
SFR4                 0      0       0       5        0.0%
BANK0               50      0       0       6        0.0%
BITSFR5              0      0       0       6        0.0%
SFR5                 0      0       0       6        0.0%
BITBANK1            50      0       0       7        0.0%
BITSFR6              0      0       0       7        0.0%
SFR6                 0      0       0       7        0.0%
BANK1               50      0       0       8        0.0%
BITSFR7              0      0       0       8        0.0%
SFR7                 0      0       0       8        0.0%
BITBANK2            50      0       0       9        0.0%
BITSFR8              0      0       0       9        0.0%
SFR8                 0      0       0       9        0.0%
BANK2               50      0       0      10        0.0%
BITSFR9              0      0       0      10        0.0%
SFR9                 0      0       0      10        0.0%
BITBANK3            50      0       0      11        0.0%
BITSFR10             0      0       0      11        0.0%
SFR10                0      0       0      11        0.0%
BANK3               50      0       0      12        0.0%
BITSFR11             0      0       0      12        0.0%
SFR11                0      0       0      12        0.0%
BITBANK4            50      0       0      13        0.0%
BITSFR12             0      0       0      13        0.0%
SFR12                0      0       0      13        0.0%
BANK4               50      0       0      14        0.0%
BITSFR13             0      0       0      14        0.0%
SFR13                0      0       0      14        0.0%
BITBANK5            50      0       0      15        0.0%
BITSFR14             0      0       0      15        0.0%
SFR14                0      0       0      15        0.0%
BANK5               50      0       0      16        0.0%
BITSFR15             0      0       0      16        0.0%
SFR15                0      0       0      16        0.0%
BITBANK6            50      0       0      17        0.0%
BITSFR16             0      0       0      17        0.0%
SFR16                0      0       0      17        0.0%
BANK6               50      0       0      18        0.0%
BITSFR17             0      0       0      18        0.0%
SFR17                0      0       0      18        0.0%
BITBANK7            50      0       0      19        0.0%
BITSFR18             0      0       0      19        0.0%
SFR18                0      0       0      19        0.0%
BANK7               50      0       0      20        0.0%
BITSFR19             0      0       0      20        0.0%
SFR19                0      0       0      20        0.0%
BITBANK8            50      0       0      21        0.0%
BITSFR20             0      0       0      21        0.0%
SFR20                0      0       0      21        0.0%
BANK8               50      0       0      22        0.0%
BITSFR21             0      0       0      22        0.0%
SFR21                0      0       0      22        0.0%
BITBANK9            50      0       0      23        0.0%
BITSFR22             0      0       0      23        0.0%
SFR22                0      0       0      23        0.0%
BANK9               50      0       0      24        0.0%
BITSFR23             0      0       0      24        0.0%
SFR23                0      0       0      24        0.0%
BITBANK10           50      0       0      25        0.0%
BITSFR24             0      0       0      25        0.0%
SFR24                0      0       0      25        0.0%
BANK10              50      0       0      26        0.0%
BITSFR25             0      0       0      26        0.0%
SFR25                0      0       0      26        0.0%
BITBANK11           50      0       0      27        0.0%
BITSFR26             0      0       0      27        0.0%
SFR26                0      0       0      27        0.0%
BANK11              50      0       0      28        0.0%
BITSFR27             0      0       0      28        0.0%
SFR27                0      0       0      28        0.0%
BITBANK12           30      0       0      29        0.0%
BITSFR28             0      0       0      29        0.0%
SFR28                0      0       0      29        0.0%
BANK12              30      0       0      30        0.0%
BITSFR29             0      0       0      30        0.0%
SFR29                0      0       0      30        0.0%
BITSFR30             0      0       0      31        0.0%
SFR30                0      0       0      31        0.0%
DATA                 0      0       0      31        0.0%
BITSFR31             0      0       0      32        0.0%
SFR31                0      0       0      32        0.0%
BITSFR32             0      0       0      33        0.0%
SFR32                0      0       0      33        0.0%
BITSFR33             0      0       0      34        0.0%
SFR33                0      0       0      34        0.0%
BITSFR34             0      0       0      35        0.0%
SFR34                0      0       0      35        0.0%
BITSFR35             0      0       0      36        0.0%
SFR35                0      0       0      36        0.0%
BITSFR36             0      0       0      37        0.0%
SFR36                0      0       0      37        0.0%
BITSFR37             0      0       0      38        0.0%
SFR37                0      0       0      38        0.0%
BITSFR38             0      0       0      39        0.0%
SFR38                0      0       0      39        0.0%
BITSFR39             0      0       0      40        0.0%
SFR39                0      0       0      40        0.0%
BITSFR40             0      0       0      41        0.0%
SFR40                0      0       0      41        0.0%
BITSFR41             0      0       0      42        0.0%
SFR41                0      0       0      42        0.0%
BITSFR42             0      0       0      43        0.0%
SFR42                0      0       0      43        0.0%
BITSFR43             0      0       0      44        0.0%
SFR43                0      0       0      44        0.0%
BITSFR44             0      0       0      45        0.0%
SFR44                0      0       0      45        0.0%
BITSFR45             0      0       0      46        0.0%
SFR45                0      0       0      46        0.0%
BITSFR46             0      0       0      47        0.0%
SFR46                0      0       0      47        0.0%
BITSFR47             0      0       0      48        0.0%
SFR47                0      0       0      48        0.0%
BITSFR48             0      0       0      49        0.0%
SFR48                0      0       0      49        0.0%
BITSFR49             0      0       0      50        0.0%
SFR49                0      0       0      50        0.0%
BITSFR50             0      0       0      51        0.0%
SFR50                0      0       0      51        0.0%
BITSFR51             0      0       0      52        0.0%
SFR51                0      0       0      52        0.0%
BITSFR52             0      0       0      53        0.0%
SFR52                0      0       0      53        0.0%
BITSFR53             0      0       0      54        0.0%
SFR53                0      0       0      54        0.0%
BITSFR54             0      0       0      55        0.0%
SFR54                0      0       0      55        0.0%
BITSFR55             0      0       0      56        0.0%
SFR55                0      0       0      56        0.0%
BITSFR56             0      0       0      57        0.0%
SFR56                0      0       0      57        0.0%
BITSFR57             0      0       0      58        0.0%
SFR57                0      0       0      58        0.0%
BITSFR58             0      0       0      59        0.0%
SFR58                0      0       0      59        0.0%
BITSFR59             0      0       0      60        0.0%
SFR59                0      0       0      60        0.0%
BITSFR60             0      0       0      61        0.0%
SFR60                0      0       0      61        0.0%
BITSFR61             0      0       0      62        0.0%
SFR61                0      0       0      62        0.0%
BITSFR62             0      0       0      63        0.0%
SFR62                0      0       0      63        0.0%
BITSFR63             0      0       0      64        0.0%
SFR63                0      0       0      64        0.0%


Microchip Technology PIC Macro Assembler V2.32 build 20210201212658 
Symbol Table                                                                                   Tue Apr 18 21:49:48 2023

                     u17 07E4                       u27 07F3                      l630 07D9  
                    l632 07DC                      l634 07DF                      l636 07EB  
                    l628 07D4                      l638 07EE                      wreg 0009  
                   _LATA 0018                     _main 07D4                     btemp 007E  
                   start 0002                    ?_main 0070                    _PORTA 000C  
                  _TRISA 0012                    wtemp0 007E          __initialization 07FD  
           __end_of_main 07FD                   ??_main 0070                   _ANSELA 1F38  
__end_of__initialization 07FD           __pcstackCOMMON 0070               __pmaintext 07D4  
   end_of_initialization 07FD      start_initialization 07FD                ___latbits 0002  
          __size_of_main 0029  
