

Microchip MPLAB XC8 Assembler V2.32 build 20210201212658 
                                                                                               Wed Apr 12 22:05:25 2023

Microchip MPLAB XC8 C Compiler v2.32 (Free license) build 20210201212658 Og1 
     1                           	processor	16F18425
     2                           	pagewidth 120
     3                           	opt	flic
     4                           	psect	cinit,global,class=CODE,merge=1,delta=2
     5                           	psect	cstackCOMMON,global,class=COMMON,space=1,delta=1,noexec
     6                           	psect	maintext,global,class=CODE,merge=1,split=1,delta=2
     7                           	psect	config,global,abs,ovrld,class=CONFIG,space=4,delta=2,noexec
     8                           	dabs	1,0x7E,2
     9  0000                     
    10                           ; Version 2.35
    11                           ; Generated 01/06/2021 GMT
    12                           ; 
    13                           ; Copyright © 2021, Microchip Technology Inc. and its subsidiaries ("Microchip")
    14                           ; All rights reserved.
    15                           ; 
    16                           ; This software is developed by Microchip Technology Inc. and its subsidiaries ("Microch
      +                          ip").
    17                           ; 
    18                           ; Redistribution and use in source and binary forms, with or without modification, are
    19                           ; permitted provided that the following conditions are met:
    20                           ; 
    21                           ;     1. Redistributions of source code must retain the above copyright notice, this lis
      +                          t of
    22                           ;        conditions and the following disclaimer.
    23                           ; 
    24                           ;     2. Redistributions in binary form must reproduce the above copyright notice, this 
      +                          list
    25                           ;        of conditions and the following disclaimer in the documentation and/or other
    26                           ;        materials provided with the distribution. Publication is not required when
    27                           ;        this file is used in an embedded application.
    28                           ; 
    29                           ;     3. Microchip's name may not be used to endorse or promote products derived from th
      +                          is
    30                           ;        software without specific prior written permission.
    31                           ; 
    32                           ; THIS SOFTWARE IS PROVIDED BY MICROCHIP "AS IS" AND ANY EXPRESS OR IMPLIED WARRANTIES,
    33                           ; INCLUDING, BUT NOT LIMITED TO, THE IMPLIED WARRANTIES OF MERCHANTABILITY AND FITNESS F
      +                          OR
    34                           ; PURPOSE ARE DISCLAIMED.  IN NO EVENT SHALL MICROCHIP BE LIABLE FOR ANY DIRECT, INDIREC
      +                          T,
    35                           ; INCIDENTAL, SPECIAL, EXEMPLARY, OR CONSEQUENTIAL DAMAGES (INCLUDING BUT NOT LIMITED TO
    36                           ; PROCUREMENT OF SUBSTITUTE GOODS OR SERVICES; LOSS OF USE, DATA OR PROFITS; OR BUSINESS
    37                           ; INTERRUPTION) HOWSOEVER CAUSED AND ON ANY THEORY OF LIABILITY, WHETHER IN CONTRACT, ST
      +                          RICT
    38                           ; LIABILITY, OR TORT (INCLUDING NEGLIGENCE OR OTHERWISE) ARISING IN ANY WAY OUT OF THE U
      +                          SE OF
    39                           ; THIS SOFTWARE, EVEN IF ADVISED OF THE POSSIBILITY OF SUCH DAMAGE.
    40                           ; 
    41                           ; 
    42                           ; Code-generator required, PIC16F18425 Definitions
    43                           ; 
    44                           ; SFR Addresses
    45  0000                     	;# 
    46  0001                     	;# 
    47  0002                     	;# 
    48  0003                     	;# 
    49  0004                     	;# 
    50  0005                     	;# 
    51  0006                     	;# 
    52  0007                     	;# 
    53  0008                     	;# 
    54  0009                     	;# 
    55  000A                     	;# 
    56  000B                     	;# 
    57  000C                     	;# 
    58  000E                     	;# 
    59  0012                     	;# 
    60  0014                     	;# 
    61  0018                     	;# 
    62  001A                     	;# 
    63  008C                     	;# 
    64  008C                     	;# 
    65  008D                     	;# 
    66  008E                     	;# 
    67  008E                     	;# 
    68  008F                     	;# 
    69  0090                     	;# 
    70  0090                     	;# 
    71  0091                     	;# 
    72  0092                     	;# 
    73  0092                     	;# 
    74  0093                     	;# 
    75  0094                     	;# 
    76  0094                     	;# 
    77  0095                     	;# 
    78  0096                     	;# 
    79  0096                     	;# 
    80  0097                     	;# 
    81  0098                     	;# 
    82  0099                     	;# 
    83  009A                     	;# 
    84  009B                     	;# 
    85  009B                     	;# 
    86  009C                     	;# 
    87  009D                     	;# 
    88  009D                     	;# 
    89  009E                     	;# 
    90  009F                     	;# 
    91  010C                     	;# 
    92  010C                     	;# 
    93  010D                     	;# 
    94  010E                     	;# 
    95  010F                     	;# 
    96  010F                     	;# 
    97  0110                     	;# 
    98  0111                     	;# 
    99  0112                     	;# 
   100  0113                     	;# 
   101  0114                     	;# 
   102  0115                     	;# 
   103  0116                     	;# 
   104  0117                     	;# 
   105  0118                     	;# 
   106  0119                     	;# 
   107  0119                     	;# 
   108  0119                     	;# 
   109  011A                     	;# 
   110  011A                     	;# 
   111  011A                     	;# 
   112  011B                     	;# 
   113  011B                     	;# 
   114  011B                     	;# 
   115  011B                     	;# 
   116  011B                     	;# 
   117  011C                     	;# 
   118  011C                     	;# 
   119  011C                     	;# 
   120  011D                     	;# 
   121  011D                     	;# 
   122  011D                     	;# 
   123  011E                     	;# 
   124  011E                     	;# 
   125  011E                     	;# 
   126  011F                     	;# 
   127  011F                     	;# 
   128  011F                     	;# 
   129  011F                     	;# 
   130  011F                     	;# 
   131  018C                     	;# 
   132  018D                     	;# 
   133  018E                     	;# 
   134  018F                     	;# 
   135  0190                     	;# 
   136  0191                     	;# 
   137  0192                     	;# 
   138  0196                     	;# 
   139  0197                     	;# 
   140  0198                     	;# 
   141  0199                     	;# 
   142  019A                     	;# 
   143  019B                     	;# 
   144  019C                     	;# 
   145  020C                     	;# 
   146  020D                     	;# 
   147  020E                     	;# 
   148  020E                     	;# 
   149  020F                     	;# 
   150  020F                     	;# 
   151  0210                     	;# 
   152  0210                     	;# 
   153  0211                     	;# 
   154  0211                     	;# 
   155  0212                     	;# 
   156  0213                     	;# 
   157  0214                     	;# 
   158  0214                     	;# 
   159  0215                     	;# 
   160  0215                     	;# 
   161  0216                     	;# 
   162  0216                     	;# 
   163  0217                     	;# 
   164  0217                     	;# 
   165  0218                     	;# 
   166  0219                     	;# 
   167  021A                     	;# 
   168  021A                     	;# 
   169  021B                     	;# 
   170  021B                     	;# 
   171  021C                     	;# 
   172  021C                     	;# 
   173  021D                     	;# 
   174  021D                     	;# 
   175  021E                     	;# 
   176  021F                     	;# 
   177  028C                     	;# 
   178  028C                     	;# 
   179  028D                     	;# 
   180  028D                     	;# 
   181  028E                     	;# 
   182  028F                     	;# 
   183  0290                     	;# 
   184  0291                     	;# 
   185  0292                     	;# 
   186  0292                     	;# 
   187  0293                     	;# 
   188  0293                     	;# 
   189  0294                     	;# 
   190  0295                     	;# 
   191  0296                     	;# 
   192  0297                     	;# 
   193  0298                     	;# 
   194  0298                     	;# 
   195  0299                     	;# 
   196  0299                     	;# 
   197  029A                     	;# 
   198  029B                     	;# 
   199  029C                     	;# 
   200  029D                     	;# 
   201  029F                     	;# 
   202  030C                     	;# 
   203  030C                     	;# 
   204  030D                     	;# 
   205  030E                     	;# 
   206  030F                     	;# 
   207  0310                     	;# 
   208  0310                     	;# 
   209  0311                     	;# 
   210  0312                     	;# 
   211  0313                     	;# 
   212  0314                     	;# 
   213  0314                     	;# 
   214  0315                     	;# 
   215  0316                     	;# 
   216  0317                     	;# 
   217  0318                     	;# 
   218  0318                     	;# 
   219  0319                     	;# 
   220  031A                     	;# 
   221  031B                     	;# 
   222  038C                     	;# 
   223  038C                     	;# 
   224  038D                     	;# 
   225  038E                     	;# 
   226  0390                     	;# 
   227  0390                     	;# 
   228  0391                     	;# 
   229  0392                     	;# 
   230  048C                     	;# 
   231  048C                     	;# 
   232  048D                     	;# 
   233  048E                     	;# 
   234  048F                     	;# 
   235  048F                     	;# 
   236  0490                     	;# 
   237  0491                     	;# 
   238  0492                     	;# 
   239  0492                     	;# 
   240  0493                     	;# 
   241  0494                     	;# 
   242  0495                     	;# 
   243  0495                     	;# 
   244  0496                     	;# 
   245  0497                     	;# 
   246  0498                     	;# 
   247  0499                     	;# 
   248  049A                     	;# 
   249  049B                     	;# 
   250  049C                     	;# 
   251  049D                     	;# 
   252  058C                     	;# 
   253  058C                     	;# 
   254  058D                     	;# 
   255  058E                     	;# 
   256  058F                     	;# 
   257  058F                     	;# 
   258  0590                     	;# 
   259  0591                     	;# 
   260  0592                     	;# 
   261  0593                     	;# 
   262  059C                     	;# 
   263  059C                     	;# 
   264  059D                     	;# 
   265  059D                     	;# 
   266  059E                     	;# 
   267  059F                     	;# 
   268  060C                     	;# 
   269  060C                     	;# 
   270  060D                     	;# 
   271  060D                     	;# 
   272  060E                     	;# 
   273  060F                     	;# 
   274  0610                     	;# 
   275  0611                     	;# 
   276  0612                     	;# 
   277  0613                     	;# 
   278  0614                     	;# 
   279  0616                     	;# 
   280  0616                     	;# 
   281  0617                     	;# 
   282  0617                     	;# 
   283  0618                     	;# 
   284  0619                     	;# 
   285  061A                     	;# 
   286  061B                     	;# 
   287  061C                     	;# 
   288  061D                     	;# 
   289  061E                     	;# 
   290  070C                     	;# 
   291  070D                     	;# 
   292  070E                     	;# 
   293  070F                     	;# 
   294  0710                     	;# 
   295  0711                     	;# 
   296  0712                     	;# 
   297  0713                     	;# 
   298  0714                     	;# 
   299  0716                     	;# 
   300  0717                     	;# 
   301  0718                     	;# 
   302  0719                     	;# 
   303  071A                     	;# 
   304  071B                     	;# 
   305  071C                     	;# 
   306  071D                     	;# 
   307  071E                     	;# 
   308  0796                     	;# 
   309  0797                     	;# 
   310  0798                     	;# 
   311  0799                     	;# 
   312  079A                     	;# 
   313  079B                     	;# 
   314  079C                     	;# 
   315  079D                     	;# 
   316  080C                     	;# 
   317  080D                     	;# 
   318  080E                     	;# 
   319  080F                     	;# 
   320  0810                     	;# 
   321  0811                     	;# 
   322  0812                     	;# 
   323  0813                     	;# 
   324  0814                     	;# 
   325  081A                     	;# 
   326  081A                     	;# 
   327  081B                     	;# 
   328  081C                     	;# 
   329  081C                     	;# 
   330  081D                     	;# 
   331  081E                     	;# 
   332  081F                     	;# 
   333  088C                     	;# 
   334  088D                     	;# 
   335  088E                     	;# 
   336  088F                     	;# 
   337  0890                     	;# 
   338  0891                     	;# 
   339  0892                     	;# 
   340  0893                     	;# 
   341  0895                     	;# 
   342  0896                     	;# 
   343  0897                     	;# 
   344  0898                     	;# 
   345  0899                     	;# 
   346  089A                     	;# 
   347  089B                     	;# 
   348  090C                     	;# 
   349  090E                     	;# 
   350  090F                     	;# 
   351  091F                     	;# 
   352  098F                     	;# 
   353  098F                     	;# 
   354  0990                     	;# 
   355  0991                     	;# 
   356  0992                     	;# 
   357  0993                     	;# 
   358  0994                     	;# 
   359  0995                     	;# 
   360  0996                     	;# 
   361  0997                     	;# 
   362  1E0F                     	;# 
   363  1E10                     	;# 
   364  1E11                     	;# 
   365  1E12                     	;# 
   366  1E13                     	;# 
   367  1E14                     	;# 
   368  1E15                     	;# 
   369  1E16                     	;# 
   370  1E17                     	;# 
   371  1E18                     	;# 
   372  1E19                     	;# 
   373  1E1A                     	;# 
   374  1E1B                     	;# 
   375  1E1C                     	;# 
   376  1E1D                     	;# 
   377  1E1E                     	;# 
   378  1E1F                     	;# 
   379  1E20                     	;# 
   380  1E21                     	;# 
   381  1E22                     	;# 
   382  1E23                     	;# 
   383  1E24                     	;# 
   384  1E25                     	;# 
   385  1E26                     	;# 
   386  1E27                     	;# 
   387  1E28                     	;# 
   388  1E29                     	;# 
   389  1E2A                     	;# 
   390  1E2B                     	;# 
   391  1E2C                     	;# 
   392  1E2D                     	;# 
   393  1E2E                     	;# 
   394  1E2F                     	;# 
   395  1E30                     	;# 
   396  1E31                     	;# 
   397  1E32                     	;# 
   398  1E33                     	;# 
   399  1E34                     	;# 
   400  1E35                     	;# 
   401  1E36                     	;# 
   402  1E37                     	;# 
   403  1E8F                     	;# 
   404  1E90                     	;# 
   405  1E91                     	;# 
   406  1E92                     	;# 
   407  1E93                     	;# 
   408  1E94                     	;# 
   409  1E95                     	;# 
   410  1E96                     	;# 
   411  1E97                     	;# 
   412  1E9C                     	;# 
   413  1E9D                     	;# 
   414  1E9E                     	;# 
   415  1EA1                     	;# 
   416  1EA2                     	;# 
   417  1EA3                     	;# 
   418  1EA4                     	;# 
   419  1EA9                     	;# 
   420  1EAA                     	;# 
   421  1EB1                     	;# 
   422  1EB2                     	;# 
   423  1EB8                     	;# 
   424  1EB9                     	;# 
   425  1EBA                     	;# 
   426  1EBB                     	;# 
   427  1EBC                     	;# 
   428  1EBD                     	;# 
   429  1EBE                     	;# 
   430  1EC3                     	;# 
   431  1EC5                     	;# 
   432  1EC6                     	;# 
   433  1EC7                     	;# 
   434  1EC8                     	;# 
   435  1EC9                     	;# 
   436  1ECA                     	;# 
   437  1ECB                     	;# 
   438  1ECC                     	;# 
   439  1F10                     	;# 
   440  1F11                     	;# 
   441  1F12                     	;# 
   442  1F14                     	;# 
   443  1F15                     	;# 
   444  1F20                     	;# 
   445  1F21                     	;# 
   446  1F22                     	;# 
   447  1F23                     	;# 
   448  1F24                     	;# 
   449  1F25                     	;# 
   450  1F38                     	;# 
   451  1F39                     	;# 
   452  1F3A                     	;# 
   453  1F3B                     	;# 
   454  1F3C                     	;# 
   455  1F3D                     	;# 
   456  1F3E                     	;# 
   457  1F3F                     	;# 
   458  1F4E                     	;# 
   459  1F4F                     	;# 
   460  1F50                     	;# 
   461  1F51                     	;# 
   462  1F52                     	;# 
   463  1F53                     	;# 
   464  1F54                     	;# 
   465  1F55                     	;# 
   466  1FE4                     	;# 
   467  1FE5                     	;# 
   468  1FE6                     	;# 
   469  1FE7                     	;# 
   470  1FE8                     	;# 
   471  1FE8                     	;# 
   472  1FE9                     	;# 
   473  1FEA                     	;# 
   474  1FEB                     	;# 
   475  1FED                     	;# 
   476  1FEE                     	;# 
   477  1FEF                     	;# 
   478  0000                     	;# 
   479  0001                     	;# 
   480  0002                     	;# 
   481  0003                     	;# 
   482  0004                     	;# 
   483  0005                     	;# 
   484  0006                     	;# 
   485  0007                     	;# 
   486  0008                     	;# 
   487  0009                     	;# 
   488  000A                     	;# 
   489  000B                     	;# 
   490  000C                     	;# 
   491  000E                     	;# 
   492  0012                     	;# 
   493  0014                     	;# 
   494  0018                     	;# 
   495  001A                     	;# 
   496  008C                     	;# 
   497  008C                     	;# 
   498  008D                     	;# 
   499  008E                     	;# 
   500  008E                     	;# 
   501  008F                     	;# 
   502  0090                     	;# 
   503  0090                     	;# 
   504  0091                     	;# 
   505  0092                     	;# 
   506  0092                     	;# 
   507  0093                     	;# 
   508  0094                     	;# 
   509  0094                     	;# 
   510  0095                     	;# 
   511  0096                     	;# 
   512  0096                     	;# 
   513  0097                     	;# 
   514  0098                     	;# 
   515  0099                     	;# 
   516  009A                     	;# 
   517  009B                     	;# 
   518  009B                     	;# 
   519  009C                     	;# 
   520  009D                     	;# 
   521  009D                     	;# 
   522  009E                     	;# 
   523  009F                     	;# 
   524  010C                     	;# 
   525  010C                     	;# 
   526  010D                     	;# 
   527  010E                     	;# 
   528  010F                     	;# 
   529  010F                     	;# 
   530  0110                     	;# 
   531  0111                     	;# 
   532  0112                     	;# 
   533  0113                     	;# 
   534  0114                     	;# 
   535  0115                     	;# 
   536  0116                     	;# 
   537  0117                     	;# 
   538  0118                     	;# 
   539  0119                     	;# 
   540  0119                     	;# 
   541  0119                     	;# 
   542  011A                     	;# 
   543  011A                     	;# 
   544  011A                     	;# 
   545  011B                     	;# 
   546  011B                     	;# 
   547  011B                     	;# 
   548  011B                     	;# 
   549  011B                     	;# 
   550  011C                     	;# 
   551  011C                     	;# 
   552  011C                     	;# 
   553  011D                     	;# 
   554  011D                     	;# 
   555  011D                     	;# 
   556  011E                     	;# 
   557  011E                     	;# 
   558  011E                     	;# 
   559  011F                     	;# 
   560  011F                     	;# 
   561  011F                     	;# 
   562  011F                     	;# 
   563  011F                     	;# 
   564  018C                     	;# 
   565  018D                     	;# 
   566  018E                     	;# 
   567  018F                     	;# 
   568  0190                     	;# 
   569  0191                     	;# 
   570  0192                     	;# 
   571  0196                     	;# 
   572  0197                     	;# 
   573  0198                     	;# 
   574  0199                     	;# 
   575  019A                     	;# 
   576  019B                     	;# 
   577  019C                     	;# 
   578  020C                     	;# 
   579  020D                     	;# 
   580  020E                     	;# 
   581  020E                     	;# 
   582  020F                     	;# 
   583  020F                     	;# 
   584  0210                     	;# 
   585  0210                     	;# 
   586  0211                     	;# 
   587  0211                     	;# 
   588  0212                     	;# 
   589  0213                     	;# 
   590  0214                     	;# 
   591  0214                     	;# 
   592  0215                     	;# 
   593  0215                     	;# 
   594  0216                     	;# 
   595  0216                     	;# 
   596  0217                     	;# 
   597  0217                     	;# 
   598  0218                     	;# 
   599  0219                     	;# 
   600  021A                     	;# 
   601  021A                     	;# 
   602  021B                     	;# 
   603  021B                     	;# 
   604  021C                     	;# 
   605  021C                     	;# 
   606  021D                     	;# 
   607  021D                     	;# 
   608  021E                     	;# 
   609  021F                     	;# 
   610  028C                     	;# 
   611  028C                     	;# 
   612  028D                     	;# 
   613  028D                     	;# 
   614  028E                     	;# 
   615  028F                     	;# 
   616  0290                     	;# 
   617  0291                     	;# 
   618  0292                     	;# 
   619  0292                     	;# 
   620  0293                     	;# 
   621  0293                     	;# 
   622  0294                     	;# 
   623  0295                     	;# 
   624  0296                     	;# 
   625  0297                     	;# 
   626  0298                     	;# 
   627  0298                     	;# 
   628  0299                     	;# 
   629  0299                     	;# 
   630  029A                     	;# 
   631  029B                     	;# 
   632  029C                     	;# 
   633  029D                     	;# 
   634  029F                     	;# 
   635  030C                     	;# 
   636  030C                     	;# 
   637  030D                     	;# 
   638  030E                     	;# 
   639  030F                     	;# 
   640  0310                     	;# 
   641  0310                     	;# 
   642  0311                     	;# 
   643  0312                     	;# 
   644  0313                     	;# 
   645  0314                     	;# 
   646  0314                     	;# 
   647  0315                     	;# 
   648  0316                     	;# 
   649  0317                     	;# 
   650  0318                     	;# 
   651  0318                     	;# 
   652  0319                     	;# 
   653  031A                     	;# 
   654  031B                     	;# 
   655  038C                     	;# 
   656  038C                     	;# 
   657  038D                     	;# 
   658  038E                     	;# 
   659  0390                     	;# 
   660  0390                     	;# 
   661  0391                     	;# 
   662  0392                     	;# 
   663  048C                     	;# 
   664  048C                     	;# 
   665  048D                     	;# 
   666  048E                     	;# 
   667  048F                     	;# 
   668  048F                     	;# 
   669  0490                     	;# 
   670  0491                     	;# 
   671  0492                     	;# 
   672  0492                     	;# 
   673  0493                     	;# 
   674  0494                     	;# 
   675  0495                     	;# 
   676  0495                     	;# 
   677  0496                     	;# 
   678  0497                     	;# 
   679  0498                     	;# 
   680  0499                     	;# 
   681  049A                     	;# 
   682  049B                     	;# 
   683  049C                     	;# 
   684  049D                     	;# 
   685  058C                     	;# 
   686  058C                     	;# 
   687  058D                     	;# 
   688  058E                     	;# 
   689  058F                     	;# 
   690  058F                     	;# 
   691  0590                     	;# 
   692  0591                     	;# 
   693  0592                     	;# 
   694  0593                     	;# 
   695  059C                     	;# 
   696  059C                     	;# 
   697  059D                     	;# 
   698  059D                     	;# 
   699  059E                     	;# 
   700  059F                     	;# 
   701  060C                     	;# 
   702  060C                     	;# 
   703  060D                     	;# 
   704  060D                     	;# 
   705  060E                     	;# 
   706  060F                     	;# 
   707  0610                     	;# 
   708  0611                     	;# 
   709  0612                     	;# 
   710  0613                     	;# 
   711  0614                     	;# 
   712  0616                     	;# 
   713  0616                     	;# 
   714  0617                     	;# 
   715  0617                     	;# 
   716  0618                     	;# 
   717  0619                     	;# 
   718  061A                     	;# 
   719  061B                     	;# 
   720  061C                     	;# 
   721  061D                     	;# 
   722  061E                     	;# 
   723  070C                     	;# 
   724  070D                     	;# 
   725  070E                     	;# 
   726  070F                     	;# 
   727  0710                     	;# 
   728  0711                     	;# 
   729  0712                     	;# 
   730  0713                     	;# 
   731  0714                     	;# 
   732  0716                     	;# 
   733  0717                     	;# 
   734  0718                     	;# 
   735  0719                     	;# 
   736  071A                     	;# 
   737  071B                     	;# 
   738  071C                     	;# 
   739  071D                     	;# 
   740  071E                     	;# 
   741  0796                     	;# 
   742  0797                     	;# 
   743  0798                     	;# 
   744  0799                     	;# 
   745  079A                     	;# 
   746  079B                     	;# 
   747  079C                     	;# 
   748  079D                     	;# 
   749  080C                     	;# 
   750  080D                     	;# 
   751  080E                     	;# 
   752  080F                     	;# 
   753  0810                     	;# 
   754  0811                     	;# 
   755  0812                     	;# 
   756  0813                     	;# 
   757  0814                     	;# 
   758  081A                     	;# 
   759  081A                     	;# 
   760  081B                     	;# 
   761  081C                     	;# 
   762  081C                     	;# 
   763  081D                     	;# 
   764  081E                     	;# 
   765  081F                     	;# 
   766  088C                     	;# 
   767  088D                     	;# 
   768  088E                     	;# 
   769  088F                     	;# 
   770  0890                     	;# 
   771  0891                     	;# 
   772  0892                     	;# 
   773  0893                     	;# 
   774  0895                     	;# 
   775  0896                     	;# 
   776  0897                     	;# 
   777  0898                     	;# 
   778  0899                     	;# 
   779  089A                     	;# 
   780  089B                     	;# 
   781  090C                     	;# 
   782  090E                     	;# 
   783  090F                     	;# 
   784  091F                     	;# 
   785  098F                     	;# 
   786  098F                     	;# 
   787  0990                     	;# 
   788  0991                     	;# 
   789  0992                     	;# 
   790  0993                     	;# 
   791  0994                     	;# 
   792  0995                     	;# 
   793  0996                     	;# 
   794  0997                     	;# 
   795  1E0F                     	;# 
   796  1E10                     	;# 
   797  1E11                     	;# 
   798  1E12                     	;# 
   799  1E13                     	;# 
   800  1E14                     	;# 
   801  1E15                     	;# 
   802  1E16                     	;# 
   803  1E17                     	;# 
   804  1E18                     	;# 
   805  1E19                     	;# 
   806  1E1A                     	;# 
   807  1E1B                     	;# 
   808  1E1C                     	;# 
   809  1E1D                     	;# 
   810  1E1E                     	;# 
   811  1E1F                     	;# 
   812  1E20                     	;# 
   813  1E21                     	;# 
   814  1E22                     	;# 
   815  1E23                     	;# 
   816  1E24                     	;# 
   817  1E25                     	;# 
   818  1E26                     	;# 
   819  1E27                     	;# 
   820  1E28                     	;# 
   821  1E29                     	;# 
   822  1E2A                     	;# 
   823  1E2B                     	;# 
   824  1E2C                     	;# 
   825  1E2D                     	;# 
   826  1E2E                     	;# 
   827  1E2F                     	;# 
   828  1E30                     	;# 
   829  1E31                     	;# 
   830  1E32                     	;# 
   831  1E33                     	;# 
   832  1E34                     	;# 
   833  1E35                     	;# 
   834  1E36                     	;# 
   835  1E37                     	;# 
   836  1E8F                     	;# 
   837  1E90                     	;# 
   838  1E91                     	;# 
   839  1E92                     	;# 
   840  1E93                     	;# 
   841  1E94                     	;# 
   842  1E95                     	;# 
   843  1E96                     	;# 
   844  1E97                     	;# 
   845  1E9C                     	;# 
   846  1E9D                     	;# 
   847  1E9E                     	;# 
   848  1EA1                     	;# 
   849  1EA2                     	;# 
   850  1EA3                     	;# 
   851  1EA4                     	;# 
   852  1EA9                     	;# 
   853  1EAA                     	;# 
   854  1EB1                     	;# 
   855  1EB2                     	;# 
   856  1EB8                     	;# 
   857  1EB9                     	;# 
   858  1EBA                     	;# 
   859  1EBB                     	;# 
   860  1EBC                     	;# 
   861  1EBD                     	;# 
   862  1EBE                     	;# 
   863  1EC3                     	;# 
   864  1EC5                     	;# 
   865  1EC6                     	;# 
   866  1EC7                     	;# 
   867  1EC8                     	;# 
   868  1EC9                     	;# 
   869  1ECA                     	;# 
   870  1ECB                     	;# 
   871  1ECC                     	;# 
   872  1F10                     	;# 
   873  1F11                     	;# 
   874  1F12                     	;# 
   875  1F14                     	;# 
   876  1F15                     	;# 
   877  1F20                     	;# 
   878  1F21                     	;# 
   879  1F22                     	;# 
   880  1F23                     	;# 
   881  1F24                     	;# 
   882  1F25                     	;# 
   883  1F38                     	;# 
   884  1F39                     	;# 
   885  1F3A                     	;# 
   886  1F3B                     	;# 
   887  1F3C                     	;# 
   888  1F3D                     	;# 
   889  1F3E                     	;# 
   890  1F3F                     	;# 
   891  1F4E                     	;# 
   892  1F4F                     	;# 
   893  1F50                     	;# 
   894  1F51                     	;# 
   895  1F52                     	;# 
   896  1F53                     	;# 
   897  1F54                     	;# 
   898  1F55                     	;# 
   899  1FE4                     	;# 
   900  1FE5                     	;# 
   901  1FE6                     	;# 
   902  1FE7                     	;# 
   903  1FE8                     	;# 
   904  1FE8                     	;# 
   905  1FE9                     	;# 
   906  1FEA                     	;# 
   907  1FEB                     	;# 
   908  1FED                     	;# 
   909  1FEE                     	;# 
   910  1FEF                     	;# 
   911  0012                     _TRISA	set	18
   912  0018                     _LATA	set	24
   913  000C                     _PORTA	set	12
   914  1F38                     _ANSELA	set	7992
   915                           
   916                           	psect	cinit
   917  07FD                     start_initialization:	
   918                           ; #config settings
   919                           
   920  07FD                     __initialization:
   921  07FD                     end_of_initialization:	
   922                           ;End of C runtime variable initialization code
   923                           
   924  07FD                     __end_of__initialization:
   925  07FD  0140               	movlb	0
   926  07FE  3187  2FD5         	ljmp	_main	;jump to C main() function
   927                           
   928                           	psect	cstackCOMMON
   929  0070                     __pcstackCOMMON:
   930  0070                     ?_main:
   931  0070                     ??_main:	
   932                           ; 1 bytes @ 0x0
   933                           
   934                           
   935                           ; 1 bytes @ 0x0
   936  0070                     	ds	2
   937                           
   938                           	psect	maintext
   939  07D5                     __pmaintext:	
   940 ;;
   941 ;;Main: autosize = 0, tempsize = 2, incstack = 0, save=0
   942 ;;
   943 ;; *************** function _main *****************
   944 ;; Defined at:
   945 ;;		line 56 in file "main_HW.c"
   946 ;; Parameters:    Size  Location     Type
   947 ;;		None
   948 ;; Auto vars:     Size  Location     Type
   949 ;;		None
   950 ;; Return value:  Size  Location     Type
   951 ;;                  1    wreg      void 
   952 ;; Registers used:
   953 ;;		wreg, status,2
   954 ;; Tracked objects:
   955 ;;		On entry : B3F/0
   956 ;;		On exit  : 0/0
   957 ;;		Unchanged: 0/0
   958 ;; Data sizes:     COMMON   BANK0   BANK1   BANK2   BANK3   BANK4   BANK5   BANK6   BANK7   BANK8   BANK9  BANK10  BANK1
      +1  BANK12
   959 ;;      Params:         0       0       0       0       0       0       0       0       0       0       0       0       
      +0       0
   960 ;;      Locals:         0       0       0       0       0       0       0       0       0       0       0       0       
      +0       0
   961 ;;      Temps:          2       0       0       0       0       0       0       0       0       0       0       0       
      +0       0
   962 ;;      Totals:         2       0       0       0       0       0       0       0       0       0       0       0       
      +0       0
   963 ;;Total ram usage:        2 bytes
   964 ;; This function calls:
   965 ;;		Nothing
   966 ;; This function is called by:
   967 ;;		Startup code after reset
   968 ;; This function uses a non-reentrant model
   969 ;;
   970                           
   971                           
   972                           ;psect for function _main
   973  07D5                     _main:
   974  07D5                     l628:	
   975                           ;incstack = 0
   976                           ; Regs used in _main: [wreg+status,2]
   977                           
   978                           
   979                           ;main_HW.c: 59:     PORTA = 0x00;
   980  07D5  0140               	movlb	0	; select bank0
   981  07D6  018C               	clrf	12	;volatile
   982                           
   983                           ;main_HW.c: 60:     LATA = 0x00;
   984  07D7  0198               	clrf	24	;volatile
   985                           
   986                           ;main_HW.c: 61:     ANSELA = 0x00;
   987  07D8  017E               	movlb	62	; select bank62
   988  07D9  01B8               	clrf	56	;volatile
   989  07DA                     l630:
   990                           
   991                           ;main_HW.c: 62:     TRISA = 0x38;
   992  07DA  3038               	movlw	56
   993  07DB  0140               	movlb	0	; select bank0
   994  07DC  0092               	movwf	18	;volatile
   995  07DD                     l632:
   996                           
   997                           ;main_HW.c: 65:         PORTA = 0x01;
   998  07DD  3001               	movlw	1
   999  07DE  0140               	movlb	0	; select bank0
  1000  07DF  008C               	movwf	12	;volatile
  1001  07E0                     l634:
  1002                           
  1003                           ;main_HW.c: 66:         _delay((unsigned long)((500)*(32000000/4000.0)));
  1004  07E0  3015               	movlw	21
  1005  07E1  00F1               	movwf	??_main+1
  1006  07E2  304B               	movlw	75
  1007  07E3  00F0               	movwf	??_main
  1008  07E4  30BE               	movlw	190
  1009  07E5                     u17:
  1010  07E5  0B89               	decfsz	9,f
  1011  07E6  2FE5               	goto	u17
  1012  07E7  0BF0               	decfsz	??_main,f
  1013  07E8  2FE5               	goto	u17
  1014  07E9  0BF1               	decfsz	??_main+1,f
  1015  07EA  2FE5               	goto	u17
  1016  07EB  3200               	nop2
  1017  07EC                     l636:
  1018                           
  1019                           ;main_HW.c: 67:         PORTA = 0x00;
  1020  07EC  0140               	movlb	0	; select bank0
  1021  07ED  018C               	clrf	12	;volatile
  1022                           
  1023                           ;main_HW.c: 68:         _delay((unsigned long)((500)*(32000000/4000.0)));
  1024  07EE  3015               	movlw	21
  1025  07EF  00F1               	movwf	??_main+1
  1026  07F0  304B               	movlw	75
  1027  07F1  00F0               	movwf	??_main
  1028  07F2  30BE               	movlw	190
  1029  07F3                     u27:
  1030  07F3  0B89               	decfsz	9,f
  1031  07F4  2FF3               	goto	u27
  1032  07F5  0BF0               	decfsz	??_main,f
  1033  07F6  2FF3               	goto	u27
  1034  07F7  0BF1               	decfsz	??_main+1,f
  1035  07F8  2FF3               	goto	u27
  1036  07F9  3200               	nop2
  1037  07FA  2FDD               	goto	l632
  1038  07FB  3180  2802         	ljmp	start
  1039  07FD                     __end_of_main:
  1040  007E                     btemp	set	126	;btemp
  1041  007E                     wtemp0	set	126
  1042                           
  1043                           	psect	config
  1044                           
  1045                           ;Config register CONFIG1 @ 0x8007
  1046                           ;	External Oscillator mode selection bits
  1047                           ;	FEXTOSC = OFF, Oscillator not enabled
  1048                           ;	Power-up default value for COSC bits
  1049                           ;	RSTOSC = HFINT32, HFINTOSC with OSCFRQ= 32 MHz and CDIV = 1:1
  1050                           ;	Clock Out Enable bit
  1051                           ;	CLKOUTEN = OFF, CLKOUT function is disabled; i/o or oscillator function on OSC2
  1052                           ;	Clock Switch Enable bit
  1053                           ;	CSWEN = ON, Writing to NOSC and NDIV is allowed
  1054                           ;	Fail-Safe Clock Monitor Enable bit
  1055                           ;	FCMEN = ON, FSCM timer enabled
  1056  8007                     	org	32775
  1057  8007  3F8C               	dw	16268
  1058                           
  1059                           ;Config register CONFIG2 @ 0x8008
  1060                           ;	Master Clear Enable bit
  1061                           ;	MCLRE = ON, MCLR pin is Master Clear function
  1062                           ;	Power-up Timer Enable bit
  1063                           ;	PWRTS = PWRT_16, PWRT set at 16 ms
  1064                           ;	Low-Power BOR enable bit
  1065                           ;	LPBOREN = OFF, ULPBOR disabled
  1066                           ;	Brown-out reset enable bits
  1067                           ;	BOREN = ON, Brown-out Reset Enabled, SBOREN bit is ignored
  1068                           ;	Brown-out Reset Voltage Selection
  1069                           ;	BORV = LO, Brown-out Reset Voltage (VBOR) set to 2.45V
  1070                           ;	Zero-cross detect disable
  1071                           ;	ZCDDIS = OFF, Zero-cross detect circuit is disabled at POR.
  1072                           ;	Peripheral Pin Select one-way control
  1073                           ;	PPS1WAY = ON, The PPSLOCK bit can be cleared and set only once in software
  1074                           ;	Stack Overflow/Underflow Reset Enable bit
  1075                           ;	STVREN = ON, Stack Overflow or Underflow will cause a reset
  1076  8008                     	org	32776
  1077  8008  3FFB               	dw	16379
  1078                           
  1079                           ;Config register CONFIG3 @ 0x8009
  1080                           ;	WDT Period Select bits
  1081                           ;	WDTCPS = WDTCPS_31, Divider ratio 1:65536; software control of WDTPS
  1082                           ;	WDT operating mode
  1083                           ;	WDTE = OFF, WDT Disabled, SWDTEN is ignored
  1084                           ;	WDT Window Select bits
  1085                           ;	WDTCWS = WDTCWS_7, window always open (100%); software control; keyed access not requi
      +                          red
  1086                           ;	WDT input clock selector
  1087                           ;	WDTCCS = SC, Software Control
  1088  8009                     	org	32777
  1089  8009  3F9F               	dw	16287
  1090                           
  1091                           ;Config register CONFIG4 @ 0x800A
  1092                           ;	Boot Block Size Selection bits
  1093                           ;	BBSIZE = BB512, 512 words boot block size
  1094                           ;	Boot Block Enable bit
  1095                           ;	BBEN = OFF, Boot Block disabled
  1096                           ;	SAF Enable bit
  1097                           ;	SAFEN = OFF, SAF disabled
  1098                           ;	Application Block Write Protection bit
  1099                           ;	WRTAPP = OFF, Application Block not write protected
  1100                           ;	Boot Block Write Protection bit
  1101                           ;	WRTB = OFF, Boot Block not write protected
  1102                           ;	Configuration Register Write Protection bit
  1103                           ;	WRTC = OFF, Configuration Register not write protected
  1104                           ;	Data EEPROM write protection bit
  1105                           ;	WRTD = OFF, Data EEPROM NOT write protected
  1106                           ;	Storage Area Flash Write Protection bit
  1107                           ;	WRTSAF = OFF, SAF not write protected
  1108                           ;	Low Voltage Programming Enable bit
  1109                           ;	LVP = ON, Low Voltage programming enabled. MCLR/Vpp pin function is MCLR.
  1110  800A                     	org	32778
  1111  800A  3FFF               	dw	16383
  1112                           
  1113                           ;Config register CONFIG5 @ 0x800B
  1114                           ;	UserNVM Program memory code protection bit
  1115                           ;	CP = OFF, UserNVM code protection disabled
  1116  800B                     	org	32779
  1117  800B  3FFF               	dw	16383

Data Sizes:
    Strings     0
    Constant    0
    Data        0
    BSS         0
    Persistent  32
    Stack       0

Auto Spaces:
    Space          Size  Autos    Used
    COMMON           14      2       2
    BANK0            80      0       0
    BANK1            80      0       0
    BANK2            80      0       0
    BANK3            80      0       0
    BANK4            80      0       0
    BANK5            80      0       0
    BANK6            80      0       0
    BANK7            80      0       0
    BANK8            80      0       0
    BANK9            80      0       0
    BANK10           80      0       0
    BANK11           80      0       0
    BANK12           48      0       0

Pointer List with Targets:

    None.

Critical Paths under _main in COMMON

    None.

Critical Paths under _main in BANK0

    None.

Critical Paths under _main in BANK1

    None.

Critical Paths under _main in BANK2

    None.

Critical Paths under _main in BANK3

    None.

Critical Paths under _main in BANK4

    None.

Critical Paths under _main in BANK5

    None.

Critical Paths under _main in BANK6

    None.

Critical Paths under _main in BANK7

    None.

Critical Paths under _main in BANK8

    None.

Critical Paths under _main in BANK9

    None.

Critical Paths under _main in BANK10

    None.

Critical Paths under _main in BANK11

    None.

Critical Paths under _main in BANK12

    None.

Call Graph Tables:

 ---------------------------------------------------------------------------------
 (Depth) Function   	        Calls       Base Space   Used Autos Params    Refs
 ---------------------------------------------------------------------------------
 (0) _main                                                 2     2      0       0
                                              0 COMMON     2     2      0
 ---------------------------------------------------------------------------------
 Estimated maximum stack depth 0
 ---------------------------------------------------------------------------------

 Call Graph Graphs:

 _main (ROOT)

 Address spaces:
Name               Size   Autos  Total    Cost      Usage
BIGRAM             3F0      0       0       0        0.0%
EEDATA             100      0       0       0        0.0%
NULL                 0      0       0       0        0.0%
CODE                 0      0       0       0        0.0%
BITCOMMON            E      0       0       1        0.0%
BITSFR0              0      0       0       1        0.0%
SFR0                 0      0       0       1        0.0%
COMMON               E      2       2       2       14.3%
BITSFR1              0      0       0       2        0.0%
SFR1                 0      0       0       2        0.0%
BITSFR2              0      0       0       3        0.0%
SFR2                 0      0       0       3        0.0%
STACK                0      0       0       3        0.0%
BITSFR3              0      0       0       4        0.0%
SFR3                 0      0       0       4        0.0%
ABS                  0      0       0       4        0.0%
BITBANK0            50      0       0       5        0.0%
BITSFR4              0      0       0       5        0.0%
SFR4                 0      0       0       5        0.0%
BANK0               50      0       0       6        0.0%
BITSFR5              0      0       0       6        0.0%
SFR5                 0      0       0       6        0.0%
BITBANK1            50      0       0       7        0.0%
BITSFR6              0      0       0       7        0.0%
SFR6                 0      0       0       7        0.0%
BANK1               50      0       0       8        0.0%
BITSFR7              0      0       0       8        0.0%
SFR7                 0      0       0       8        0.0%
BITBANK2            50      0       0       9        0.0%
BITSFR8              0      0       0       9        0.0%
SFR8                 0      0       0       9        0.0%
BANK2               50      0       0      10        0.0%
BITSFR9              0      0       0      10        0.0%
SFR9                 0      0       0      10        0.0%
BITBANK3            50      0       0      11        0.0%
BITSFR10             0      0       0      11        0.0%
SFR10                0      0       0      11        0.0%
BANK3               50      0       0      12        0.0%
BITSFR11             0      0       0      12        0.0%
SFR11                0      0       0      12        0.0%
BITBANK4            50      0       0      13        0.0%
BITSFR12             0      0       0      13        0.0%
SFR12                0      0       0      13        0.0%
BANK4               50      0       0      14        0.0%
BITSFR13             0      0       0      14        0.0%
SFR13                0      0       0      14        0.0%
BITBANK5            50      0       0      15        0.0%
BITSFR14             0      0       0      15        0.0%
SFR14                0      0       0      15        0.0%
BANK5               50      0       0      16        0.0%
BITSFR15             0      0       0      16        0.0%
SFR15                0      0       0      16        0.0%
BITBANK6            50      0       0      17        0.0%
BITSFR16             0      0       0      17        0.0%
SFR16                0      0       0      17        0.0%
BANK6               50      0       0      18        0.0%
BITSFR17             0      0       0      18        0.0%
SFR17                0      0       0      18        0.0%
BITBANK7            50      0       0      19        0.0%
BITSFR18             0      0       0      19        0.0%
SFR18                0      0       0      19        0.0%
BANK7               50      0       0      20        0.0%
BITSFR19             0      0       0      20        0.0%
SFR19                0      0       0      20        0.0%
BITBANK8            50      0       0      21        0.0%
BITSFR20             0      0       0      21        0.0%
SFR20                0      0       0      21        0.0%
BANK8               50      0       0      22        0.0%
BITSFR21             0      0       0      22        0.0%
SFR21                0      0       0      22        0.0%
BITBANK9            50      0       0      23        0.0%
BITSFR22             0      0       0      23        0.0%
SFR22                0      0       0      23        0.0%
BANK9               50      0       0      24        0.0%
BITSFR23             0      0       0      24        0.0%
SFR23                0      0       0      24        0.0%
BITBANK10           50      0       0      25        0.0%
BITSFR24             0      0       0      25        0.0%
SFR24                0      0       0      25        0.0%
BANK10              50      0       0      26        0.0%
BITSFR25             0      0       0      26        0.0%
SFR25                0      0       0      26        0.0%
BITBANK11           50      0       0      27        0.0%
BITSFR26             0      0       0      27        0.0%
SFR26                0      0       0      27        0.0%
BANK11              50      0       0      28        0.0%
BITSFR27             0      0       0      28        0.0%
SFR27                0      0       0      28        0.0%
BITBANK12           30      0       0      29        0.0%
BITSFR28             0      0       0      29        0.0%
SFR28                0      0       0      29        0.0%
BANK12              30      0       0      30        0.0%
BITSFR29             0      0       0      30        0.0%
SFR29                0      0       0      30        0.0%
BITSFR30             0      0       0      31        0.0%
SFR30                0      0       0      31        0.0%
DATA                 0      0       0      31        0.0%
BITSFR31             0      0       0      32        0.0%
SFR31                0      0       0      32        0.0%
BITSFR32             0      0       0      33        0.0%
SFR32                0      0       0      33        0.0%
BITSFR33             0      0       0      34        0.0%
SFR33                0      0       0      34        0.0%
BITSFR34             0      0       0      35        0.0%
SFR34                0      0       0      35        0.0%
BITSFR35             0      0       0      36        0.0%
SFR35                0      0       0      36        0.0%
BITSFR36             0      0       0      37        0.0%
SFR36                0      0       0      37        0.0%
BITSFR37             0      0       0      38        0.0%
SFR37                0      0       0      38        0.0%
BITSFR38             0      0       0      39        0.0%
SFR38                0      0       0      39        0.0%
BITSFR39             0      0       0      40        0.0%
SFR39                0      0       0      40        0.0%
BITSFR40             0      0       0      41        0.0%
SFR40                0      0       0      41        0.0%
BITSFR41             0      0       0      42        0.0%
SFR41                0      0       0      42        0.0%
BITSFR42             0      0       0      43        0.0%
SFR42                0      0       0      43        0.0%
BITSFR43             0      0       0      44        0.0%
SFR43                0      0       0      44        0.0%
BITSFR44             0      0       0      45        0.0%
SFR44                0      0       0      45        0.0%
BITSFR45             0      0       0      46        0.0%
SFR45                0      0       0      46        0.0%
BITSFR46             0      0       0      47        0.0%
SFR46                0      0       0      47        0.0%
BITSFR47             0      0       0      48        0.0%
SFR47                0      0       0      48        0.0%
BITSFR48             0      0       0      49        0.0%
SFR48                0      0       0      49        0.0%
BITSFR49             0      0       0      50        0.0%
SFR49                0      0       0      50        0.0%
BITSFR50             0      0       0      51        0.0%
SFR50                0      0       0      51        0.0%
BITSFR51             0      0       0      52        0.0%
SFR51                0      0       0      52        0.0%
BITSFR52             0      0       0      53        0.0%
SFR52                0      0       0      53        0.0%
BITSFR53             0      0       0      54        0.0%
SFR53                0      0       0      54        0.0%
BITSFR54             0      0       0      55        0.0%
SFR54                0      0       0      55        0.0%
BITSFR55             0      0       0      56        0.0%
SFR55                0      0       0      56        0.0%
BITSFR56             0      0       0      57        0.0%
SFR56                0      0       0      57        0.0%
BITSFR57             0      0       0      58        0.0%
SFR57                0      0       0      58        0.0%
BITSFR58             0      0       0      59        0.0%
SFR58                0      0       0      59        0.0%
BITSFR59             0      0       0      60        0.0%
SFR59                0      0       0      60        0.0%
BITSFR60             0      0       0      61        0.0%
SFR60                0      0       0      61        0.0%
BITSFR61             0      0       0      62        0.0%
SFR61                0      0       0      62        0.0%
BITSFR62             0      0       0      63        0.0%
SFR62                0      0       0      63        0.0%
BITSFR63             0      0       0      64        0.0%
SFR63                0      0       0      64        0.0%


Microchip Technology PIC Macro Assembler V2.32 build 20210201212658 
Symbol Table                                                                                   Wed Apr 12 22:05:25 2023

                     u17 07E5                       u27 07F3                      l630 07DA  
                    l632 07DD                      l634 07E0                      l636 07EC  
                    l628 07D5                      wreg 0009                     _LATA 0018  
                   _main 07D5                     btemp 007E                     start 0002  
                  ?_main 0070                    _PORTA 000C                    _TRISA 0012  
                  wtemp0 007E          __initialization 07FD             __end_of_main 07FD  
                 ??_main 0070                   _ANSELA 1F38  __end_of__initialization 07FD  
         __pcstackCOMMON 0070               __pmaintext 07D5     end_of_initialization 07FD  
    start_initialization 07FD                ___latbits 0002            __size_of_main 0028  
