

Microchip MPLAB XC8 Assembler V2.10 build 88905656 
                                                                                               Wed Apr 15 23:35:06 2020

Microchip MPLAB XC8 C Compiler v2.10 (Free license) build 20190730164152 Og1 
     1                           	processor	18F4550
     2                           	fnconf	rparam,??,?,0
     3                           	opt	pw 120
     4                           	opt	flic
     5                           	psect	cinit,global,reloc=2,class=CODE,delta=1
     6                           	psect	cstackCOMRAM,global,class=COMRAM,space=1,delta=1,noexec
     7                           	psect	text0,global,reloc=2,class=CODE,delta=1
     8                           	psect	intsave_regs,global,class=BIGRAM,space=1,delta=1,noexec
     9                           	psect	rparam,global,class=COMRAM,space=1,delta=1,noexec
    10  0000                     
    11                           ; Version 2.10
    12                           ; Generated 31/07/2019 GMT
    13                           ; 
    14                           ; Copyright © 2019, Microchip Technology Inc. and its subsidiaries ("Microchip")
    15                           ; All rights reserved.
    16                           ; 
    17                           ; This software is developed by Microchip Technology Inc. and its subsidiaries ("Microch
      +                          ip").
    18                           ; 
    19                           ; Redistribution and use in source and binary forms, with or without modification, are
    20                           ; permitted provided that the following conditions are met:
    21                           ; 
    22                           ;     1. Redistributions of source code must retain the above copyright notice, this lis
      +                          t of
    23                           ;        conditions and the following disclaimer.
    24                           ; 
    25                           ;     2. Redistributions in binary form must reproduce the above copyright notice, this 
      +                          list
    26                           ;        of conditions and the following disclaimer in the documentation and/or other
    27                           ;        materials provided with the distribution.
    28                           ; 
    29                           ;     3. Microchip's name may not be used to endorse or promote products derived from th
      +                          is
    30                           ;        software without specific prior written permission.
    31                           ; 
    32                           ; THIS SOFTWARE IS PROVIDED BY MICROCHIP "AS IS" AND ANY EXPRESS OR IMPLIED WARRANTIES,
    33                           ; INCLUDING, BUT NOT LIMITED TO, THE IMPLIED WARRANTIES OF MERCHANTABILITY AND FITNESS F
      +                          OR
    34                           ; PURPOSE ARE DISCLAIMED.  IN NO EVENT SHALL MICROCHIP BE LIABLE FOR ANY DIRECT, INDIREC
      +                          T,
    35                           ; INCIDENTAL, SPECIAL, EXEMPLARY, OR CONSEQUENTIAL DAMAGES (INCLUDING BUT NOT LIMITED TO
    36                           ; PROCUREMENT OF SUBSTITUTE GOODS OR SERVICES; LOSS OF USE, DATA OR PROFITS; OR BUSINESS
    37                           ; INTERRUPTION) HOWSOEVER CAUSED AND ON ANY THEORY OF LIABILITY, WHETHER IN CONTRACT, ST
      +                          RICT
    38                           ; LIABILITY, OR TORT (INCLUDING NEGLIGENCE OR OTHERWISE) ARISING IN ANY WAY OUT OF THE U
      +                          SE OF
    39                           ; THIS SOFTWARE, EVEN IF ADVISED OF THE POSSIBILITY OF SUCH DAMAGE.
    40                           ; 
    41                           ; 
    42                           ; Code-generator required, PIC18F4550 Definitions
    43                           ; 
    44                           ; SFR Addresses
    45  0000                     _T2CONbits	set	4042
    46  0000                     _TMR2	set	4044
    47  0000                     _CCP1CON	set	4029
    48  0000                     _T2CON	set	4042
    49  0000                     _TRISCbits	set	3988
    50  0000                     _CCPR1L	set	4030
    51  0000                     _PR2	set	4043
    52                           
    53                           ; #config settings
    54  0000                     
    55                           	psect	cinit
    56  007FD8                     __pcinit:
    57                           	opt callstack 0
    58  007FD8                     start_initialization:
    59                           	opt callstack 0
    60  007FD8                     __initialization:
    61                           	opt callstack 0
    62  007FD8                     end_of_initialization:
    63                           	opt callstack 0
    64  007FD8                     __end_of__initialization:
    65                           	opt callstack 0
    66  007FD8  0100               	movlb	0
    67  007FDA  EFEF  F03F         	goto	_main	;jump to C main() function
    68                           
    69                           	psect	cstackCOMRAM
    70  000000                     __pcstackCOMRAM:
    71                           	opt callstack 0
    72  000000                     
    73                           ; 1 bytes @ 0x0
    74 ;;
    75 ;;Main: autosize = 0, tempsize = 0, incstack = 0, save=0
    76 ;;
    77 ;; *************** function _main *****************
    78 ;; Defined at:
    79 ;;		line 24 in file "main.c"
    80 ;; Parameters:    Size  Location     Type
    81 ;;		None
    82 ;; Auto vars:     Size  Location     Type
    83 ;;		None
    84 ;; Return value:  Size  Location     Type
    85 ;;                  1    wreg      void 
    86 ;; Registers used:
    87 ;;		wreg, status,2
    88 ;; Tracked objects:
    89 ;;		On entry : 0/0
    90 ;;		On exit  : 0/0
    91 ;;		Unchanged: 0/0
    92 ;; Data sizes:     COMRAM   BANK0   BANK1   BANK2   BANK3   BANK4   BANK5   BANK6   BANK7
    93 ;;      Params:         0       0       0       0       0       0       0       0       0
    94 ;;      Locals:         0       0       0       0       0       0       0       0       0
    95 ;;      Temps:          0       0       0       0       0       0       0       0       0
    96 ;;      Totals:         0       0       0       0       0       0       0       0       0
    97 ;;Total ram usage:        0 bytes
    98 ;; This function calls:
    99 ;;		Nothing
   100 ;; This function is called by:
   101 ;;		Startup code after reset
   102 ;; This function uses a non-reentrant model
   103 ;;
   104                           
   105                           	psect	text0
   106  007FDE                     __ptext0:
   107                           	opt callstack 0
   108  007FDE                     _main:
   109                           	opt callstack 31
   110  007FDE                     
   111                           ;main.c: 25:     PR2 = 0x26;
   112  007FDE  0E26               	movlw	38
   113  007FE0  6ECB               	movwf	203,c	;volatile
   114                           
   115                           ;main.c: 26:     CCPR1L = 0x1F;
   116  007FE2  0E1F               	movlw	31
   117  007FE4  6EBE               	movwf	190,c	;volatile
   118  007FE6                     
   119                           ;main.c: 27:     TRISCbits.RC1 = 0;
   120  007FE6  9294               	bcf	148,1,c	;volatile
   121  007FE8                     
   122                           ;main.c: 28:     TRISCbits.RC2 = 0;
   123  007FE8  9494               	bcf	148,2,c	;volatile
   124                           
   125                           ;main.c: 29:     T2CON = 0x03;
   126  007FEA  0E03               	movlw	3
   127  007FEC  6ECA               	movwf	202,c	;volatile
   128                           
   129                           ;main.c: 30:     CCP1CON = 0x0C;
   130  007FEE  0E0C               	movlw	12
   131  007FF0  6EBD               	movwf	189,c	;volatile
   132                           
   133                           ;main.c: 31:     TMR2 = 0;
   134  007FF2  0E00               	movlw	0
   135  007FF4  6ECC               	movwf	204,c	;volatile
   136  007FF6                     
   137                           ;main.c: 32:     T2CONbits.TMR2ON = 1;
   138  007FF6  84CA               	bsf	202,2,c	;volatile
   139  007FF8                     l19:
   140  007FF8  EFFC  F03F         	goto	l19
   141  007FFC  EF00  F000         	goto	start
   142  008000                     __end_of_main:
   143                           	opt callstack 0
   144  0000                     
   145                           	psect	rparam
   146  0000                     tosu	equ	0xFFF
   147                           tosh	equ	0xFFE
   148                           tosl	equ	0xFFD
   149                           stkptr	equ	0xFFC
   150                           pclatu	equ	0xFFB
   151                           pclath	equ	0xFFA
   152                           pcl	equ	0xFF9
   153                           tblptru	equ	0xFF8
   154                           tblptrh	equ	0xFF7
   155                           tblptrl	equ	0xFF6
   156                           tablat	equ	0xFF5
   157                           prodh	equ	0xFF4
   158                           prodl	equ	0xFF3
   159                           indf0	equ	0xFEF
   160                           postinc0	equ	0xFEE
   161                           postdec0	equ	0xFED
   162                           preinc0	equ	0xFEC
   163                           plusw0	equ	0xFEB
   164                           fsr0h	equ	0xFEA
   165                           fsr0l	equ	0xFE9
   166                           wreg	equ	0xFE8
   167                           indf1	equ	0xFE7
   168                           postinc1	equ	0xFE6
   169                           postdec1	equ	0xFE5
   170                           preinc1	equ	0xFE4
   171                           plusw1	equ	0xFE3
   172                           fsr1h	equ	0xFE2
   173                           fsr1l	equ	0xFE1
   174                           bsr	equ	0xFE0
   175                           indf2	equ	0xFDF
   176                           postinc2	equ	0xFDE
   177                           postdec2	equ	0xFDD
   178                           preinc2	equ	0xFDC
   179                           plusw2	equ	0xFDB
   180                           fsr2h	equ	0xFDA
   181                           fsr2l	equ	0xFD9
   182                           status	equ	0xFD8


Data Sizes:
    Strings     0
    Constant    0
    Data        0
    BSS         0
    Persistent  0
    Stack       0

Auto Spaces:
    Space          Size  Autos    Used
    COMRAM           95      0       0
    BANK0           160      0       0
    BANK1           256      0       0
    BANK2           256      0       0
    BANK3           256      0       0
    BANK4           256      0       0
    BANK5           256      0       0
    BANK6           256      0       0
    BANK7           256      0       0

Pointer List with Targets:

    None.

Critical Paths under _main in COMRAM

    None.

Critical Paths under _main in BANK0

    None.

Critical Paths under _main in BANK1

    None.

Critical Paths under _main in BANK2

    None.

Critical Paths under _main in BANK3

    None.

Critical Paths under _main in BANK4

    None.

Critical Paths under _main in BANK5

    None.

Critical Paths under _main in BANK6

    None.

Critical Paths under _main in BANK7

    None.

Call Graph Tables:

 ---------------------------------------------------------------------------------
 (Depth) Function   	        Calls       Base Space   Used Autos Params    Refs
 ---------------------------------------------------------------------------------
 (0) _main                                                 0     0      0       0
 ---------------------------------------------------------------------------------
 Estimated maximum stack depth 0
 ---------------------------------------------------------------------------------

 Call Graph Graphs:

 _main (ROOT)

 Address spaces:
Name               Size   Autos  Total    Cost      Usage
BITCOMRAM           5F      0       0       0        0.0%
EEDATA             100      0       0       0        0.0%
NULL                 0      0       0       0        0.0%
CODE                 0      0       0       0        0.0%
COMRAM              5F      0       0       1        0.0%
STACK                0      0       0       2        0.0%
DATA                 0      0       0       3        0.0%
BITBANK0            A0      0       0       4        0.0%
BANK0               A0      0       0       5        0.0%
BITBANK1           100      0       0       6        0.0%
BANK1              100      0       0       7        0.0%
BITBANK2           100      0       0       8        0.0%
BANK2              100      0       0       9        0.0%
BITBANK3           100      0       0      10        0.0%
BANK3              100      0       0      11        0.0%
BITBANK4           100      0       0      12        0.0%
BANK4              100      0       0      13        0.0%
BITBANK5           100      0       0      14        0.0%
BANK5              100      0       0      15        0.0%
BITBANK6           100      0       0      16        0.0%
BANK6              100      0       0      17        0.0%
BITBANK7           100      0       0      18        0.0%
BANK7              100      0       0      19        0.0%
ABS                  0      0       0      20        0.0%
BIGRAM             7FF      0       0      21        0.0%
BITSFR               0      0       0     200        0.0%
SFR                  0      0       0     200        0.0%


Microchip Technology PIC18 Macro Assembler V2.10 build 88905656 
Symbol Table                                                                                   Wed Apr 15 23:35:06 2020

                     l20 7FF8                       l19 7FF8              __CFG_BORV$3 000000  
           __CFG_CP0$OFF 000000             __CFG_CP1$OFF 000000             __CFG_CP2$OFF 000000  
           __CFG_CP3$OFF 000000              __CFG_LVP$ON 000000                      l700 7FE6  
                    l702 7FE8                      l704 7FF6                      l698 7FDE  
           __CFG_CPB$OFF 000000                      _PR2 000FCB             __CFG_CPD$OFF 000000  
           __CFG_BOR$OFF 000000             __CFG_FOSC$HS 000000             __CFG_WDT$OFF 000000  
                   _TMR2 000FCC             __CFG_PWRT$ON 000000                     _main 7FDE  
                   start 0000            __CFG_IESO$OFF 000000            __CFG_MCLRE$ON 000000  
           ___param_bank 000000            __CFG_PLLDIV$1 000000           __CFG_CCP2MX$ON 000000  
                  ?_main 0000                    _T2CON 000FCA            __CFG_USBDIV$1 000000  
          __CFG_WRT0$OFF 000000            __CFG_WRT1$OFF 000000            __CFG_WRT2$OFF 000000  
          __CFG_WRT3$OFF 000000           __CFG_EBTR0$OFF 000000           __CFG_FCMEN$OFF 000000  
         __CFG_EBTR1$OFF 000000           __CFG_EBTR2$OFF 000000           __CFG_EBTR3$OFF 000000  
          __CFG_WRTB$OFF 000000            __CFG_WRTC$OFF 000000            __CFG_WRTD$OFF 000000  
         __CFG_EBTRB$OFF 000000           __CFG_ICPRT$OFF 000000           __CFG_PBADEN$ON 000000  
        __initialization 7FD8             __end_of_main 8000                   ??_main 0000  
          __activetblptr 000000                   _CCPR1L 000FBE           __CFG_XINST$OFF 000000  
         __CFG_STVREN$ON 000000               __accesstop 0060  __end_of__initialization 7FD8  
          ___rparam_used 000001           __pcstackCOMRAM 0000                  _CCP1CON 000FBD  
        __CFG_VREGEN$OFF 000000                  __Hparam 0000                  __Lparam 0000  
                __pcinit 7FD8                  __ramtop 0800                  __ptext0 7FDE  
              _T2CONbits 000FCA     end_of_initialization 7FD8                _TRISCbits 000F94  
    start_initialization 7FD8         __CFG_LPT1OSC$OFF 000000         __CFG_WDTPS$32768 000000  
               __Hrparam 0000                 __Lrparam 0000            __size_of_main 0022  
  __CFG_CPUDIV$OSC1_PLL2 000000  
