

Microchip MPLAB XC8 Assembler V2.10 build 88905656 
                                                                                               Sun Apr 12 16:19:15 2020

Microchip MPLAB XC8 C Compiler v2.10 (Free license) build 20190730164152 Og1 
     1                           	processor	18F4550
     2                           	fnconf	rparam,??,?,0
     3                           	opt	pw 120
     4                           	opt	flic
     5                           	psect	cinit,global,reloc=2,class=CODE,delta=1
     6                           	psect	cstackCOMRAM,global,class=COMRAM,space=1,delta=1,noexec
     7                           	psect	text0,global,reloc=2,class=CODE,delta=1
     8                           	psect	text1,global,reloc=2,class=CODE,delta=1
     9                           	psect	intsave_regs,global,class=BIGRAM,space=1,delta=1,noexec
    10                           	psect	rparam,global,class=COMRAM,space=1,delta=1,noexec
    11  0000                     
    12                           ; Version 2.10
    13                           ; Generated 31/07/2019 GMT
    14                           ; 
    15                           ; Copyright © 2019, Microchip Technology Inc. and its subsidiaries ("Microchip")
    16                           ; All rights reserved.
    17                           ; 
    18                           ; This software is developed by Microchip Technology Inc. and its subsidiaries ("Microch
      +                          ip").
    19                           ; 
    20                           ; Redistribution and use in source and binary forms, with or without modification, are
    21                           ; permitted provided that the following conditions are met:
    22                           ; 
    23                           ;     1. Redistributions of source code must retain the above copyright notice, this lis
      +                          t of
    24                           ;        conditions and the following disclaimer.
    25                           ; 
    26                           ;     2. Redistributions in binary form must reproduce the above copyright notice, this 
      +                          list
    27                           ;        of conditions and the following disclaimer in the documentation and/or other
    28                           ;        materials provided with the distribution.
    29                           ; 
    30                           ;     3. Microchip's name may not be used to endorse or promote products derived from th
      +                          is
    31                           ;        software without specific prior written permission.
    32                           ; 
    33                           ; THIS SOFTWARE IS PROVIDED BY MICROCHIP "AS IS" AND ANY EXPRESS OR IMPLIED WARRANTIES,
    34                           ; INCLUDING, BUT NOT LIMITED TO, THE IMPLIED WARRANTIES OF MERCHANTABILITY AND FITNESS F
      +                          OR
    35                           ; PURPOSE ARE DISCLAIMED.  IN NO EVENT SHALL MICROCHIP BE LIABLE FOR ANY DIRECT, INDIREC
      +                          T,
    36                           ; INCIDENTAL, SPECIAL, EXEMPLARY, OR CONSEQUENTIAL DAMAGES (INCLUDING BUT NOT LIMITED TO
    37                           ; PROCUREMENT OF SUBSTITUTE GOODS OR SERVICES; LOSS OF USE, DATA OR PROFITS; OR BUSINESS
    38                           ; INTERRUPTION) HOWSOEVER CAUSED AND ON ANY THEORY OF LIABILITY, WHETHER IN CONTRACT, ST
      +                          RICT
    39                           ; LIABILITY, OR TORT (INCLUDING NEGLIGENCE OR OTHERWISE) ARISING IN ANY WAY OUT OF THE U
      +                          SE OF
    40                           ; THIS SOFTWARE, EVEN IF ADVISED OF THE POSSIBILITY OF SUCH DAMAGE.
    41                           ; 
    42                           ; 
    43                           ; Code-generator required, PIC18F4550 Definitions
    44                           ; 
    45                           ; SFR Addresses
    46  0000                     _PORTEbits	set	3972
    47  0000                     _PORTDbits	set	3971
    48  0000                     _PORTCbits	set	3970
    49  0000                     _PORTBbits	set	3969
    50  0000                     _PORTAbits	set	3968
    51  0000                     _TRISEbits	set	3990
    52  0000                     _TRISDbits	set	3989
    53  0000                     _TRISCbits	set	3988
    54  0000                     _TRISBbits	set	3987
    55  0000                     _TRISAbits	set	3986
    56  0000                     _LATE	set	3981
    57  0000                     _LATD	set	3980
    58  0000                     _LATC	set	3979
    59  0000                     _LATB	set	3978
    60  0000                     _LATA	set	3977
    61  0000                     _ADCON1bits	set	4033
    62                           
    63                           ; #config settings
    64  0000                     
    65                           	psect	cinit
    66  007F86                     __pcinit:
    67                           	opt callstack 0
    68  007F86                     start_initialization:
    69                           	opt callstack 0
    70  007F86                     __initialization:
    71                           	opt callstack 0
    72  007F86                     end_of_initialization:
    73                           	opt callstack 0
    74  007F86                     __end_of__initialization:
    75                           	opt callstack 0
    76  007F86  0100               	movlb	0
    77  007F88  EFD8  F03F         	goto	_main	;jump to C main() function
    78                           
    79                           	psect	cstackCOMRAM
    80  000001                     __pcstackCOMRAM:
    81                           	opt callstack 0
    82  000001                     ??_main:
    83                           
    84                           ; 1 bytes @ 0x0
    85  000001                     	ds	2
    86                           
    87 ;;
    88 ;;Main: autosize = 0, tempsize = 2, incstack = 0, save=0
    89 ;;
    90 ;; *************** function _main *****************
    91 ;; Defined at:
    92 ;;		line 29 in file "main.c"
    93 ;; Parameters:    Size  Location     Type
    94 ;;		None
    95 ;; Auto vars:     Size  Location     Type
    96 ;;		None
    97 ;; Return value:  Size  Location     Type
    98 ;;                  1    wreg      void 
    99 ;; Registers used:
   100 ;;		wreg, status,2, cstack
   101 ;; Tracked objects:
   102 ;;		On entry : 0/0
   103 ;;		On exit  : 0/0
   104 ;;		Unchanged: 0/0
   105 ;; Data sizes:     COMRAM   BANK0   BANK1   BANK2   BANK3   BANK4   BANK5   BANK6   BANK7
   106 ;;      Params:         0       0       0       0       0       0       0       0       0
   107 ;;      Locals:         0       0       0       0       0       0       0       0       0
   108 ;;      Temps:          2       0       0       0       0       0       0       0       0
   109 ;;      Totals:         2       0       0       0       0       0       0       0       0
   110 ;;Total ram usage:        2 bytes
   111 ;; Hardware stack levels required when called:    1
   112 ;; This function calls:
   113 ;;		_initPuerto
   114 ;; This function is called by:
   115 ;;		Startup code after reset
   116 ;; This function uses a non-reentrant model
   117 ;;
   118                           
   119                           	psect	text0
   120  007FB0                     __ptext0:
   121                           	opt callstack 0
   122  007FB0                     _main:
   123                           	opt callstack 30
   124  007FB0                     
   125                           ;main.c: 31:     initPuerto();
   126  007FB0  ECC6  F03F         	call	_initPuerto	;wreg free
   127  007FB4                     l735:
   128                           
   129                           ;main.c: 33:         PORTAbits.RA1 = 1;
   130  007FB4  8280               	bsf	128,1,c	;volatile
   131  007FB6                     
   132                           ;main.c: 34:         PORTBbits.RB1 = 1;
   133  007FB6  8281               	bsf	129,1,c	;volatile
   134  007FB8                     
   135                           ;main.c: 35:         PORTCbits.RC1 = 1;
   136  007FB8  8282               	bsf	130,1,c	;volatile
   137  007FBA                     
   138                           ;main.c: 36:         PORTDbits.RD1 = 1;
   139  007FBA  8283               	bsf	131,1,c	;volatile
   140  007FBC                     
   141                           ;main.c: 37:         PORTEbits.RE1 = 1;
   142  007FBC  8284               	bsf	132,1,c	;volatile
   143  007FBE                     
   144                           ;main.c: 38:         _delay((unsigned long)((1000)*(20000000/4000.0)));
   145  007FBE  0E1A               	movlw	26
   146  007FC0  6E02               	movwf	(??_main+1)^0,c
   147  007FC2  0E5E               	movlw	94
   148  007FC4  6E01               	movwf	??_main^0,c
   149  007FC6  0E6E               	movlw	110
   150  007FC8                     u17:
   151  007FC8  2EE8               	decfsz	wreg,f,c
   152  007FCA  D7FE               	bra	u17
   153  007FCC  2E01               	decfsz	??_main^0,f,c
   154  007FCE  D7FC               	bra	u17
   155  007FD0  2E02               	decfsz	(??_main+1)^0,f,c
   156  007FD2  D7FA               	bra	u17
   157  007FD4  D000               	nop2	
   158  007FD6                     
   159                           ;main.c: 39:         PORTAbits.RA1 = 0;
   160  007FD6  9280               	bcf	128,1,c	;volatile
   161  007FD8                     
   162                           ;main.c: 40:         PORTBbits.RB1 = 0;
   163  007FD8  9281               	bcf	129,1,c	;volatile
   164  007FDA                     
   165                           ;main.c: 41:         PORTCbits.RC1 = 0;
   166  007FDA  9282               	bcf	130,1,c	;volatile
   167  007FDC                     
   168                           ;main.c: 42:         PORTDbits.RD1 = 0;
   169  007FDC  9283               	bcf	131,1,c	;volatile
   170  007FDE                     
   171                           ;main.c: 43:         PORTEbits.RE1 = 0;
   172  007FDE  9284               	bcf	132,1,c	;volatile
   173  007FE0                     
   174                           ;main.c: 44:         _delay((unsigned long)((1000)*(20000000/4000.0)));
   175  007FE0  0E1A               	movlw	26
   176  007FE2  6E02               	movwf	(??_main+1)^0,c
   177  007FE4  0E5E               	movlw	94
   178  007FE6  6E01               	movwf	??_main^0,c
   179  007FE8  0E6E               	movlw	110
   180  007FEA                     u27:
   181  007FEA  2EE8               	decfsz	wreg,f,c
   182  007FEC  D7FE               	bra	u27
   183  007FEE  2E01               	decfsz	??_main^0,f,c
   184  007FF0  D7FC               	bra	u27
   185  007FF2  2E02               	decfsz	(??_main+1)^0,f,c
   186  007FF4  D7FA               	bra	u27
   187  007FF6  D000               	nop2	
   188  007FF8  EFDA  F03F         	goto	l735
   189  007FFC  EF00  F000         	goto	start
   190  008000                     __end_of_main:
   191                           	opt callstack 0
   192                           
   193 ;; *************** function _initPuerto *****************
   194 ;; Defined at:
   195 ;;		line 14 in file "main.c"
   196 ;; Parameters:    Size  Location     Type
   197 ;;		None
   198 ;; Auto vars:     Size  Location     Type
   199 ;;		None
   200 ;; Return value:  Size  Location     Type
   201 ;;                  1    wreg      void 
   202 ;; Registers used:
   203 ;;		wreg, status,2
   204 ;; Tracked objects:
   205 ;;		On entry : 0/0
   206 ;;		On exit  : 0/0
   207 ;;		Unchanged: 0/0
   208 ;; Data sizes:     COMRAM   BANK0   BANK1   BANK2   BANK3   BANK4   BANK5   BANK6   BANK7
   209 ;;      Params:         0       0       0       0       0       0       0       0       0
   210 ;;      Locals:         0       0       0       0       0       0       0       0       0
   211 ;;      Temps:          0       0       0       0       0       0       0       0       0
   212 ;;      Totals:         0       0       0       0       0       0       0       0       0
   213 ;;Total ram usage:        0 bytes
   214 ;; Hardware stack levels used:    1
   215 ;; This function calls:
   216 ;;		Nothing
   217 ;; This function is called by:
   218 ;;		_main
   219 ;; This function uses a non-reentrant model
   220 ;;
   221                           
   222                           	psect	text1
   223  007F8C                     __ptext1:
   224                           	opt callstack 0
   225  007F8C                     _initPuerto:
   226                           	opt callstack 30
   227  007F8C                     
   228                           ;main.c: 16:     ADCON1bits.PCFG = 0xFF;
   229  007F8C  0E0F               	movlw	15
   230  007F8E  12C1               	iorwf	193,f,c	;volatile
   231                           
   232                           ;main.c: 17:     LATA = 0;
   233  007F90  0E00               	movlw	0
   234  007F92  6E89               	movwf	137,c	;volatile
   235                           
   236                           ;main.c: 18:     LATB = 0;
   237  007F94  0E00               	movlw	0
   238  007F96  6E8A               	movwf	138,c	;volatile
   239                           
   240                           ;main.c: 19:     LATC = 0;
   241  007F98  0E00               	movlw	0
   242  007F9A  6E8B               	movwf	139,c	;volatile
   243                           
   244                           ;main.c: 20:     LATD = 0;
   245  007F9C  0E00               	movlw	0
   246  007F9E  6E8C               	movwf	140,c	;volatile
   247                           
   248                           ;main.c: 21:     LATE = 0;
   249  007FA0  0E00               	movlw	0
   250  007FA2  6E8D               	movwf	141,c	;volatile
   251  007FA4                     
   252                           ;main.c: 22:     TRISAbits.RA1 = 0;
   253  007FA4  9292               	bcf	146,1,c	;volatile
   254  007FA6                     
   255                           ;main.c: 23:     TRISBbits.RB1 = 0;
   256  007FA6  9293               	bcf	147,1,c	;volatile
   257  007FA8                     
   258                           ;main.c: 24:     TRISCbits.RC1 = 0;
   259  007FA8  9294               	bcf	148,1,c	;volatile
   260  007FAA                     
   261                           ;main.c: 25:     TRISDbits.RD1 = 0;
   262  007FAA  9295               	bcf	149,1,c	;volatile
   263  007FAC                     
   264                           ;main.c: 26:     TRISEbits.RE1 = 0;
   265  007FAC  9296               	bcf	150,1,c	;volatile
   266  007FAE  0012               	return		;funcret
   267  007FB0                     __end_of_initPuerto:
   268                           	opt callstack 0
   269  0000                     
   270                           	psect	rparam
   271  0000                     tosu	equ	0xFFF
   272                           tosh	equ	0xFFE
   273                           tosl	equ	0xFFD
   274                           stkptr	equ	0xFFC
   275                           pclatu	equ	0xFFB
   276                           pclath	equ	0xFFA
   277                           pcl	equ	0xFF9
   278                           tblptru	equ	0xFF8
   279                           tblptrh	equ	0xFF7
   280                           tblptrl	equ	0xFF6
   281                           tablat	equ	0xFF5
   282                           prodh	equ	0xFF4
   283                           prodl	equ	0xFF3
   284                           indf0	equ	0xFEF
   285                           postinc0	equ	0xFEE
   286                           postdec0	equ	0xFED
   287                           preinc0	equ	0xFEC
   288                           plusw0	equ	0xFEB
   289                           fsr0h	equ	0xFEA
   290                           fsr0l	equ	0xFE9
   291                           wreg	equ	0xFE8
   292                           indf1	equ	0xFE7
   293                           postinc1	equ	0xFE6
   294                           postdec1	equ	0xFE5
   295                           preinc1	equ	0xFE4
   296                           plusw1	equ	0xFE3
   297                           fsr1h	equ	0xFE2
   298                           fsr1l	equ	0xFE1
   299                           bsr	equ	0xFE0
   300                           indf2	equ	0xFDF
   301                           postinc2	equ	0xFDE
   302                           postdec2	equ	0xFDD
   303                           preinc2	equ	0xFDC
   304                           plusw2	equ	0xFDB
   305                           fsr2h	equ	0xFDA
   306                           fsr2l	equ	0xFD9
   307                           status	equ	0xFD8


Data Sizes:
    Strings     0
    Constant    0
    Data        0
    BSS         0
    Persistent  0
    Stack       0

Auto Spaces:
    Space          Size  Autos    Used
    COMRAM           95      2       2
    BANK0           160      0       0
    BANK1           256      0       0
    BANK2           256      0       0
    BANK3           256      0       0
    BANK4           256      0       0
    BANK5           256      0       0
    BANK6           256      0       0
    BANK7           256      0       0

Pointer List with Targets:

    None.

Critical Paths under _main in COMRAM

    None.

Critical Paths under _main in BANK0

    None.

Critical Paths under _main in BANK1

    None.

Critical Paths under _main in BANK2

    None.

Critical Paths under _main in BANK3

    None.

Critical Paths under _main in BANK4

    None.

Critical Paths under _main in BANK5

    None.

Critical Paths under _main in BANK6

    None.

Critical Paths under _main in BANK7

    None.

Call Graph Tables:

 ---------------------------------------------------------------------------------
 (Depth) Function   	        Calls       Base Space   Used Autos Params    Refs
 ---------------------------------------------------------------------------------
 (0) _main                                                 2     2      0       0
                                              0 COMRAM     2     2      0
                         _initPuerto
 ---------------------------------------------------------------------------------
 (1) _initPuerto                                           0     0      0       0
 ---------------------------------------------------------------------------------
 Estimated maximum stack depth 1
 ---------------------------------------------------------------------------------

 Call Graph Graphs:

 _main (ROOT)
   _initPuerto

 Address spaces:
Name               Size   Autos  Total    Cost      Usage
BITCOMRAM           5F      0       0       0        0.0%
EEDATA             100      0       0       0        0.0%
NULL                 0      0       0       0        0.0%
CODE                 0      0       0       0        0.0%
COMRAM              5F      2       2       1        2.1%
STACK                0      0       0       2        0.0%
DATA                 0      0       0       3        0.0%
BITBANK0            A0      0       0       4        0.0%
BANK0               A0      0       0       5        0.0%
BITBANK1           100      0       0       6        0.0%
BANK1              100      0       0       7        0.0%
BITBANK2           100      0       0       8        0.0%
BANK2              100      0       0       9        0.0%
BITBANK3           100      0       0      10        0.0%
BANK3              100      0       0      11        0.0%
BITBANK4           100      0       0      12        0.0%
BANK4              100      0       0      13        0.0%
BITBANK5           100      0       0      14        0.0%
BANK5              100      0       0      15        0.0%
BITBANK6           100      0       0      16        0.0%
BANK6              100      0       0      17        0.0%
BITBANK7           100      0       0      18        0.0%
BANK7              100      0       0      19        0.0%
ABS                  0      0       0      20        0.0%
BIGRAM             7FF      0       0      21        0.0%
BITSFR               0      0       0     200        0.0%
SFR                  0      0       0     200        0.0%


Microchip Technology PIC18 Macro Assembler V2.10 build 88905656 
Symbol Table                                                                                   Sun Apr 12 16:19:15 2020

                     l37 7FAE                       u17 7FC8                       u27 7FEA  
            __CFG_BORV$3 000000             __CFG_CP0$OFF 000000             __CFG_CP1$OFF 000000  
           __CFG_CP2$OFF 000000             __CFG_CP3$OFF 000000                      l721 7F8C  
                    l731 7FAC                      l723 7FA4                      l725 7FA6  
                    l741 7FBA                      l733 7FB0                      l727 7FA8  
                    l751 7FDA                      l743 7FBC                      l735 7FB4  
                    l729 7FAA                      l753 7FDC                      l745 7FBE  
                    l737 7FB6                      l755 7FDE                      l747 7FD6  
                    l739 7FB8                      l757 7FE0                      l749 7FD8  
           __CFG_CPB$OFF 000000             __CFG_CPD$OFF 000000             __CFG_BOR$OFF 000000  
                    wreg 000FE8             __CFG_FOSC$HS 000000             __CFG_LVP$OFF 000000  
           __CFG_WDT$OFF 000000                     _LATA 000F89                     _LATB 000F8A  
                   _LATC 000F8B                     _LATD 000F8C                     _LATE 000F8D  
           __CFG_PWRT$ON 000000                     _main 7FB0                     start 0000  
          __CFG_IESO$OFF 000000            __CFG_MCLRE$ON 000000             ___param_bank 000000  
          __CFG_PLLDIV$5 000000           __CFG_CCP2MX$ON 000000                    ?_main 0001  
          __CFG_USBDIV$1 000000            __CFG_WRT0$OFF 000000            __CFG_WRT1$OFF 000000  
          __CFG_WRT2$OFF 000000            __CFG_WRT3$OFF 000000           __CFG_EBTR0$OFF 000000  
         __CFG_FCMEN$OFF 000000           __CFG_EBTR1$OFF 000000           __CFG_EBTR2$OFF 000000  
         __CFG_EBTR3$OFF 000000            __CFG_WRTB$OFF 000000            __CFG_WRTC$OFF 000000  
          __CFG_WRTD$OFF 000000           __CFG_EBTRB$OFF 000000           __CFG_ICPRT$OFF 000000  
         __CFG_PBADEN$ON 000000          __initialization 7F86             __end_of_main 8000  
                 ??_main 0001            __activetblptr 000000           __CFG_XINST$OFF 000000  
         __CFG_STVREN$ON 000000               __accesstop 0060  __end_of__initialization 7F86  
          ___rparam_used 000001           __pcstackCOMRAM 0001          __CFG_VREGEN$OFF 000000  
                __Hparam 0000                  __Lparam 0000               _initPuerto 7F8C  
                __pcinit 7F86                  __ramtop 0800                  __ptext0 7FB0  
                __ptext1 7F8C     end_of_initialization 7F86                _PORTAbits 000F80  
              _PORTBbits 000F81                _PORTCbits 000F82                _PORTDbits 000F83  
              _PORTEbits 000F84                _TRISAbits 000F92                _TRISBbits 000F93  
              _TRISCbits 000F94                _TRISDbits 000F95                _TRISEbits 000F96  
            ?_initPuerto 0001      start_initialization 7F86         __CFG_LPT1OSC$OFF 000000  
    __size_of_initPuerto 0024         __CFG_WDTPS$32768 000000               _ADCON1bits 000FC1  
               __Hrparam 0000                 __Lrparam 0000             ??_initPuerto 0001  
     __end_of_initPuerto 7FB0            __size_of_main 0050    __CFG_CPUDIV$OSC1_PLL2 000000  
